2022-01-17 12:08:44,019 - files.py - write 928 bytes to './final_exemplars/glycans_immunogenic/outputs/autokeras/binary_classification/final_autokeras_classification_graph'
2022-01-17 12:08:44,019 - backend.py - run ['dot', '-Kdot', '-Tpdf', '-O', 'final_autokeras_classification_graph']
2022-01-17 12:08:44,588 - files.py - write 4523 bytes to './final_exemplars/glycans_immunogenic/outputs/autokeras/binary_classification/final_autokeras_classification_graph'
2022-01-17 12:08:44,588 - backend.py - run ['dot', '-Kdot', '-Tpdf', '-O', 'final_autokeras_classification_graph']
2022-01-17 12:08:44,968 - files.py - write 30516 bytes to './final_exemplars/glycans_immunogenic/outputs/autokeras/binary_classification/final_autokeras_classification_graph'
2022-01-17 12:08:44,969 - backend.py - run ['dot', '-Kdot', '-Tpdf', '-O', 'final_autokeras_classification_graph']
2022-01-17 12:08:45,604 - files.py - write 4590 bytes to './final_exemplars/glycans_immunogenic/outputs/autokeras/binary_classification/final_autokeras_classification_graph'
2022-01-17 12:08:45,605 - backend.py - run ['dot', '-Kdot', '-Tpdf', '-O', 'final_autokeras_classification_graph']
2022-01-17 12:08:45,943 - files.py - write 4590 bytes to './final_exemplars/glycans_immunogenic/outputs/autokeras/binary_classification/final_autokeras_classification_graph'
2022-01-17 12:08:45,943 - backend.py - run ['dot', '-Kdot', '-Tpdf', '-O', 'final_autokeras_classification_graph']
2022-01-17 12:08:46,291 - files.py - write 4663 bytes to './final_exemplars/glycans_immunogenic/outputs/autokeras/binary_classification/final_autokeras_classification_graph'
2022-01-17 12:08:46,292 - backend.py - run ['dot', '-Kdot', '-Tpdf', '-O', 'final_autokeras_classification_graph']
2022-01-17 12:08:46,647 - files.py - write 4653 bytes to './final_exemplars/glycans_immunogenic/outputs/autokeras/binary_classification/final_autokeras_classification_graph'
2022-01-17 12:08:46,647 - backend.py - run ['dot', '-Kdot', '-Tpdf', '-O', 'final_autokeras_classification_graph']
2022-01-17 12:08:47,012 - files.py - write 4728 bytes to './final_exemplars/glycans_immunogenic/outputs/autokeras/binary_classification/final_autokeras_classification_graph'
2022-01-17 12:08:47,012 - backend.py - run ['dot', '-Kdot', '-Tpdf', '-O', 'final_autokeras_classification_graph']
2022-01-17 14:39:26,019 - connectionpool.py - Starting new HTTPS connection (1): pypi.org:443
2022-01-17 14:39:26,357 - connectionpool.py - https://pypi.org:443 "GET /pypi/tpot/json HTTP/1.1" 301 212
2022-01-17 14:39:26,393 - connectionpool.py - https://pypi.org:443 "GET /pypi/TPOT/json HTTP/1.1" 200 11943
2022-01-17 14:41:50,511 - utils.py - Code block execution exceeded 10 seconds timeout
Traceback (most recent call last):
  File "/anaconda2/envs/automl_py37/lib/python3.7/site-packages/stopit/utils.py", line 145, in wrapper
    result = func(*args, **kwargs)
  File "/anaconda2/envs/automl_py37/lib/python3.7/site-packages/tpot/decorators.py", line 57, in time_limited_call
    func(*args)
  File "/anaconda2/envs/automl_py37/lib/python3.7/site-packages/sklearn/pipeline.py", line 335, in fit
    self._final_estimator.fit(Xt, y, **fit_params_last_step)
  File "/anaconda2/envs/automl_py37/lib/python3.7/site-packages/sklearn/ensemble/_gb.py", line 500, in fit
    sample_weight_val, begin_at_stage, monitor, X_idx_sorted)
  File "/anaconda2/envs/automl_py37/lib/python3.7/site-packages/sklearn/ensemble/_gb.py", line 557, in _fit_stages
    random_state, X_idx_sorted, X_csc, X_csr)
  File "/anaconda2/envs/automl_py37/lib/python3.7/site-packages/sklearn/ensemble/_gb.py", line 212, in _fit_stage
    check_input=False, X_idx_sorted=X_idx_sorted)
  File "/anaconda2/envs/automl_py37/lib/python3.7/site-packages/sklearn/tree/_classes.py", line 1246, in fit
    X_idx_sorted=X_idx_sorted)
  File "/anaconda2/envs/automl_py37/lib/python3.7/site-packages/sklearn/tree/_classes.py", line 375, in fit
    builder.build(self.tree_, X, y, sample_weight, X_idx_sorted)
stopit.utils.TimeoutException
2022-01-17 14:43:17,429 - utils.py - Code block execution exceeded 10 seconds timeout
Traceback (most recent call last):
  File "/anaconda2/envs/automl_py37/lib/python3.7/site-packages/stopit/utils.py", line 145, in wrapper
    result = func(*args, **kwargs)
  File "/anaconda2/envs/automl_py37/lib/python3.7/site-packages/tpot/decorators.py", line 57, in time_limited_call
    func(*args)
  File "/anaconda2/envs/automl_py37/lib/python3.7/site-packages/sklearn/pipeline.py", line 335, in fit
    self._final_estimator.fit(Xt, y, **fit_params_last_step)
  File "/anaconda2/envs/automl_py37/lib/python3.7/site-packages/sklearn/ensemble/_gb.py", line 500, in fit
    sample_weight_val, begin_at_stage, monitor, X_idx_sorted)
  File "/anaconda2/envs/automl_py37/lib/python3.7/site-packages/sklearn/ensemble/_gb.py", line 557, in _fit_stages
    random_state, X_idx_sorted, X_csc, X_csr)
  File "/anaconda2/envs/automl_py37/lib/python3.7/site-packages/sklearn/ensemble/_gb.py", line 212, in _fit_stage
    check_input=False, X_idx_sorted=X_idx_sorted)
  File "/anaconda2/envs/automl_py37/lib/python3.7/site-packages/sklearn/tree/_classes.py", line 1246, in fit
    X_idx_sorted=X_idx_sorted)
  File "/anaconda2/envs/automl_py37/lib/python3.7/site-packages/sklearn/tree/_classes.py", line 375, in fit
    builder.build(self.tree_, X, y, sample_weight, X_idx_sorted)
stopit.utils.TimeoutException
2022-01-17 14:49:06,116 - utils.py - Code block execution exceeded 10 seconds timeout
Traceback (most recent call last):
  File "/anaconda2/envs/automl_py37/lib/python3.7/site-packages/stopit/utils.py", line 145, in wrapper
    result = func(*args, **kwargs)
  File "/anaconda2/envs/automl_py37/lib/python3.7/site-packages/tpot/decorators.py", line 57, in time_limited_call
    func(*args)
  File "/anaconda2/envs/automl_py37/lib/python3.7/site-packages/sklearn/pipeline.py", line 335, in fit
    self._final_estimator.fit(Xt, y, **fit_params_last_step)
  File "/anaconda2/envs/automl_py37/lib/python3.7/site-packages/sklearn/ensemble/_gb.py", line 500, in fit
    sample_weight_val, begin_at_stage, monitor, X_idx_sorted)
  File "/anaconda2/envs/automl_py37/lib/python3.7/site-packages/sklearn/ensemble/_gb.py", line 557, in _fit_stages
    random_state, X_idx_sorted, X_csc, X_csr)
  File "/anaconda2/envs/automl_py37/lib/python3.7/site-packages/sklearn/ensemble/_gb.py", line 212, in _fit_stage
    check_input=False, X_idx_sorted=X_idx_sorted)
  File "/anaconda2/envs/automl_py37/lib/python3.7/site-packages/sklearn/tree/_classes.py", line 1246, in fit
    X_idx_sorted=X_idx_sorted)
  File "/anaconda2/envs/automl_py37/lib/python3.7/site-packages/sklearn/tree/_classes.py", line 375, in fit
    builder.build(self.tree_, X, y, sample_weight, X_idx_sorted)
stopit.utils.TimeoutException
2022-01-17 14:51:15,675 - utils.py - Code block execution exceeded 10 seconds timeout
Traceback (most recent call last):
  File "/anaconda2/envs/automl_py37/lib/python3.7/site-packages/stopit/utils.py", line 145, in wrapper
    result = func(*args, **kwargs)
  File "/anaconda2/envs/automl_py37/lib/python3.7/site-packages/tpot/decorators.py", line 57, in time_limited_call
    func(*args)
  File "/anaconda2/envs/automl_py37/lib/python3.7/site-packages/sklearn/pipeline.py", line 335, in fit
    self._final_estimator.fit(Xt, y, **fit_params_last_step)
  File "/anaconda2/envs/automl_py37/lib/python3.7/site-packages/sklearn/ensemble/_gb.py", line 500, in fit
    sample_weight_val, begin_at_stage, monitor, X_idx_sorted)
  File "/anaconda2/envs/automl_py37/lib/python3.7/site-packages/sklearn/ensemble/_gb.py", line 557, in _fit_stages
    random_state, X_idx_sorted, X_csc, X_csr)
  File "/anaconda2/envs/automl_py37/lib/python3.7/site-packages/sklearn/ensemble/_gb.py", line 212, in _fit_stage
    check_input=False, X_idx_sorted=X_idx_sorted)
  File "/anaconda2/envs/automl_py37/lib/python3.7/site-packages/sklearn/tree/_classes.py", line 1246, in fit
    X_idx_sorted=X_idx_sorted)
  File "/anaconda2/envs/automl_py37/lib/python3.7/site-packages/sklearn/tree/_classes.py", line 375, in fit
    builder.build(self.tree_, X, y, sample_weight, X_idx_sorted)
stopit.utils.TimeoutException
2022-01-17 14:51:29,011 - utils.py - Code block execution exceeded 10 seconds timeout
Traceback (most recent call last):
  File "/anaconda2/envs/automl_py37/lib/python3.7/site-packages/stopit/utils.py", line 145, in wrapper
    result = func(*args, **kwargs)
  File "/anaconda2/envs/automl_py37/lib/python3.7/site-packages/tpot/decorators.py", line 57, in time_limited_call
    func(*args)
  File "/anaconda2/envs/automl_py37/lib/python3.7/site-packages/sklearn/pipeline.py", line 335, in fit
    self._final_estimator.fit(Xt, y, **fit_params_last_step)
  File "/anaconda2/envs/automl_py37/lib/python3.7/site-packages/sklearn/ensemble/_gb.py", line 500, in fit
    sample_weight_val, begin_at_stage, monitor, X_idx_sorted)
  File "/anaconda2/envs/automl_py37/lib/python3.7/site-packages/sklearn/ensemble/_gb.py", line 557, in _fit_stages
    random_state, X_idx_sorted, X_csc, X_csr)
  File "/anaconda2/envs/automl_py37/lib/python3.7/site-packages/sklearn/ensemble/_gb.py", line 212, in _fit_stage
    check_input=False, X_idx_sorted=X_idx_sorted)
  File "/anaconda2/envs/automl_py37/lib/python3.7/site-packages/sklearn/tree/_classes.py", line 1246, in fit
    X_idx_sorted=X_idx_sorted)
  File "/anaconda2/envs/automl_py37/lib/python3.7/site-packages/sklearn/tree/_classes.py", line 375, in fit
    builder.build(self.tree_, X, y, sample_weight, X_idx_sorted)
stopit.utils.TimeoutException
2022-01-17 14:51:39,534 - utils.py - Code block execution exceeded 10 seconds timeout
Traceback (most recent call last):
  File "/anaconda2/envs/automl_py37/lib/python3.7/site-packages/stopit/utils.py", line 145, in wrapper
    result = func(*args, **kwargs)
  File "/anaconda2/envs/automl_py37/lib/python3.7/site-packages/tpot/decorators.py", line 57, in time_limited_call
    func(*args)
  File "/anaconda2/envs/automl_py37/lib/python3.7/site-packages/sklearn/pipeline.py", line 335, in fit
    self._final_estimator.fit(Xt, y, **fit_params_last_step)
  File "/anaconda2/envs/automl_py37/lib/python3.7/site-packages/sklearn/ensemble/_gb.py", line 500, in fit
    sample_weight_val, begin_at_stage, monitor, X_idx_sorted)
  File "/anaconda2/envs/automl_py37/lib/python3.7/site-packages/sklearn/ensemble/_gb.py", line 557, in _fit_stages
    random_state, X_idx_sorted, X_csc, X_csr)
  File "/anaconda2/envs/automl_py37/lib/python3.7/site-packages/sklearn/ensemble/_gb.py", line 212, in _fit_stage
    check_input=False, X_idx_sorted=X_idx_sorted)
  File "/anaconda2/envs/automl_py37/lib/python3.7/site-packages/sklearn/tree/_classes.py", line 1246, in fit
    X_idx_sorted=X_idx_sorted)
  File "/anaconda2/envs/automl_py37/lib/python3.7/site-packages/sklearn/tree/_classes.py", line 375, in fit
    builder.build(self.tree_, X, y, sample_weight, X_idx_sorted)
stopit.utils.TimeoutException
2022-01-17 14:55:42,258 - utils.py - Code block execution exceeded 10 seconds timeout
Traceback (most recent call last):
  File "/anaconda2/envs/automl_py37/lib/python3.7/site-packages/stopit/utils.py", line 145, in wrapper
    result = func(*args, **kwargs)
  File "/anaconda2/envs/automl_py37/lib/python3.7/site-packages/tpot/decorators.py", line 57, in time_limited_call
    func(*args)
  File "/anaconda2/envs/automl_py37/lib/python3.7/site-packages/sklearn/pipeline.py", line 330, in fit
    Xt = self._fit(X, y, **fit_params_steps)
  File "/anaconda2/envs/automl_py37/lib/python3.7/site-packages/sklearn/pipeline.py", line 296, in _fit
    **fit_params_steps[name])
  File "/anaconda2/envs/automl_py37/lib/python3.7/site-packages/joblib/memory.py", line 352, in __call__
    return self.func(*args, **kwargs)
  File "/anaconda2/envs/automl_py37/lib/python3.7/site-packages/sklearn/pipeline.py", line 740, in _fit_transform_one
    res = transformer.fit_transform(X, y, **fit_params)
  File "/anaconda2/envs/automl_py37/lib/python3.7/site-packages/sklearn/base.py", line 693, in fit_transform
    return self.fit(X, y, **fit_params).transform(X)
  File "/anaconda2/envs/automl_py37/lib/python3.7/site-packages/sklearn/feature_selection/_rfe.py", line 151, in fit
    return self._fit(X, y)
  File "/anaconda2/envs/automl_py37/lib/python3.7/site-packages/sklearn/feature_selection/_rfe.py", line 196, in _fit
    estimator.fit(X[:, features], y)
  File "/anaconda2/envs/automl_py37/lib/python3.7/site-packages/sklearn/ensemble/_forest.py", line 392, in fit
    for i, t in enumerate(trees))
  File "/anaconda2/envs/automl_py37/lib/python3.7/site-packages/joblib/parallel.py", line 1044, in __call__
    while self.dispatch_one_batch(iterator):
  File "/anaconda2/envs/automl_py37/lib/python3.7/site-packages/joblib/parallel.py", line 859, in dispatch_one_batch
    self._dispatch(tasks)
  File "/anaconda2/envs/automl_py37/lib/python3.7/site-packages/joblib/parallel.py", line 777, in _dispatch
    job = self._backend.apply_async(batch, callback=cb)
  File "/anaconda2/envs/automl_py37/lib/python3.7/site-packages/joblib/_parallel_backends.py", line 208, in apply_async
    result = ImmediateResult(func)
  File "/anaconda2/envs/automl_py37/lib/python3.7/site-packages/joblib/_parallel_backends.py", line 572, in __init__
    self.results = batch()
  File "/anaconda2/envs/automl_py37/lib/python3.7/site-packages/joblib/parallel.py", line 263, in __call__
    for func, args, kwargs in self.items]
  File "/anaconda2/envs/automl_py37/lib/python3.7/site-packages/joblib/parallel.py", line 263, in <listcomp>
    for func, args, kwargs in self.items]
  File "/anaconda2/envs/automl_py37/lib/python3.7/site-packages/sklearn/ensemble/_forest.py", line 170, in _parallel_build_trees
    tree.fit(X, y, sample_weight=sample_weight, check_input=False)
  File "/anaconda2/envs/automl_py37/lib/python3.7/site-packages/sklearn/tree/_classes.py", line 894, in fit
    X_idx_sorted=X_idx_sorted)
  File "/anaconda2/envs/automl_py37/lib/python3.7/site-packages/sklearn/tree/_classes.py", line 375, in fit
    builder.build(self.tree_, X, y, sample_weight, X_idx_sorted)
stopit.utils.TimeoutException
2022-01-17 15:39:56,551 - utils.py - Code block execution exceeded 10 seconds timeout
Traceback (most recent call last):
  File "/anaconda2/envs/automl_py37/lib/python3.7/site-packages/stopit/utils.py", line 145, in wrapper
    result = func(*args, **kwargs)
  File "/anaconda2/envs/automl_py37/lib/python3.7/site-packages/tpot/decorators.py", line 57, in time_limited_call
    func(*args)
  File "/anaconda2/envs/automl_py37/lib/python3.7/site-packages/sklearn/pipeline.py", line 330, in fit
    Xt = self._fit(X, y, **fit_params_steps)
  File "/anaconda2/envs/automl_py37/lib/python3.7/site-packages/sklearn/pipeline.py", line 296, in _fit
    **fit_params_steps[name])
  File "/anaconda2/envs/automl_py37/lib/python3.7/site-packages/joblib/memory.py", line 352, in __call__
    return self.func(*args, **kwargs)
  File "/anaconda2/envs/automl_py37/lib/python3.7/site-packages/sklearn/pipeline.py", line 740, in _fit_transform_one
    res = transformer.fit_transform(X, y, **fit_params)
  File "/anaconda2/envs/automl_py37/lib/python3.7/site-packages/sklearn/base.py", line 693, in fit_transform
    return self.fit(X, y, **fit_params).transform(X)
  File "/anaconda2/envs/automl_py37/lib/python3.7/site-packages/sklearn/feature_selection/_rfe.py", line 151, in fit
    return self._fit(X, y)
  File "/anaconda2/envs/automl_py37/lib/python3.7/site-packages/sklearn/feature_selection/_rfe.py", line 196, in _fit
    estimator.fit(X[:, features], y)
  File "/anaconda2/envs/automl_py37/lib/python3.7/site-packages/sklearn/ensemble/_forest.py", line 392, in fit
    for i, t in enumerate(trees))
  File "/anaconda2/envs/automl_py37/lib/python3.7/site-packages/joblib/parallel.py", line 1044, in __call__
    while self.dispatch_one_batch(iterator):
  File "/anaconda2/envs/automl_py37/lib/python3.7/site-packages/joblib/parallel.py", line 859, in dispatch_one_batch
    self._dispatch(tasks)
  File "/anaconda2/envs/automl_py37/lib/python3.7/site-packages/joblib/parallel.py", line 777, in _dispatch
    job = self._backend.apply_async(batch, callback=cb)
  File "/anaconda2/envs/automl_py37/lib/python3.7/site-packages/joblib/_parallel_backends.py", line 208, in apply_async
    result = ImmediateResult(func)
  File "/anaconda2/envs/automl_py37/lib/python3.7/site-packages/joblib/_parallel_backends.py", line 572, in __init__
    self.results = batch()
  File "/anaconda2/envs/automl_py37/lib/python3.7/site-packages/joblib/parallel.py", line 263, in __call__
    for func, args, kwargs in self.items]
  File "/anaconda2/envs/automl_py37/lib/python3.7/site-packages/joblib/parallel.py", line 263, in <listcomp>
    for func, args, kwargs in self.items]
  File "/anaconda2/envs/automl_py37/lib/python3.7/site-packages/sklearn/ensemble/_forest.py", line 170, in _parallel_build_trees
    tree.fit(X, y, sample_weight=sample_weight, check_input=False)
  File "/anaconda2/envs/automl_py37/lib/python3.7/site-packages/sklearn/tree/_classes.py", line 894, in fit
    X_idx_sorted=X_idx_sorted)
  File "/anaconda2/envs/automl_py37/lib/python3.7/site-packages/sklearn/tree/_classes.py", line 375, in fit
    builder.build(self.tree_, X, y, sample_weight, X_idx_sorted)
stopit.utils.TimeoutException
