2022-08-23 15:00:42,143 - files.py - write 923 bytes to './final_exemplars/avgfp/outputs/autokeras/regression/final_autokeras_regression_graph'
2022-08-23 15:00:42,144 - backend.py - run ['dot', '-Kdot', '-Tpdf', '-O', 'final_autokeras_regression_graph']
2022-08-23 15:59:14,464 - _base.py - top of axes not in the figure, so title not moved
2022-08-23 15:59:14,472 - _base.py - top of axes not in the figure, so title not moved
2022-08-23 15:59:23,376 - _base.py - top of axes not in the figure, so title not moved
2022-08-23 15:59:23,383 - _base.py - top of axes not in the figure, so title not moved
2022-08-23 15:59:23,405 - _base.py - top of axes not in the figure, so title not moved
2022-08-23 15:59:23,411 - _base.py - top of axes not in the figure, so title not moved
2022-08-23 15:59:23,448 - _base.py - top of axes not in the figure, so title not moved
2022-08-23 15:59:23,454 - _base.py - top of axes not in the figure, so title not moved
2022-08-23 15:59:23,525 - _base.py - top of axes not in the figure, so title not moved
2022-08-23 15:59:23,533 - _base.py - top of axes not in the figure, so title not moved
2022-08-23 17:01:51,832 - _base.py - top of axes not in the figure, so title not moved
2022-08-23 17:01:51,838 - _base.py - top of axes not in the figure, so title not moved
2022-08-23 17:02:00,738 - _base.py - top of axes not in the figure, so title not moved
2022-08-23 17:02:00,746 - _base.py - top of axes not in the figure, so title not moved
2022-08-23 17:02:00,768 - _base.py - top of axes not in the figure, so title not moved
2022-08-23 17:02:00,775 - _base.py - top of axes not in the figure, so title not moved
2022-08-23 17:02:00,817 - _base.py - top of axes not in the figure, so title not moved
2022-08-23 17:02:00,823 - _base.py - top of axes not in the figure, so title not moved
2022-08-23 17:02:00,900 - _base.py - top of axes not in the figure, so title not moved
2022-08-23 17:02:00,909 - _base.py - top of axes not in the figure, so title not moved
2022-08-23 18:10:56,834 - _base.py - top of axes not in the figure, so title not moved
2022-08-23 18:10:56,840 - _base.py - top of axes not in the figure, so title not moved
2022-08-23 18:11:05,765 - _base.py - top of axes not in the figure, so title not moved
2022-08-23 18:11:05,772 - _base.py - top of axes not in the figure, so title not moved
2022-08-23 18:11:05,794 - _base.py - top of axes not in the figure, so title not moved
2022-08-23 18:11:05,800 - _base.py - top of axes not in the figure, so title not moved
2022-08-23 18:11:05,838 - _base.py - top of axes not in the figure, so title not moved
2022-08-23 18:11:05,844 - _base.py - top of axes not in the figure, so title not moved
2022-08-23 18:11:05,923 - _base.py - top of axes not in the figure, so title not moved
2022-08-23 18:11:05,935 - _base.py - top of axes not in the figure, so title not moved
2022-08-23 18:11:06,260 - _base.py - top of axes not in the figure, so title not moved
2022-08-23 18:11:06,266 - _base.py - top of axes not in the figure, so title not moved
2022-08-23 18:11:32,659 - _base.py - top of axes not in the figure, so title not moved
2022-08-23 18:11:32,666 - _base.py - top of axes not in the figure, so title not moved
2022-08-23 18:11:32,692 - _base.py - top of axes not in the figure, so title not moved
2022-08-23 18:11:32,699 - _base.py - top of axes not in the figure, so title not moved
2022-08-23 18:11:32,741 - _base.py - top of axes not in the figure, so title not moved
2022-08-23 18:11:32,747 - _base.py - top of axes not in the figure, so title not moved
2022-08-23 18:11:32,882 - _base.py - top of axes not in the figure, so title not moved
2022-08-23 18:11:32,892 - _base.py - top of axes not in the figure, so title not moved
2022-08-23 18:24:09,954 - _base.py - top of axes not in the figure, so title not moved
2022-08-23 18:24:09,959 - _base.py - top of axes not in the figure, so title not moved
2022-08-23 18:24:18,504 - _base.py - top of axes not in the figure, so title not moved
2022-08-23 18:24:18,517 - _base.py - top of axes not in the figure, so title not moved
2022-08-23 18:24:18,538 - _base.py - top of axes not in the figure, so title not moved
2022-08-23 18:24:18,550 - _base.py - top of axes not in the figure, so title not moved
2022-08-23 18:24:18,600 - _base.py - top of axes not in the figure, so title not moved
2022-08-23 18:24:18,609 - _base.py - top of axes not in the figure, so title not moved
2022-08-23 18:24:18,680 - _base.py - top of axes not in the figure, so title not moved
2022-08-23 18:24:18,700 - _base.py - top of axes not in the figure, so title not moved
2022-08-23 18:37:19,353 - _base.py - top of axes not in the figure, so title not moved
2022-08-23 18:37:19,360 - _base.py - top of axes not in the figure, so title not moved
2022-08-23 18:37:27,993 - _base.py - top of axes not in the figure, so title not moved
2022-08-23 18:37:28,007 - _base.py - top of axes not in the figure, so title not moved
2022-08-23 18:37:28,030 - _base.py - top of axes not in the figure, so title not moved
2022-08-23 18:37:28,042 - _base.py - top of axes not in the figure, so title not moved
2022-08-23 18:37:28,095 - _base.py - top of axes not in the figure, so title not moved
2022-08-23 18:37:28,103 - _base.py - top of axes not in the figure, so title not moved
2022-08-23 18:37:28,178 - _base.py - top of axes not in the figure, so title not moved
2022-08-23 18:37:28,199 - _base.py - top of axes not in the figure, so title not moved
2022-08-23 18:50:50,296 - _base.py - top of axes not in the figure, so title not moved
2022-08-23 18:50:50,302 - _base.py - top of axes not in the figure, so title not moved
2022-08-23 18:50:58,957 - _base.py - top of axes not in the figure, so title not moved
2022-08-23 18:50:58,971 - _base.py - top of axes not in the figure, so title not moved
2022-08-23 18:50:58,993 - _base.py - top of axes not in the figure, so title not moved
2022-08-23 18:50:59,005 - _base.py - top of axes not in the figure, so title not moved
2022-08-23 18:50:59,057 - _base.py - top of axes not in the figure, so title not moved
2022-08-23 18:50:59,066 - _base.py - top of axes not in the figure, so title not moved
2022-08-23 18:50:59,139 - _base.py - top of axes not in the figure, so title not moved
2022-08-23 18:50:59,160 - _base.py - top of axes not in the figure, so title not moved
2022-08-23 18:50:59,520 - _base.py - top of axes not in the figure, so title not moved
2022-08-23 18:50:59,526 - _base.py - top of axes not in the figure, so title not moved
2022-08-23 18:51:25,545 - _base.py - top of axes not in the figure, so title not moved
2022-08-23 18:51:25,563 - _base.py - top of axes not in the figure, so title not moved
2022-08-23 18:51:25,586 - _base.py - top of axes not in the figure, so title not moved
2022-08-23 18:51:25,603 - _base.py - top of axes not in the figure, so title not moved
2022-08-23 18:51:25,668 - _base.py - top of axes not in the figure, so title not moved
2022-08-23 18:51:25,680 - _base.py - top of axes not in the figure, so title not moved
2022-08-23 18:51:25,823 - _base.py - top of axes not in the figure, so title not moved
2022-08-23 18:51:25,852 - _base.py - top of axes not in the figure, so title not moved
2022-08-23 20:02:56,348 - connectionpool.py - Starting new HTTPS connection (1): pypi.org:443
2022-08-23 20:02:56,456 - connectionpool.py - https://pypi.org:443 "GET /pypi/tpot/json HTTP/1.1" 200 11946
2022-08-23 21:08:36,559 - _base.py - top of axes not in the figure, so title not moved
2022-08-23 21:08:36,565 - _base.py - top of axes not in the figure, so title not moved
2022-08-23 21:08:45,402 - _base.py - top of axes not in the figure, so title not moved
2022-08-23 21:08:45,414 - _base.py - top of axes not in the figure, so title not moved
2022-08-23 21:08:45,436 - _base.py - top of axes not in the figure, so title not moved
2022-08-23 21:08:45,447 - _base.py - top of axes not in the figure, so title not moved
2022-08-23 21:08:45,496 - _base.py - top of axes not in the figure, so title not moved
2022-08-23 21:08:45,505 - _base.py - top of axes not in the figure, so title not moved
2022-08-23 21:08:45,579 - _base.py - top of axes not in the figure, so title not moved
2022-08-23 21:08:45,598 - _base.py - top of axes not in the figure, so title not moved
2022-08-23 21:09:05,550 - _base.py - top of axes not in the figure, so title not moved
2022-08-23 21:09:05,556 - _base.py - top of axes not in the figure, so title not moved
2022-08-23 21:09:14,445 - _base.py - top of axes not in the figure, so title not moved
2022-08-23 21:09:14,457 - _base.py - top of axes not in the figure, so title not moved
2022-08-23 21:09:14,479 - _base.py - top of axes not in the figure, so title not moved
2022-08-23 21:09:14,490 - _base.py - top of axes not in the figure, so title not moved
2022-08-23 21:09:14,539 - _base.py - top of axes not in the figure, so title not moved
2022-08-23 21:09:14,548 - _base.py - top of axes not in the figure, so title not moved
2022-08-23 21:09:14,620 - _base.py - top of axes not in the figure, so title not moved
2022-08-23 21:09:14,637 - _base.py - top of axes not in the figure, so title not moved
2022-08-23 21:09:34,605 - _base.py - top of axes not in the figure, so title not moved
2022-08-23 21:09:34,611 - _base.py - top of axes not in the figure, so title not moved
2022-08-23 21:09:43,565 - _base.py - top of axes not in the figure, so title not moved
2022-08-23 21:09:43,577 - _base.py - top of axes not in the figure, so title not moved
2022-08-23 21:09:43,601 - _base.py - top of axes not in the figure, so title not moved
2022-08-23 21:09:43,612 - _base.py - top of axes not in the figure, so title not moved
2022-08-23 21:09:43,660 - _base.py - top of axes not in the figure, so title not moved
2022-08-23 21:09:43,668 - _base.py - top of axes not in the figure, so title not moved
2022-08-23 21:09:43,740 - _base.py - top of axes not in the figure, so title not moved
2022-08-23 21:09:43,757 - _base.py - top of axes not in the figure, so title not moved
2022-08-23 21:09:44,052 - _base.py - top of axes not in the figure, so title not moved
2022-08-23 21:09:44,058 - _base.py - top of axes not in the figure, so title not moved
2022-08-23 21:10:10,074 - _base.py - top of axes not in the figure, so title not moved
2022-08-23 21:10:10,090 - _base.py - top of axes not in the figure, so title not moved
2022-08-23 21:10:10,112 - _base.py - top of axes not in the figure, so title not moved
2022-08-23 21:10:10,126 - _base.py - top of axes not in the figure, so title not moved
2022-08-23 21:10:10,186 - _base.py - top of axes not in the figure, so title not moved
2022-08-23 21:10:10,196 - _base.py - top of axes not in the figure, so title not moved
2022-08-23 21:10:10,331 - _base.py - top of axes not in the figure, so title not moved
2022-08-23 21:10:10,355 - _base.py - top of axes not in the figure, so title not moved
2022-08-23 21:10:32,806 - _base.py - top of axes not in the figure, so title not moved
2022-08-23 21:10:32,812 - _base.py - top of axes not in the figure, so title not moved
2022-08-23 21:10:41,294 - _base.py - top of axes not in the figure, so title not moved
2022-08-23 21:10:41,308 - _base.py - top of axes not in the figure, so title not moved
2022-08-23 21:10:41,329 - _base.py - top of axes not in the figure, so title not moved
2022-08-23 21:10:41,341 - _base.py - top of axes not in the figure, so title not moved
2022-08-23 21:10:41,392 - _base.py - top of axes not in the figure, so title not moved
2022-08-23 21:10:41,401 - _base.py - top of axes not in the figure, so title not moved
2022-08-23 21:10:41,470 - _base.py - top of axes not in the figure, so title not moved
2022-08-23 21:10:41,492 - _base.py - top of axes not in the figure, so title not moved
2022-08-23 21:11:03,466 - _base.py - top of axes not in the figure, so title not moved
2022-08-23 21:11:03,471 - _base.py - top of axes not in the figure, so title not moved
2022-08-23 21:11:11,999 - _base.py - top of axes not in the figure, so title not moved
2022-08-23 21:11:12,012 - _base.py - top of axes not in the figure, so title not moved
2022-08-23 21:11:12,033 - _base.py - top of axes not in the figure, so title not moved
2022-08-23 21:11:12,045 - _base.py - top of axes not in the figure, so title not moved
2022-08-23 21:11:12,096 - _base.py - top of axes not in the figure, so title not moved
2022-08-23 21:11:12,105 - _base.py - top of axes not in the figure, so title not moved
2022-08-23 21:11:12,176 - _base.py - top of axes not in the figure, so title not moved
2022-08-23 21:11:12,197 - _base.py - top of axes not in the figure, so title not moved
2022-08-23 21:11:34,267 - _base.py - top of axes not in the figure, so title not moved
2022-08-23 21:11:34,273 - _base.py - top of axes not in the figure, so title not moved
2022-08-23 21:11:43,013 - _base.py - top of axes not in the figure, so title not moved
2022-08-23 21:11:43,027 - _base.py - top of axes not in the figure, so title not moved
2022-08-23 21:11:43,048 - _base.py - top of axes not in the figure, so title not moved
2022-08-23 21:11:43,061 - _base.py - top of axes not in the figure, so title not moved
2022-08-23 21:11:43,113 - _base.py - top of axes not in the figure, so title not moved
2022-08-23 21:11:43,122 - _base.py - top of axes not in the figure, so title not moved
2022-08-23 21:11:43,194 - _base.py - top of axes not in the figure, so title not moved
2022-08-23 21:11:43,218 - _base.py - top of axes not in the figure, so title not moved
2022-08-23 21:11:43,560 - _base.py - top of axes not in the figure, so title not moved
2022-08-23 21:11:43,566 - _base.py - top of axes not in the figure, so title not moved
2022-08-23 21:12:09,047 - _base.py - top of axes not in the figure, so title not moved
2022-08-23 21:12:09,065 - _base.py - top of axes not in the figure, so title not moved
2022-08-23 21:12:09,086 - _base.py - top of axes not in the figure, so title not moved
2022-08-23 21:12:09,102 - _base.py - top of axes not in the figure, so title not moved
2022-08-23 21:12:09,163 - _base.py - top of axes not in the figure, so title not moved
2022-08-23 21:12:09,174 - _base.py - top of axes not in the figure, so title not moved
2022-08-23 21:12:09,309 - _base.py - top of axes not in the figure, so title not moved
2022-08-23 21:12:09,336 - _base.py - top of axes not in the figure, so title not moved
2022-08-23 21:12:45,153 - _base.py - top of axes not in the figure, so title not moved
2022-08-23 21:12:45,167 - _base.py - top of axes not in the figure, so title not moved
2022-08-23 21:12:45,282 - _base.py - top of axes not in the figure, so title not moved
2022-08-23 21:12:45,298 - _base.py - top of axes not in the figure, so title not moved
2022-08-23 21:12:45,432 - _base.py - top of axes not in the figure, so title not moved
2022-08-23 21:12:45,443 - _base.py - top of axes not in the figure, so title not moved
2022-08-23 21:12:45,563 - _base.py - top of axes not in the figure, so title not moved
2022-08-23 21:12:45,574 - _base.py - top of axes not in the figure, so title not moved
2022-08-23 21:12:45,707 - _base.py - top of axes not in the figure, so title not moved
2022-08-23 21:12:45,728 - _base.py - top of axes not in the figure, so title not moved
2022-08-23 21:12:45,850 - _base.py - top of axes not in the figure, so title not moved
2022-08-23 21:12:45,873 - _base.py - top of axes not in the figure, so title not moved
2022-08-23 21:12:45,983 - _base.py - top of axes not in the figure, so title not moved
2022-08-23 21:12:46,009 - _base.py - top of axes not in the figure, so title not moved
2022-08-23 21:12:46,147 - _base.py - top of axes not in the figure, so title not moved
2022-08-23 21:12:46,178 - _base.py - top of axes not in the figure, so title not moved
2022-08-23 21:12:46,283 - _base.py - top of axes not in the figure, so title not moved
2022-08-23 21:12:46,294 - _base.py - top of axes not in the figure, so title not moved
2022-08-23 21:12:46,391 - _base.py - top of axes not in the figure, so title not moved
2022-08-23 21:12:46,401 - _base.py - top of axes not in the figure, so title not moved
2022-08-23 21:12:46,496 - _base.py - top of axes not in the figure, so title not moved
2022-08-23 21:12:46,506 - _base.py - top of axes not in the figure, so title not moved
2022-08-23 21:12:46,618 - _base.py - top of axes not in the figure, so title not moved
2022-08-23 21:12:46,629 - _base.py - top of axes not in the figure, so title not moved
2022-08-23 21:12:46,726 - _base.py - top of axes not in the figure, so title not moved
2022-08-23 21:12:46,747 - _base.py - top of axes not in the figure, so title not moved
2022-08-23 21:12:46,845 - _base.py - top of axes not in the figure, so title not moved
2022-08-23 21:12:46,865 - _base.py - top of axes not in the figure, so title not moved
2022-08-23 21:12:46,958 - _base.py - top of axes not in the figure, so title not moved
2022-08-23 21:12:46,980 - _base.py - top of axes not in the figure, so title not moved
2022-08-23 21:12:47,111 - _base.py - top of axes not in the figure, so title not moved
2022-08-23 21:12:47,141 - _base.py - top of axes not in the figure, so title not moved
2022-08-23 21:12:47,229 - _base.py - top of axes not in the figure, so title not moved
2022-08-23 21:12:47,247 - _base.py - top of axes not in the figure, so title not moved
2022-08-23 21:12:47,319 - _base.py - top of axes not in the figure, so title not moved
2022-08-23 21:12:47,336 - _base.py - top of axes not in the figure, so title not moved
2022-08-23 21:12:47,409 - _base.py - top of axes not in the figure, so title not moved
2022-08-23 21:12:47,426 - _base.py - top of axes not in the figure, so title not moved
2022-08-23 21:12:47,511 - _base.py - top of axes not in the figure, so title not moved
2022-08-23 21:12:47,535 - _base.py - top of axes not in the figure, so title not moved
2022-08-23 21:12:47,615 - _base.py - top of axes not in the figure, so title not moved
2022-08-23 21:12:47,639 - _base.py - top of axes not in the figure, so title not moved
2022-08-23 21:12:47,718 - _base.py - top of axes not in the figure, so title not moved
2022-08-23 21:12:47,738 - _base.py - top of axes not in the figure, so title not moved
2022-08-23 21:12:47,811 - _base.py - top of axes not in the figure, so title not moved
2022-08-23 21:12:47,831 - _base.py - top of axes not in the figure, so title not moved
2022-08-23 21:12:47,915 - _base.py - top of axes not in the figure, so title not moved
2022-08-23 21:12:47,942 - _base.py - top of axes not in the figure, so title not moved
