2022-08-20 21:56:34,922 - files.py - write 923 bytes to './final_exemplars/flip_longer_protein/outputs/autokeras/regression/final_autokeras_regression_graph'
2022-08-20 21:56:34,926 - backend.py - run ['dot', '-Kdot', '-Tpdf', '-O', 'final_autokeras_regression_graph']
2022-08-21 01:02:39,988 - _base.py - top of axes not in the figure, so title not moved
2022-08-21 01:02:39,994 - _base.py - top of axes not in the figure, so title not moved
2022-08-21 01:02:51,003 - _base.py - top of axes not in the figure, so title not moved
2022-08-21 01:02:51,011 - _base.py - top of axes not in the figure, so title not moved
2022-08-21 01:02:51,037 - _base.py - top of axes not in the figure, so title not moved
2022-08-21 01:02:51,044 - _base.py - top of axes not in the figure, so title not moved
2022-08-21 01:02:51,093 - _base.py - top of axes not in the figure, so title not moved
2022-08-21 01:02:51,100 - _base.py - top of axes not in the figure, so title not moved
2022-08-21 01:02:51,185 - _base.py - top of axes not in the figure, so title not moved
2022-08-21 01:02:51,197 - _base.py - top of axes not in the figure, so title not moved
2022-08-21 04:06:51,113 - _base.py - top of axes not in the figure, so title not moved
2022-08-21 04:06:51,119 - _base.py - top of axes not in the figure, so title not moved
2022-08-21 04:07:01,853 - _base.py - top of axes not in the figure, so title not moved
2022-08-21 04:07:01,861 - _base.py - top of axes not in the figure, so title not moved
2022-08-21 04:07:01,885 - _base.py - top of axes not in the figure, so title not moved
2022-08-21 04:07:01,893 - _base.py - top of axes not in the figure, so title not moved
2022-08-21 04:07:01,944 - _base.py - top of axes not in the figure, so title not moved
2022-08-21 04:07:01,951 - _base.py - top of axes not in the figure, so title not moved
2022-08-21 04:07:02,039 - _base.py - top of axes not in the figure, so title not moved
2022-08-21 04:07:02,052 - _base.py - top of axes not in the figure, so title not moved
2022-08-21 07:11:47,369 - _base.py - top of axes not in the figure, so title not moved
2022-08-21 07:11:47,375 - _base.py - top of axes not in the figure, so title not moved
2022-08-21 07:11:58,344 - _base.py - top of axes not in the figure, so title not moved
2022-08-21 07:11:58,352 - _base.py - top of axes not in the figure, so title not moved
2022-08-21 07:11:58,378 - _base.py - top of axes not in the figure, so title not moved
2022-08-21 07:11:58,385 - _base.py - top of axes not in the figure, so title not moved
2022-08-21 07:11:58,437 - _base.py - top of axes not in the figure, so title not moved
2022-08-21 07:11:58,443 - _base.py - top of axes not in the figure, so title not moved
2022-08-21 07:11:58,533 - _base.py - top of axes not in the figure, so title not moved
2022-08-21 07:11:58,545 - _base.py - top of axes not in the figure, so title not moved
2022-08-21 07:11:59,059 - _base.py - top of axes not in the figure, so title not moved
2022-08-21 07:11:59,064 - _base.py - top of axes not in the figure, so title not moved
2022-08-21 07:12:38,265 - _base.py - top of axes not in the figure, so title not moved
2022-08-21 07:12:38,278 - _base.py - top of axes not in the figure, so title not moved
2022-08-21 07:12:38,313 - _base.py - top of axes not in the figure, so title not moved
2022-08-21 07:12:38,325 - _base.py - top of axes not in the figure, so title not moved
2022-08-21 07:12:38,409 - _base.py - top of axes not in the figure, so title not moved
2022-08-21 07:12:38,418 - _base.py - top of axes not in the figure, so title not moved
2022-08-21 07:12:38,616 - _base.py - top of axes not in the figure, so title not moved
2022-08-21 07:12:38,634 - _base.py - top of axes not in the figure, so title not moved
2022-08-21 07:45:10,472 - _base.py - top of axes not in the figure, so title not moved
2022-08-21 07:45:10,479 - _base.py - top of axes not in the figure, so title not moved
2022-08-21 07:45:21,138 - _base.py - top of axes not in the figure, so title not moved
2022-08-21 07:45:21,152 - _base.py - top of axes not in the figure, so title not moved
2022-08-21 07:45:21,178 - _base.py - top of axes not in the figure, so title not moved
2022-08-21 07:45:21,191 - _base.py - top of axes not in the figure, so title not moved
2022-08-21 07:45:21,253 - _base.py - top of axes not in the figure, so title not moved
2022-08-21 07:45:21,262 - _base.py - top of axes not in the figure, so title not moved
2022-08-21 07:45:21,354 - _base.py - top of axes not in the figure, so title not moved
2022-08-21 07:45:21,376 - _base.py - top of axes not in the figure, so title not moved
2022-08-21 08:17:18,113 - _base.py - top of axes not in the figure, so title not moved
2022-08-21 08:17:18,119 - _base.py - top of axes not in the figure, so title not moved
2022-08-21 08:17:28,775 - _base.py - top of axes not in the figure, so title not moved
2022-08-21 08:17:28,788 - _base.py - top of axes not in the figure, so title not moved
2022-08-21 08:17:28,813 - _base.py - top of axes not in the figure, so title not moved
2022-08-21 08:17:28,825 - _base.py - top of axes not in the figure, so title not moved
2022-08-21 08:17:28,885 - _base.py - top of axes not in the figure, so title not moved
2022-08-21 08:17:28,894 - _base.py - top of axes not in the figure, so title not moved
2022-08-21 08:17:28,983 - _base.py - top of axes not in the figure, so title not moved
2022-08-21 08:17:29,004 - _base.py - top of axes not in the figure, so title not moved
2022-08-21 08:48:32,010 - _base.py - top of axes not in the figure, so title not moved
2022-08-21 08:48:32,016 - _base.py - top of axes not in the figure, so title not moved
2022-08-21 08:48:42,844 - _base.py - top of axes not in the figure, so title not moved
2022-08-21 08:48:42,859 - _base.py - top of axes not in the figure, so title not moved
2022-08-21 08:48:42,884 - _base.py - top of axes not in the figure, so title not moved
2022-08-21 08:48:42,897 - _base.py - top of axes not in the figure, so title not moved
2022-08-21 08:48:42,962 - _base.py - top of axes not in the figure, so title not moved
2022-08-21 08:48:42,972 - _base.py - top of axes not in the figure, so title not moved
2022-08-21 08:48:43,063 - _base.py - top of axes not in the figure, so title not moved
2022-08-21 08:48:43,086 - _base.py - top of axes not in the figure, so title not moved
2022-08-21 08:48:43,603 - _base.py - top of axes not in the figure, so title not moved
2022-08-21 08:48:43,608 - _base.py - top of axes not in the figure, so title not moved
2022-08-21 08:49:23,874 - _base.py - top of axes not in the figure, so title not moved
2022-08-21 08:49:23,903 - _base.py - top of axes not in the figure, so title not moved
2022-08-21 08:49:23,942 - _base.py - top of axes not in the figure, so title not moved
2022-08-21 08:49:23,965 - _base.py - top of axes not in the figure, so title not moved
2022-08-21 08:49:24,077 - _base.py - top of axes not in the figure, so title not moved
2022-08-21 08:49:24,092 - _base.py - top of axes not in the figure, so title not moved
2022-08-21 08:49:24,295 - _base.py - top of axes not in the figure, so title not moved
2022-08-21 08:49:24,333 - _base.py - top of axes not in the figure, so title not moved
2022-08-21 12:29:13,413 - connectionpool.py - Starting new HTTPS connection (1): pypi.org:443
2022-08-21 12:29:13,560 - connectionpool.py - https://pypi.org:443 "GET /pypi/tpot/json HTTP/1.1" 200 11946
2022-08-21 13:18:13,987 - utils.py - Code block execution exceeded 10 seconds timeout
Traceback (most recent call last):
  File "/anaconda2/envs/automl_py37/lib/python3.7/site-packages/stopit/utils.py", line 145, in wrapper
    result = func(*args, **kwargs)
  File "/anaconda2/envs/automl_py37/lib/python3.7/site-packages/tpot/decorators.py", line 57, in time_limited_call
    func(*args)
  File "/anaconda2/envs/automl_py37/lib/python3.7/site-packages/sklearn/pipeline.py", line 330, in fit
    Xt = self._fit(X, y, **fit_params_steps)
  File "/anaconda2/envs/automl_py37/lib/python3.7/site-packages/sklearn/pipeline.py", line 296, in _fit
    **fit_params_steps[name])
  File "/anaconda2/envs/automl_py37/lib/python3.7/site-packages/joblib/memory.py", line 352, in __call__
    return self.func(*args, **kwargs)
  File "/anaconda2/envs/automl_py37/lib/python3.7/site-packages/sklearn/pipeline.py", line 740, in _fit_transform_one
    res = transformer.fit_transform(X, y, **fit_params)
  File "/anaconda2/envs/automl_py37/lib/python3.7/site-packages/sklearn/base.py", line 693, in fit_transform
    return self.fit(X, y, **fit_params).transform(X)
  File "/anaconda2/envs/automl_py37/lib/python3.7/site-packages/tpot/builtins/stacking_estimator.py", line 67, in fit
    self.estimator.fit(X, y, **fit_params)
  File "/anaconda2/envs/automl_py37/lib/python3.7/site-packages/xgboost/core.py", line 436, in inner_f
    return f(**kwargs)
  File "/anaconda2/envs/automl_py37/lib/python3.7/site-packages/xgboost/sklearn.py", line 747, in fit
    callbacks=callbacks,
  File "/anaconda2/envs/automl_py37/lib/python3.7/site-packages/xgboost/training.py", line 197, in train
    early_stopping_rounds=early_stopping_rounds)
  File "/anaconda2/envs/automl_py37/lib/python3.7/site-packages/xgboost/training.py", line 81, in _train_internal
    bst.update(dtrain, i, obj)
  File "/anaconda2/envs/automl_py37/lib/python3.7/site-packages/xgboost/core.py", line 1501, in update
    dtrain.handle))
stopit.utils.TimeoutException
2022-08-21 13:18:26,557 - utils.py - Code block execution exceeded 10 seconds timeout
Traceback (most recent call last):
  File "/anaconda2/envs/automl_py37/lib/python3.7/site-packages/stopit/utils.py", line 145, in wrapper
    result = func(*args, **kwargs)
  File "/anaconda2/envs/automl_py37/lib/python3.7/site-packages/tpot/decorators.py", line 57, in time_limited_call
    func(*args)
  File "/anaconda2/envs/automl_py37/lib/python3.7/site-packages/sklearn/pipeline.py", line 335, in fit
    self._final_estimator.fit(Xt, y, **fit_params_last_step)
  File "/anaconda2/envs/automl_py37/lib/python3.7/site-packages/sklearn/ensemble/_weight_boosting.py", line 1007, in fit
    return super().fit(X, y, sample_weight)
  File "/anaconda2/envs/automl_py37/lib/python3.7/site-packages/sklearn/ensemble/_weight_boosting.py", line 134, in fit
    random_state)
  File "/anaconda2/envs/automl_py37/lib/python3.7/site-packages/sklearn/ensemble/_weight_boosting.py", line 1068, in _boost
    estimator.fit(X_, y_)
  File "/anaconda2/envs/automl_py37/lib/python3.7/site-packages/sklearn/tree/_classes.py", line 1246, in fit
    X_idx_sorted=X_idx_sorted)
  File "/anaconda2/envs/automl_py37/lib/python3.7/site-packages/sklearn/tree/_classes.py", line 375, in fit
    builder.build(self.tree_, X, y, sample_weight, X_idx_sorted)
stopit.utils.TimeoutException
2022-08-21 13:24:12,047 - _base.py - top of axes not in the figure, so title not moved
2022-08-21 13:24:12,114 - _base.py - top of axes not in the figure, so title not moved
2022-08-21 13:24:23,873 - _base.py - top of axes not in the figure, so title not moved
2022-08-21 13:24:23,887 - _base.py - top of axes not in the figure, so title not moved
2022-08-21 13:24:23,914 - _base.py - top of axes not in the figure, so title not moved
2022-08-21 13:24:23,926 - _base.py - top of axes not in the figure, so title not moved
2022-08-21 13:24:23,991 - _base.py - top of axes not in the figure, so title not moved
2022-08-21 13:24:24,000 - _base.py - top of axes not in the figure, so title not moved
2022-08-21 13:24:24,093 - _base.py - top of axes not in the figure, so title not moved
2022-08-21 13:24:24,115 - _base.py - top of axes not in the figure, so title not moved
2022-08-21 13:24:30,265 - _base.py - top of axes not in the figure, so title not moved
2022-08-21 13:24:30,270 - _base.py - top of axes not in the figure, so title not moved
2022-08-21 13:24:41,496 - _base.py - top of axes not in the figure, so title not moved
2022-08-21 13:24:41,512 - _base.py - top of axes not in the figure, so title not moved
2022-08-21 13:24:41,538 - _base.py - top of axes not in the figure, so title not moved
2022-08-21 13:24:41,551 - _base.py - top of axes not in the figure, so title not moved
2022-08-21 13:24:41,610 - _base.py - top of axes not in the figure, so title not moved
2022-08-21 13:24:41,619 - _base.py - top of axes not in the figure, so title not moved
2022-08-21 13:24:41,701 - _base.py - top of axes not in the figure, so title not moved
2022-08-21 13:24:41,723 - _base.py - top of axes not in the figure, so title not moved
2022-08-21 13:24:47,878 - _base.py - top of axes not in the figure, so title not moved
2022-08-21 13:24:47,883 - _base.py - top of axes not in the figure, so title not moved
2022-08-21 13:25:00,395 - _base.py - top of axes not in the figure, so title not moved
2022-08-21 13:25:00,408 - _base.py - top of axes not in the figure, so title not moved
2022-08-21 13:25:00,434 - _base.py - top of axes not in the figure, so title not moved
2022-08-21 13:25:00,446 - _base.py - top of axes not in the figure, so title not moved
2022-08-21 13:25:00,505 - _base.py - top of axes not in the figure, so title not moved
2022-08-21 13:25:00,514 - _base.py - top of axes not in the figure, so title not moved
2022-08-21 13:25:00,596 - _base.py - top of axes not in the figure, so title not moved
2022-08-21 13:25:00,616 - _base.py - top of axes not in the figure, so title not moved
2022-08-21 13:25:00,979 - _base.py - top of axes not in the figure, so title not moved
2022-08-21 13:25:00,985 - _base.py - top of axes not in the figure, so title not moved
2022-08-21 13:25:55,140 - _base.py - top of axes not in the figure, so title not moved
2022-08-21 13:25:55,175 - _base.py - top of axes not in the figure, so title not moved
2022-08-21 13:25:55,231 - _base.py - top of axes not in the figure, so title not moved
2022-08-21 13:25:55,263 - _base.py - top of axes not in the figure, so title not moved
2022-08-21 13:25:55,413 - _base.py - top of axes not in the figure, so title not moved
2022-08-21 13:25:55,435 - _base.py - top of axes not in the figure, so title not moved
2022-08-21 13:25:55,748 - _base.py - top of axes not in the figure, so title not moved
2022-08-21 13:25:55,803 - _base.py - top of axes not in the figure, so title not moved
2022-08-21 13:26:13,493 - _base.py - top of axes not in the figure, so title not moved
2022-08-21 13:26:13,499 - _base.py - top of axes not in the figure, so title not moved
2022-08-21 13:26:24,259 - _base.py - top of axes not in the figure, so title not moved
2022-08-21 13:26:24,273 - _base.py - top of axes not in the figure, so title not moved
2022-08-21 13:26:24,299 - _base.py - top of axes not in the figure, so title not moved
2022-08-21 13:26:24,311 - _base.py - top of axes not in the figure, so title not moved
2022-08-21 13:26:24,375 - _base.py - top of axes not in the figure, so title not moved
2022-08-21 13:26:24,384 - _base.py - top of axes not in the figure, so title not moved
2022-08-21 13:26:24,468 - _base.py - top of axes not in the figure, so title not moved
2022-08-21 13:26:24,489 - _base.py - top of axes not in the figure, so title not moved
2022-08-21 13:26:37,376 - _base.py - top of axes not in the figure, so title not moved
2022-08-21 13:26:37,381 - _base.py - top of axes not in the figure, so title not moved
2022-08-21 13:26:48,020 - _base.py - top of axes not in the figure, so title not moved
2022-08-21 13:26:48,033 - _base.py - top of axes not in the figure, so title not moved
2022-08-21 13:26:48,057 - _base.py - top of axes not in the figure, so title not moved
2022-08-21 13:26:48,069 - _base.py - top of axes not in the figure, so title not moved
2022-08-21 13:26:48,129 - _base.py - top of axes not in the figure, so title not moved
2022-08-21 13:26:48,137 - _base.py - top of axes not in the figure, so title not moved
2022-08-21 13:26:48,218 - _base.py - top of axes not in the figure, so title not moved
2022-08-21 13:26:48,239 - _base.py - top of axes not in the figure, so title not moved
2022-08-21 13:27:01,183 - _base.py - top of axes not in the figure, so title not moved
2022-08-21 13:27:01,189 - _base.py - top of axes not in the figure, so title not moved
2022-08-21 13:27:11,777 - _base.py - top of axes not in the figure, so title not moved
2022-08-21 13:27:11,790 - _base.py - top of axes not in the figure, so title not moved
2022-08-21 13:27:11,816 - _base.py - top of axes not in the figure, so title not moved
2022-08-21 13:27:11,828 - _base.py - top of axes not in the figure, so title not moved
2022-08-21 13:27:11,889 - _base.py - top of axes not in the figure, so title not moved
2022-08-21 13:27:11,898 - _base.py - top of axes not in the figure, so title not moved
2022-08-21 13:27:11,980 - _base.py - top of axes not in the figure, so title not moved
2022-08-21 13:27:12,002 - _base.py - top of axes not in the figure, so title not moved
2022-08-21 13:27:12,402 - _base.py - top of axes not in the figure, so title not moved
2022-08-21 13:27:12,407 - _base.py - top of axes not in the figure, so title not moved
2022-08-21 13:28:02,901 - _base.py - top of axes not in the figure, so title not moved
2022-08-21 13:28:02,936 - _base.py - top of axes not in the figure, so title not moved
2022-08-21 13:28:02,987 - _base.py - top of axes not in the figure, so title not moved
2022-08-21 13:28:03,019 - _base.py - top of axes not in the figure, so title not moved
2022-08-21 13:28:03,164 - _base.py - top of axes not in the figure, so title not moved
2022-08-21 13:28:03,185 - _base.py - top of axes not in the figure, so title not moved
2022-08-21 13:28:03,485 - _base.py - top of axes not in the figure, so title not moved
2022-08-21 13:28:03,539 - _base.py - top of axes not in the figure, so title not moved
2022-08-21 13:28:35,330 - _base.py - top of axes not in the figure, so title not moved
2022-08-21 13:28:35,355 - _base.py - top of axes not in the figure, so title not moved
2022-08-21 13:28:35,464 - _base.py - top of axes not in the figure, so title not moved
2022-08-21 13:28:35,491 - _base.py - top of axes not in the figure, so title not moved
2022-08-21 13:28:35,635 - _base.py - top of axes not in the figure, so title not moved
2022-08-21 13:28:35,660 - _base.py - top of axes not in the figure, so title not moved
2022-08-21 13:28:35,830 - _base.py - top of axes not in the figure, so title not moved
2022-08-21 13:28:35,865 - _base.py - top of axes not in the figure, so title not moved
2022-08-21 13:28:35,991 - _base.py - top of axes not in the figure, so title not moved
2022-08-21 13:28:36,023 - _base.py - top of axes not in the figure, so title not moved
2022-08-21 13:28:36,161 - _base.py - top of axes not in the figure, so title not moved
2022-08-21 13:28:36,186 - _base.py - top of axes not in the figure, so title not moved
2022-08-21 13:28:36,314 - _base.py - top of axes not in the figure, so title not moved
2022-08-21 13:28:36,344 - _base.py - top of axes not in the figure, so title not moved
2022-08-21 13:28:36,486 - _base.py - top of axes not in the figure, so title not moved
2022-08-21 13:28:36,521 - _base.py - top of axes not in the figure, so title not moved
2022-08-21 13:28:36,637 - _base.py - top of axes not in the figure, so title not moved
2022-08-21 13:28:36,649 - _base.py - top of axes not in the figure, so title not moved
2022-08-21 13:28:36,767 - _base.py - top of axes not in the figure, so title not moved
2022-08-21 13:28:36,788 - _base.py - top of axes not in the figure, so title not moved
2022-08-21 13:28:36,902 - _base.py - top of axes not in the figure, so title not moved
2022-08-21 13:28:36,914 - _base.py - top of axes not in the figure, so title not moved
2022-08-21 13:28:37,045 - _base.py - top of axes not in the figure, so title not moved
2022-08-21 13:28:37,059 - _base.py - top of axes not in the figure, so title not moved
2022-08-21 13:28:37,167 - _base.py - top of axes not in the figure, so title not moved
2022-08-21 13:28:37,189 - _base.py - top of axes not in the figure, so title not moved
2022-08-21 13:28:37,286 - _base.py - top of axes not in the figure, so title not moved
2022-08-21 13:28:37,308 - _base.py - top of axes not in the figure, so title not moved
2022-08-21 13:28:37,405 - _base.py - top of axes not in the figure, so title not moved
2022-08-21 13:28:37,429 - _base.py - top of axes not in the figure, so title not moved
2022-08-21 13:28:37,559 - _base.py - top of axes not in the figure, so title not moved
2022-08-21 13:28:37,592 - _base.py - top of axes not in the figure, so title not moved
2022-08-21 13:28:37,693 - _base.py - top of axes not in the figure, so title not moved
2022-08-21 13:28:37,712 - _base.py - top of axes not in the figure, so title not moved
2022-08-21 13:28:37,789 - _base.py - top of axes not in the figure, so title not moved
2022-08-21 13:28:37,810 - _base.py - top of axes not in the figure, so title not moved
2022-08-21 13:28:37,890 - _base.py - top of axes not in the figure, so title not moved
2022-08-21 13:28:37,909 - _base.py - top of axes not in the figure, so title not moved
2022-08-21 13:28:38,005 - _base.py - top of axes not in the figure, so title not moved
2022-08-21 13:28:38,033 - _base.py - top of axes not in the figure, so title not moved
2022-08-21 13:28:38,116 - _base.py - top of axes not in the figure, so title not moved
2022-08-21 13:28:38,136 - _base.py - top of axes not in the figure, so title not moved
2022-08-21 13:28:38,215 - _base.py - top of axes not in the figure, so title not moved
2022-08-21 13:28:38,234 - _base.py - top of axes not in the figure, so title not moved
2022-08-21 13:28:38,312 - _base.py - top of axes not in the figure, so title not moved
2022-08-21 13:28:38,333 - _base.py - top of axes not in the figure, so title not moved
2022-08-21 13:28:38,431 - _base.py - top of axes not in the figure, so title not moved
2022-08-21 13:28:38,458 - _base.py - top of axes not in the figure, so title not moved
