2023-01-30 00:06:19,305 - files.py - write 911 bytes to './exemplars/90perc_toeholds/outputs/autokeras/binary_classification/final_autokeras_classification_graph'
2023-01-30 00:06:19,305 - backend.py - run ['dot', '-Kdot', '-Tpdf', '-O', 'final_autokeras_classification_graph']
2023-01-30 00:06:19,845 - files.py - write 4424 bytes to './exemplars/90perc_toeholds/outputs/autokeras/binary_classification/final_autokeras_classification_graph'
2023-01-30 00:06:19,845 - backend.py - run ['dot', '-Kdot', '-Tpdf', '-O', 'final_autokeras_classification_graph']
2023-01-30 01:04:37,061 - connectionpool.py - Starting new HTTPS connection (1): pypi.org:443
2023-01-30 01:04:37,212 - connectionpool.py - https://pypi.org:443 "GET /pypi/tpot/json HTTP/1.1" 200 12517
2023-01-30 09:22:26,705 - diff.py - diff parser start
2023-01-30 09:22:26,706 - diff.py - line_lengths old: 2; new: 16
2023-01-30 09:22:26,706 - diff.py - -> code[equal] old[1:1] new[1:1]
2023-01-30 09:22:26,707 - diff.py - parse_part from 1 to 2 (to 2 in part parser)
2023-01-30 09:22:26,707 - diff.py - -> code[replace] old[2:2] new[2:16]
2023-01-30 09:22:26,709 - diff.py - parse_part from 3 to 16 (to 15 in part parser)
2023-01-30 09:22:26,709 - diff.py - diff parser end
2023-01-30 09:23:02,934 - diff.py - diff parser start
2023-01-30 09:23:02,935 - diff.py - line_lengths old: 16; new: 16
2023-01-30 09:23:02,935 - diff.py - -> code[equal] old[1:15] new[1:15]
2023-01-30 09:23:02,935 - diff.py - copy old[2:13] new[1:13]
2023-01-30 09:23:02,936 - diff.py - parse_part from 14 to 16 (to 15 in part parser)
2023-01-30 09:23:02,936 - diff.py - -> code[replace] old[16:16] new[16:16]
2023-01-30 09:23:02,936 - diff.py - diff parser end
2023-01-30 09:23:07,620 - diff.py - diff parser start
2023-01-30 09:23:07,622 - diff.py - line_lengths old: 16; new: 16
2023-01-30 09:23:07,622 - diff.py - -> code[equal] old[1:15] new[1:15]
2023-01-30 09:23:07,622 - diff.py - copy old[2:13] new[1:13]
2023-01-30 09:23:07,623 - diff.py - parse_part from 14 to 16 (to 15 in part parser)
2023-01-30 09:23:07,623 - diff.py - -> code[replace] old[16:16] new[16:16]
2023-01-30 09:23:07,623 - diff.py - diff parser end
2023-01-30 09:23:09,714 - diff.py - diff parser start
2023-01-30 09:23:09,714 - diff.py - line_lengths old: 16; new: 16
2023-01-30 09:23:09,714 - diff.py - -> code[equal] old[1:15] new[1:15]
2023-01-30 09:23:09,715 - diff.py - copy old[2:13] new[1:13]
2023-01-30 09:23:09,716 - diff.py - parse_part from 14 to 16 (to 15 in part parser)
2023-01-30 09:23:09,716 - diff.py - -> code[replace] old[16:16] new[16:16]
2023-01-30 09:23:09,716 - diff.py - diff parser end
2023-01-30 09:23:13,990 - diff.py - diff parser start
2023-01-30 09:23:13,990 - diff.py - line_lengths old: 16; new: 16
2023-01-30 09:23:13,990 - diff.py - -> code[equal] old[1:15] new[1:15]
2023-01-30 09:23:13,991 - diff.py - copy old[2:13] new[1:13]
2023-01-30 09:23:13,991 - diff.py - parse_part from 14 to 16 (to 15 in part parser)
2023-01-30 09:23:13,992 - diff.py - -> code[replace] old[16:16] new[16:16]
2023-01-30 09:23:13,992 - diff.py - diff parser end
2023-01-30 09:23:14,999 - diff.py - diff parser start
2023-01-30 09:23:14,999 - diff.py - line_lengths old: 16; new: 16
2023-01-30 09:23:14,999 - diff.py - -> code[equal] old[1:15] new[1:15]
2023-01-30 09:23:14,999 - diff.py - copy old[2:13] new[1:13]
2023-01-30 09:23:15,000 - diff.py - parse_part from 14 to 16 (to 15 in part parser)
2023-01-30 09:23:15,000 - diff.py - -> code[replace] old[16:16] new[16:16]
2023-01-30 09:23:15,000 - diff.py - diff parser end
2023-01-30 09:28:02,077 - diff.py - diff parser start
2023-01-30 09:28:02,078 - diff.py - line_lengths old: 16; new: 16
2023-01-30 09:28:02,078 - diff.py - -> code[equal] old[1:15] new[1:15]
2023-01-30 09:28:02,078 - diff.py - copy old[2:13] new[1:13]
2023-01-30 09:28:02,079 - diff.py - parse_part from 14 to 16 (to 15 in part parser)
2023-01-30 09:28:02,079 - diff.py - -> code[replace] old[16:16] new[16:16]
2023-01-30 09:28:02,079 - diff.py - diff parser end
2023-01-30 10:18:13,862 - diff.py - diff parser start
2023-01-30 10:18:13,863 - diff.py - line_lengths old: 16; new: 16
2023-01-30 10:18:13,863 - diff.py - -> code[equal] old[1:15] new[1:15]
2023-01-30 10:18:13,863 - diff.py - copy old[2:13] new[1:13]
2023-01-30 10:18:13,864 - diff.py - parse_part from 14 to 16 (to 15 in part parser)
2023-01-30 10:18:13,864 - diff.py - -> code[replace] old[16:16] new[16:16]
2023-01-30 10:18:13,864 - diff.py - diff parser end
2023-01-30 10:21:16,005 - diff.py - diff parser start
2023-01-30 10:21:16,005 - diff.py - line_lengths old: 16; new: 16
2023-01-30 10:21:16,005 - diff.py - -> code[equal] old[1:15] new[1:15]
2023-01-30 10:21:16,006 - diff.py - copy old[2:13] new[1:13]
2023-01-30 10:21:16,006 - diff.py - parse_part from 14 to 16 (to 15 in part parser)
2023-01-30 10:21:16,006 - diff.py - -> code[replace] old[16:16] new[16:16]
2023-01-30 10:21:16,007 - diff.py - diff parser end
2023-01-30 10:21:20,175 - diff.py - diff parser start
2023-01-30 10:21:20,176 - diff.py - line_lengths old: 16; new: 16
2023-01-30 10:21:20,176 - diff.py - -> code[equal] old[1:15] new[1:15]
2023-01-30 10:21:20,176 - diff.py - copy old[2:13] new[1:13]
2023-01-30 10:21:20,177 - diff.py - parse_part from 14 to 16 (to 15 in part parser)
2023-01-30 10:21:20,177 - diff.py - -> code[replace] old[16:16] new[16:16]
2023-01-30 10:21:20,177 - diff.py - diff parser end
2023-01-30 10:23:36,585 - diff.py - diff parser start
2023-01-30 10:23:36,585 - diff.py - line_lengths old: 16; new: 16
2023-01-30 10:23:36,585 - diff.py - -> code[equal] old[1:15] new[1:15]
2023-01-30 10:23:36,586 - diff.py - copy old[2:13] new[1:13]
2023-01-30 10:23:36,586 - diff.py - parse_part from 14 to 16 (to 15 in part parser)
2023-01-30 10:23:36,587 - diff.py - -> code[replace] old[16:16] new[16:16]
2023-01-30 10:23:36,587 - diff.py - diff parser end
2023-01-30 10:23:43,719 - diff.py - diff parser start
2023-01-30 10:23:43,720 - diff.py - line_lengths old: 16; new: 16
2023-01-30 10:23:43,720 - diff.py - -> code[equal] old[1:15] new[1:15]
2023-01-30 10:23:43,720 - diff.py - copy old[2:13] new[1:13]
2023-01-30 10:23:43,720 - diff.py - parse_part from 14 to 16 (to 15 in part parser)
2023-01-30 10:23:43,721 - diff.py - -> code[replace] old[16:16] new[16:16]
2023-01-30 10:23:43,721 - diff.py - diff parser end
2023-01-30 10:24:39,341 - diff.py - diff parser start
2023-01-30 10:24:39,341 - diff.py - line_lengths old: 16; new: 2
2023-01-30 10:24:39,341 - diff.py - -> code[equal] old[1:1] new[1:1]
2023-01-30 10:24:39,342 - diff.py - parse_part from 1 to 2 (to 1 in part parser)
2023-01-30 10:24:39,342 - diff.py - -> code[replace] old[2:16] new[2:2]
2023-01-30 10:24:39,342 - diff.py - diff parser end
2023-01-30 10:24:47,167 - diff.py - diff parser start
2023-01-30 10:24:47,167 - diff.py - line_lengths old: 2; new: 16
2023-01-30 10:24:47,167 - diff.py - -> code[equal] old[1:1] new[1:1]
2023-01-30 10:24:47,168 - diff.py - parse_part from 1 to 2 (to 2 in part parser)
2023-01-30 10:24:47,168 - diff.py - -> code[replace] old[2:2] new[2:16]
2023-01-30 10:24:47,170 - diff.py - parse_part from 3 to 16 (to 15 in part parser)
2023-01-30 10:24:47,170 - diff.py - diff parser end
