2022-01-12 23:52:33,550 - files.py - write 919 bytes to './final_exemplars/peptides/outputs/autokeras/binary_classification/final_autokeras_classification_graph'
2022-01-12 23:52:33,552 - backend.py - run ['dot', '-Kdot', '-Tpdf', '-O', 'final_autokeras_classification_graph']
2022-01-13 00:04:53,004 - font_manager.py - findfont: Matching sans\-serif:style=normal:variant=normal:weight=normal:stretch=normal:size=20.0.
2022-01-13 00:04:53,016 - font_manager.py - findfont: score(<Font 'STIXGeneral' (STIXGeneral.ttf) normal normal 400 normal>) = 10.05
2022-01-13 00:04:53,016 - font_manager.py - findfont: score(<Font 'DejaVu Serif' (DejaVuSerif-Italic.ttf) italic normal 400 normal>) = 11.05
2022-01-13 00:04:53,016 - font_manager.py - findfont: score(<Font 'STIXSizeOneSym' (STIXSizOneSymReg.ttf) normal normal 400 normal>) = 10.05
2022-01-13 00:04:53,016 - font_manager.py - findfont: score(<Font 'cmmi10' (cmmi10.ttf) normal normal 400 normal>) = 10.05
2022-01-13 00:04:53,016 - font_manager.py - findfont: score(<Font 'cmr10' (cmr10.ttf) normal normal 400 normal>) = 10.05
2022-01-13 00:04:53,016 - font_manager.py - findfont: score(<Font 'DejaVu Sans' (DejaVuSans-BoldOblique.ttf) oblique normal 700 normal>) = 3.335
2022-01-13 00:04:53,017 - font_manager.py - findfont: score(<Font 'DejaVu Sans' (DejaVuSans-Oblique.ttf) oblique normal 400 normal>) = 3.05
2022-01-13 00:04:53,017 - font_manager.py - findfont: score(<Font 'STIXSizeFourSym' (STIXSizFourSymBol.ttf) normal normal 700 normal>) = 10.335
2022-01-13 00:04:53,017 - font_manager.py - findfont: score(<Font 'DejaVu Serif' (DejaVuSerif.ttf) normal normal 400 normal>) = 10.05
2022-01-13 00:04:53,017 - font_manager.py - findfont: score(<Font 'DejaVu Sans Mono' (DejaVuSansMono.ttf) normal normal 400 normal>) = 10.05
2022-01-13 00:04:53,017 - font_manager.py - findfont: score(<Font 'DejaVu Sans' (DejaVuSans-Bold.ttf) normal normal 700 normal>) = 2.335
2022-01-13 00:04:53,017 - font_manager.py - findfont: score(<Font 'STIXNonUnicode' (STIXNonUniBolIta.ttf) italic normal 700 normal>) = 11.335
2022-01-13 00:04:53,017 - font_manager.py - findfont: score(<Font 'cmb10' (cmb10.ttf) normal normal 400 normal>) = 10.05
2022-01-13 00:04:53,017 - font_manager.py - findfont: score(<Font 'STIXNonUnicode' (STIXNonUni.ttf) normal normal 400 normal>) = 10.05
2022-01-13 00:04:53,017 - font_manager.py - findfont: score(<Font 'cmsy10' (cmsy10.ttf) normal normal 400 normal>) = 10.05
2022-01-13 00:04:53,017 - font_manager.py - findfont: score(<Font 'STIXSizeThreeSym' (STIXSizThreeSymBol.ttf) normal normal 700 normal>) = 10.335
2022-01-13 00:04:53,017 - font_manager.py - findfont: score(<Font 'DejaVu Sans' (DejaVuSans.ttf) normal normal 400 normal>) = 2.05
2022-01-13 00:04:53,018 - font_manager.py - findfont: score(<Font 'cmss10' (cmss10.ttf) normal normal 400 normal>) = 10.05
2022-01-13 00:04:53,018 - font_manager.py - findfont: score(<Font 'STIXGeneral' (STIXGeneralBolIta.ttf) italic normal 700 normal>) = 11.335
2022-01-13 00:04:53,018 - font_manager.py - findfont: score(<Font 'STIXSizeFourSym' (STIXSizFourSymReg.ttf) normal normal 400 normal>) = 10.05
2022-01-13 00:04:53,018 - font_manager.py - findfont: score(<Font 'STIXSizeTwoSym' (STIXSizTwoSymReg.ttf) normal normal 400 normal>) = 10.05
2022-01-13 00:04:53,018 - font_manager.py - findfont: score(<Font 'STIXNonUnicode' (STIXNonUniIta.ttf) italic normal 400 normal>) = 11.05
2022-01-13 00:04:53,018 - font_manager.py - findfont: score(<Font 'STIXGeneral' (STIXGeneralBol.ttf) normal normal 700 normal>) = 10.335
2022-01-13 00:04:53,018 - font_manager.py - findfont: score(<Font 'cmex10' (cmex10.ttf) normal normal 400 normal>) = 10.05
2022-01-13 00:04:53,018 - font_manager.py - findfont: score(<Font 'DejaVu Serif' (DejaVuSerif-BoldItalic.ttf) italic normal 700 normal>) = 11.335
2022-01-13 00:04:53,018 - font_manager.py - findfont: score(<Font 'cmtt10' (cmtt10.ttf) normal normal 400 normal>) = 10.05
2022-01-13 00:04:53,018 - font_manager.py - findfont: score(<Font 'DejaVu Sans Mono' (DejaVuSansMono-Bold.ttf) normal normal 700 normal>) = 10.335
2022-01-13 00:04:53,018 - font_manager.py - findfont: score(<Font 'DejaVu Sans Mono' (DejaVuSansMono-Oblique.ttf) oblique normal 400 normal>) = 11.05
2022-01-13 00:04:53,019 - font_manager.py - findfont: score(<Font 'STIXSizeTwoSym' (STIXSizTwoSymBol.ttf) normal normal 700 normal>) = 10.335
2022-01-13 00:04:53,019 - font_manager.py - findfont: score(<Font 'STIXSizeOneSym' (STIXSizOneSymBol.ttf) normal normal 700 normal>) = 10.335
2022-01-13 00:04:53,019 - font_manager.py - findfont: score(<Font 'DejaVu Serif' (DejaVuSerif-Bold.ttf) normal normal 700 normal>) = 10.335
2022-01-13 00:04:53,019 - font_manager.py - findfont: score(<Font 'STIXNonUnicode' (STIXNonUniBol.ttf) normal normal 700 normal>) = 10.335
2022-01-13 00:04:53,019 - font_manager.py - findfont: score(<Font 'STIXSizeThreeSym' (STIXSizThreeSymReg.ttf) normal normal 400 normal>) = 10.05
2022-01-13 00:04:53,019 - font_manager.py - findfont: score(<Font 'DejaVu Sans Display' (DejaVuSansDisplay.ttf) normal normal 400 normal>) = 10.05
2022-01-13 00:04:53,019 - font_manager.py - findfont: score(<Font 'STIXGeneral' (STIXGeneralItalic.ttf) italic normal 400 normal>) = 11.05
2022-01-13 00:04:53,019 - font_manager.py - findfont: score(<Font 'DejaVu Serif Display' (DejaVuSerifDisplay.ttf) normal normal 400 normal>) = 10.05
2022-01-13 00:04:53,019 - font_manager.py - findfont: score(<Font 'STIXSizeFiveSym' (STIXSizFiveSymReg.ttf) normal normal 400 normal>) = 10.05
2022-01-13 00:04:53,019 - font_manager.py - findfont: score(<Font 'DejaVu Sans Mono' (DejaVuSansMono-BoldOblique.ttf) oblique normal 700 normal>) = 11.335
2022-01-13 00:04:53,019 - font_manager.py - findfont: score(<Font '.SF NS Display Condensed' (SFNSDisplayCondensed-Thin.otf) normal normal 400 condensed>) = 10.25
2022-01-13 00:04:53,019 - font_manager.py - findfont: score(<Font 'Tamil MN' (Tamil MN.ttc) normal normal 400 normal>) = 10.05
2022-01-13 00:04:53,019 - font_manager.py - findfont: score(<Font '.SF NS Symbols' (SFNSSymbols-Medium.otf) normal normal 500 normal>) = 10.145
2022-01-13 00:04:53,019 - font_manager.py - findfont: score(<Font 'Hiragino Sans' (ヒラギノ角ゴシック W2.ttc) normal normal 250 normal>) = 10.1925
2022-01-13 00:04:53,019 - font_manager.py - findfont: score(<Font '.SF Compact Text' (SFCompactText-Light.otf) normal normal 300 normal>) = 10.145
2022-01-13 00:04:53,020 - font_manager.py - findfont: score(<Font 'Ayuthaya' (Ayuthaya.ttf) normal normal 400 normal>) = 10.05
2022-01-13 00:04:53,020 - font_manager.py - findfont: score(<Font 'STIXIntegralsUpD' (STIXIntUpDReg.otf) normal normal 400 normal>) = 10.05
2022-01-13 00:04:53,020 - font_manager.py - findfont: score(<Font 'Myriad Pro' (Myriad-Pro-Light_31642.ttf) normal normal 300 normal>) = 10.145
2022-01-13 00:04:53,020 - font_manager.py - findfont: score(<Font '.SF Compact Rounded' (SFCompactRounded-Regular.otf) normal normal 400 normal>) = 10.05
2022-01-13 00:04:53,020 - font_manager.py - findfont: score(<Font 'Athelas' (Athelas.ttc) normal normal 400 normal>) = 10.05
2022-01-13 00:04:53,020 - font_manager.py - findfont: score(<Font 'Bodoni 72' (Bodoni 72.ttc) normal normal 400 normal>) = 10.05
2022-01-13 00:04:53,020 - font_manager.py - findfont: score(<Font '.SF Compact Text' (SFCompactText-SemiboldItalic.otf) italic normal 600 normal>) = 11.24
2022-01-13 00:04:53,020 - font_manager.py - findfont: score(<Font 'Kohinoor Devanagari' (Kohinoor.ttc) normal normal 400 normal>) = 10.05
2022-01-13 00:04:53,020 - font_manager.py - findfont: score(<Font 'Hiragino Sans' (ヒラギノ角ゴシック W6.ttc) normal normal 600 normal>) = 10.24
2022-01-13 00:04:53,020 - font_manager.py - findfont: score(<Font 'STIXNonUnicode' (STIXNonUniBolIta.otf) italic normal 700 normal>) = 11.335
2022-01-13 00:04:53,020 - font_manager.py - findfont: score(<Font 'Skia' (Skia.ttf) normal normal 5 normal>) = 10.42525
2022-01-13 00:04:53,020 - font_manager.py - findfont: score(<Font 'Mishafi Gold' (Mishafi Gold.ttf) normal normal 400 normal>) = 10.05
2022-01-13 00:04:53,020 - font_manager.py - findfont: score(<Font 'PingFang HK' (PingFang.ttc) normal normal 400 normal>) = 10.05
2022-01-13 00:04:53,020 - font_manager.py - findfont: score(<Font 'Gujarati MT' (GujaratiMT.ttc) normal normal 400 normal>) = 10.05
2022-01-13 00:04:53,021 - font_manager.py - findfont: score(<Font 'Malayalam Sangam MN' (Malayalam Sangam MN.ttc) normal normal 400 normal>) = 10.05
2022-01-13 00:04:53,021 - font_manager.py - findfont: score(<Font 'System Font' (SFNSDisplay-UltralightItalic.otf) italic normal 100 normal>) = 11.335
2022-01-13 00:04:53,021 - font_manager.py - findfont: score(<Font 'Al Tarikh' (Al Tarikh.ttc) normal normal 400 normal>) = 10.05
2022-01-13 00:04:53,021 - font_manager.py - findfont: score(<Font 'System Font' (SFNSDisplay-ThinItalic.otf) italic normal 200 normal>) = 11.24
2022-01-13 00:04:53,021 - font_manager.py - findfont: score(<Font 'STIXIntegralsSm' (STIXIntSmBol.otf) normal normal 700 normal>) = 10.335
2022-01-13 00:04:53,021 - font_manager.py - findfont: score(<Font 'STIXSizeOneSym' (STIXSizOneSymReg.otf) normal normal 400 normal>) = 10.05
2022-01-13 00:04:53,021 - font_manager.py - findfont: score(<Font 'Noto Nastaliq Urdu' (NotoNastaliq.ttc) normal normal 400 normal>) = 10.05
2022-01-13 00:04:53,021 - font_manager.py - findfont: score(<Font '.SF Compact Text' (SFCompactText-Medium.otf) normal normal 500 normal>) = 10.145
2022-01-13 00:04:53,021 - font_manager.py - findfont: score(<Font '.SF NS Symbols' (SFNSSymbols-Light.otf) normal normal 300 normal>) = 10.145
2022-01-13 00:04:53,021 - font_manager.py - findfont: score(<Font '.SF NS Rounded' (SFNSRounded.ttf) normal normal 400 normal>) = 10.05
2022-01-13 00:04:53,021 - font_manager.py - findfont: score(<Font '.SF Compact Text' (SFCompactText-RegularItalic.otf) italic normal 400 normal>) = 11.05
2022-01-13 00:04:53,021 - font_manager.py - findfont: score(<Font 'Damascus' (Damascus.ttc) normal normal 400 normal>) = 10.05
2022-01-13 00:04:53,021 - font_manager.py - findfont: score(<Font 'Savoye LET' (Savoye LET.ttc) normal normal 400 normal>) = 10.05
2022-01-13 00:04:53,021 - font_manager.py - findfont: score(<Font '.SF Compact Text' (SFCompactText-Regular.otf) normal normal 400 normal>) = 10.05
2022-01-13 00:04:53,021 - font_manager.py - findfont: score(<Font 'Gurmukhi MN' (Gurmukhi MN.ttc) normal normal 400 normal>) = 10.05
2022-01-13 00:04:53,022 - font_manager.py - findfont: score(<Font 'STIXSizeThreeSym' (STIXSizThreeSymReg.otf) normal normal 400 normal>) = 10.05
2022-01-13 00:04:53,022 - font_manager.py - findfont: score(<Font '.SF Compact Text' (SFCompactText-Semibold.otf) normal normal 600 normal>) = 10.24
2022-01-13 00:04:53,022 - font_manager.py - findfont: score(<Font '.SF Compact Display' (SFCompactDisplay-Thin.otf) normal normal 200 normal>) = 10.24
2022-01-13 00:04:53,022 - font_manager.py - findfont: score(<Font 'Farisi' (Farisi.ttf) normal normal 400 normal>) = 10.05
2022-01-13 00:04:53,022 - font_manager.py - findfont: score(<Font 'Brush Script MT' (Brush Script.ttf) italic normal 400 normal>) = 11.05
2022-01-13 00:04:53,022 - font_manager.py - findfont: score(<Font 'Myanmar Sangam MN' (Myanmar Sangam MN.ttc) normal normal 400 normal>) = 10.05
2022-01-13 00:04:53,022 - font_manager.py - findfont: score(<Font 'STIXVariants' (STIXVar.otf) normal normal 400 normal>) = 10.05
2022-01-13 00:04:53,022 - font_manager.py - findfont: score(<Font 'PT Mono' (PTMono.ttc) normal normal 700 normal>) = 10.335
2022-01-13 00:04:53,022 - font_manager.py - findfont: score(<Font 'Raanana' (Raanana.ttc) normal normal 400 normal>) = 10.05
2022-01-13 00:04:53,022 - font_manager.py - findfont: score(<Font 'Hiragino Sans GB' (Hiragino Sans GB.ttc) normal normal 300 normal>) = 10.145
2022-01-13 00:04:53,022 - font_manager.py - findfont: score(<Font 'Wingdings 2' (Wingdings 2.ttf) normal normal 400 normal>) = 10.05
2022-01-13 00:04:53,022 - font_manager.py - findfont: score(<Font 'Verdana' (Verdana Bold.ttf) normal normal 700 normal>) = 10.335
2022-01-13 00:04:53,022 - font_manager.py - findfont: score(<Font 'Hiragino Sans' (ヒラギノ角ゴシック W4.ttc) normal normal 400 normal>) = 10.05
2022-01-13 00:04:53,022 - font_manager.py - findfont: score(<Font '.SF NS Display Condensed' (SFNSDisplayCondensed-Heavy.otf) normal normal 800 condensed>) = 10.629999999999999
2022-01-13 00:04:53,023 - font_manager.py - findfont: score(<Font 'Heiti TC' (STHeiti Medium.ttc) normal normal 400 normal>) = 10.05
2022-01-13 00:04:53,023 - font_manager.py - findfont: score(<Font 'Verdana' (Verdana Italic.ttf) italic normal 400 normal>) = 11.05
2022-01-13 00:04:53,023 - font_manager.py - findfont: score(<Font '.SF Compact Rounded' (SFCompactRounded-Black.otf) normal normal 900 normal>) = 10.525
2022-01-13 00:04:53,023 - font_manager.py - findfont: score(<Font 'STIXSizeFiveSym' (STIXSizFiveSymReg.otf) normal normal 400 normal>) = 10.05
2022-01-13 00:04:53,023 - font_manager.py - findfont: score(<Font 'System Font' (SFNSTextItalic.ttf) italic normal 400 normal>) = 11.05
2022-01-13 00:04:53,023 - font_manager.py - findfont: score(<Font 'Thonburi' (Thonburi.ttc) normal normal 400 normal>) = 10.05
2022-01-13 00:04:53,023 - font_manager.py - findfont: score(<Font '.Arabic UI Text' (ArabicUIText.ttc) normal normal 400 normal>) = 10.05
2022-01-13 00:04:53,023 - font_manager.py - findfont: score(<Font 'Superclarendon' (SuperClarendon.ttc) normal normal 400 normal>) = 10.05
2022-01-13 00:04:53,023 - font_manager.py - findfont: score(<Font 'Sinhala Sangam MN' (Sinhala Sangam MN.ttc) normal normal 400 normal>) = 10.05
2022-01-13 00:04:53,023 - font_manager.py - findfont: score(<Font 'PT Serif Caption' (PTSerifCaption.ttc) normal normal 400 normal>) = 10.05
2022-01-13 00:04:53,023 - font_manager.py - findfont: score(<Font 'Trebuchet MS' (Trebuchet MS Bold Italic.ttf) italic normal 700 normal>) = 11.335
2022-01-13 00:04:53,023 - font_manager.py - findfont: score(<Font 'Wingdings 3' (Wingdings 3.ttf) normal normal 400 normal>) = 10.05
2022-01-13 00:04:53,023 - font_manager.py - findfont: score(<Font 'Hoefler Text' (Hoefler Text.ttc) normal normal 400 normal>) = 10.05
2022-01-13 00:04:53,023 - font_manager.py - findfont: score(<Font 'Noteworthy' (Noteworthy.ttc) normal normal 300 normal>) = 10.145
2022-01-13 00:04:53,023 - font_manager.py - findfont: score(<Font 'Chalkboard SE' (ChalkboardSE.ttc) normal normal 400 normal>) = 10.05
2022-01-13 00:04:53,024 - font_manager.py - findfont: score(<Font 'Krungthep' (Krungthep.ttf) normal normal 400 normal>) = 10.05
2022-01-13 00:04:53,024 - font_manager.py - findfont: score(<Font '.SF NS Symbols' (SFNSSymbols-Regular.otf) normal normal 400 normal>) = 10.05
2022-01-13 00:04:53,024 - font_manager.py - findfont: score(<Font 'Zapf Dingbats' (ZapfDingbats.ttf) normal normal 400 normal>) = 10.05
2022-01-13 00:04:53,024 - font_manager.py - findfont: score(<Font 'Kefa' (Kefa.ttc) normal normal 400 normal>) = 10.05
2022-01-13 00:04:53,024 - font_manager.py - findfont: score(<Font 'Beirut' (Beirut.ttc) normal normal 700 normal>) = 10.335
2022-01-13 00:04:53,024 - font_manager.py - findfont: score(<Font '.SF Compact Text' (SFCompactText-Bold.otf) normal normal 700 normal>) = 10.335
2022-01-13 00:04:53,024 - font_manager.py - findfont: score(<Font 'Kannada MN' (Kannada MN.ttc) normal normal 400 normal>) = 10.05
2022-01-13 00:04:53,024 - font_manager.py - findfont: score(<Font 'Kohinoor Telugu' (KohinoorTelugu.ttc) normal normal 400 normal>) = 10.05
2022-01-13 00:04:53,024 - font_manager.py - findfont: score(<Font 'Tahoma' (Tahoma.ttf) normal normal 400 normal>) = 10.05
2022-01-13 00:04:53,024 - font_manager.py - findfont: score(<Font 'Baskerville' (Baskerville.ttc) normal normal 400 normal>) = 10.05
2022-01-13 00:04:53,024 - font_manager.py - findfont: score(<Font 'STIXGeneral' (STIXGeneralItalic.otf) italic normal 400 normal>) = 11.05
2022-01-13 00:04:53,024 - font_manager.py - findfont: score(<Font 'Hiragino Sans' (ヒラギノ角ゴシック W1.ttc) normal normal 200 normal>) = 10.24
2022-01-13 00:04:53,024 - font_manager.py - findfont: score(<Font 'Times New Roman' (Times New Roman Bold.ttf) normal normal 700 normal>) = 10.335
2022-01-13 00:04:53,024 - font_manager.py - findfont: score(<Font '.SF Compact Rounded' (SFCompactRounded-Bold.otf) normal normal 700 normal>) = 10.335
2022-01-13 00:04:53,024 - font_manager.py - findfont: score(<Font 'Helvetica' (Helvetica.ttc) normal normal 400 normal>) = 10.05
2022-01-13 00:04:53,024 - font_manager.py - findfont: score(<Font '.SF Compact Display' (SFCompactDisplay-Heavy.otf) normal normal 800 normal>) = 10.43
2022-01-13 00:04:53,025 - font_manager.py - findfont: score(<Font '.SF Compact Text' (SFCompactText-BoldItalic.otf) italic normal 700 normal>) = 11.335
2022-01-13 00:04:53,025 - font_manager.py - findfont: score(<Font '.SF NS Symbols' (SFNSSymbols-Ultralight.otf) normal normal 100 normal>) = 10.335
2022-01-13 00:04:53,025 - font_manager.py - findfont: score(<Font 'Avenir Next' (Avenir Next.ttc) normal normal 700 normal>) = 10.335
2022-01-13 00:04:53,025 - font_manager.py - findfont: score(<Font 'Heiti TC' (STHeiti Light.ttc) normal normal 300 normal>) = 10.145
2022-01-13 00:04:53,025 - font_manager.py - findfont: score(<Font 'Kokonor' (Kokonor.ttf) normal normal 400 normal>) = 10.05
2022-01-13 00:04:53,025 - font_manager.py - findfont: score(<Font 'Apple Braille' (Apple Braille Pinpoint 8 Dot.ttf) normal normal 400 normal>) = 10.05
2022-01-13 00:04:53,025 - font_manager.py - findfont: score(<Font 'Sukhumvit Set' (SukhumvitSet.ttc) normal normal 250 normal>) = 10.1925
2022-01-13 00:04:53,025 - font_manager.py - findfont: score(<Font 'Lao MN' (Lao MN.ttc) normal normal 400 normal>) = 10.05
2022-01-13 00:04:53,025 - font_manager.py - findfont: score(<Font 'System Font' (SFNSDisplay.ttf) normal normal 400 normal>) = 10.05
2022-01-13 00:04:53,025 - font_manager.py - findfont: score(<Font 'Nadeem' (Nadeem.ttc) normal normal 400 normal>) = 10.05
2022-01-13 00:04:53,025 - font_manager.py - findfont: score(<Font 'STIXSizeTwoSym' (STIXSizTwoSymReg.otf) normal normal 400 normal>) = 10.05
2022-01-13 00:04:53,025 - font_manager.py - findfont: score(<Font 'Gurmukhi MT' (Gurmukhi.ttf) normal normal 500 normal>) = 10.145
2022-01-13 00:04:53,025 - font_manager.py - findfont: score(<Font 'Bradley Hand' (Bradley Hand Bold.ttf) normal normal 700 normal>) = 10.335
2022-01-13 00:04:53,025 - font_manager.py - findfont: score(<Font 'System Font' (SFNSDisplay-ThinG3.otf) normal normal 740 normal>) = 10.373
2022-01-13 00:04:53,025 - font_manager.py - findfont: score(<Font 'Georgia' (Georgia Bold.ttf) normal normal 700 normal>) = 10.335
2022-01-13 00:04:53,026 - font_manager.py - findfont: score(<Font 'Lucida Grande' (LucidaGrande.ttc) normal normal 500 normal>) = 10.145
2022-01-13 00:04:53,026 - font_manager.py - findfont: score(<Font '.SF NS Display Condensed' (SFNSDisplayCondensed-Regular.otf) normal normal 600 condensed>) = 10.44
2022-01-13 00:04:53,026 - font_manager.py - findfont: score(<Font 'System Font' (SFNSDisplay-MediumItalic.otf) italic normal 500 normal>) = 11.145
2022-01-13 00:04:53,026 - font_manager.py - findfont: score(<Font '.SF Compact Display' (SFCompactDisplay-Medium.otf) normal normal 500 normal>) = 10.145
2022-01-13 00:04:53,026 - font_manager.py - findfont: score(<Font 'Bodoni 72 Oldstyle' (Bodoni 72 OS.ttc) normal normal 400 normal>) = 10.05
2022-01-13 00:04:53,026 - font_manager.py - findfont: score(<Font 'Times New Roman' (Times New Roman Italic.ttf) italic normal 400 normal>) = 11.05
2022-01-13 00:04:53,026 - font_manager.py - findfont: score(<Font 'STIXNonUnicode' (STIXNonUniBol.otf) normal normal 700 normal>) = 10.335
2022-01-13 00:04:53,026 - font_manager.py - findfont: score(<Font 'Farah' (Farah.ttc) normal normal 400 normal>) = 10.05
2022-01-13 00:04:53,026 - font_manager.py - findfont: score(<Font 'STIXNonUnicode' (STIXNonUni.otf) normal normal 400 normal>) = 10.05
2022-01-13 00:04:53,026 - font_manager.py - findfont: score(<Font 'STIXIntegralsUpSm' (STIXIntUpSmReg.otf) normal normal 400 normal>) = 10.05
2022-01-13 00:04:53,026 - font_manager.py - findfont: score(<Font 'Symbol' (Symbol.ttf) normal normal 400 normal>) = 10.05
2022-01-13 00:04:53,026 - font_manager.py - findfont: score(<Font 'System Font' (SFNSText.ttf) normal normal 400 normal>) = 10.05
2022-01-13 00:04:53,026 - font_manager.py - findfont: score(<Font 'Arial' (Arial Italic.ttf) italic normal 400 normal>) = 1.05
2022-01-13 00:04:53,026 - font_manager.py - findfont: score(<Font 'Hiragino Sans' (ヒラギノ角ゴシック W7.ttc) normal normal 700 normal>) = 10.335
2022-01-13 00:04:53,026 - font_manager.py - findfont: score(<Font 'New Peninim MT' (NewPeninimMT.ttc) normal normal 400 normal>) = 10.05
2022-01-13 00:04:53,026 - font_manager.py - findfont: score(<Font 'Hiragino Sans' (ヒラギノ角ゴシック W9.ttc) normal normal 900 normal>) = 10.525
2022-01-13 00:04:53,027 - font_manager.py - findfont: score(<Font 'Courier New' (Courier New Bold.ttf) normal normal 700 normal>) = 10.335
2022-01-13 00:04:53,027 - font_manager.py - findfont: score(<Font 'Tamil Sangam MN' (Tamil Sangam MN.ttc) normal normal 400 normal>) = 10.05
2022-01-13 00:04:53,027 - font_manager.py - findfont: score(<Font 'System Font' (SFNSDisplay-SemiboldItalic.otf) italic normal 600 normal>) = 11.24
2022-01-13 00:04:53,027 - font_manager.py - findfont: score(<Font 'Kailasa' (Kailasa.ttc) normal normal 400 normal>) = 10.05
2022-01-13 00:04:53,027 - font_manager.py - findfont: score(<Font 'Sinhala MN' (Sinhala MN.ttc) normal normal 400 normal>) = 10.05
2022-01-13 00:04:53,027 - font_manager.py - findfont: score(<Font 'Kohinoor Bangla' (KohinoorBangla.ttc) normal normal 400 normal>) = 10.05
2022-01-13 00:04:53,027 - font_manager.py - findfont: score(<Font 'Big Caslon' (BigCaslon.ttf) normal normal 500 normal>) = 10.145
2022-01-13 00:04:53,027 - font_manager.py - findfont: score(<Font 'Phosphate' (Phosphate.ttc) normal normal 400 normal>) = 10.05
2022-01-13 00:04:53,027 - font_manager.py - findfont: score(<Font 'Corsiva Hebrew' (Corsiva.ttc) normal normal 400 normal>) = 10.05
2022-01-13 00:04:53,027 - font_manager.py - findfont: score(<Font 'Cochin' (Cochin.ttc) normal normal 500 normal>) = 10.145
2022-01-13 00:04:53,027 - font_manager.py - findfont: score(<Font 'STIXIntegralsUp' (STIXIntUpBol.otf) normal normal 700 normal>) = 10.335
2022-01-13 00:04:53,027 - font_manager.py - findfont: score(<Font 'Optima' (Optima.ttc) normal normal 400 normal>) = 10.05
2022-01-13 00:04:53,027 - font_manager.py - findfont: score(<Font '.Keyboard' (Keyboard.ttf) normal normal 100 normal>) = 10.335
2022-01-13 00:04:53,027 - font_manager.py - findfont: score(<Font 'Hiragino Sans' (ヒラギノ角ゴシック W0.ttc) normal normal 100 normal>) = 10.335
2022-01-13 00:04:53,027 - font_manager.py - findfont: score(<Font 'DIN Condensed' (DIN Condensed Bold.ttf) normal normal 700 condensed>) = 10.535
2022-01-13 00:04:53,027 - font_manager.py - findfont: score(<Font 'Arial Rounded MT Bold' (Arial Rounded Bold.ttf) normal normal 400 normal>) = 10.05
2022-01-13 00:04:53,028 - font_manager.py - findfont: score(<Font 'Menlo' (Menlo.ttc) normal normal 400 normal>) = 10.05
2022-01-13 00:04:53,028 - font_manager.py - findfont: score(<Font 'DIN Alternate' (DIN Alternate Bold.ttf) normal normal 700 normal>) = 10.335
2022-01-13 00:04:53,028 - font_manager.py - findfont: score(<Font 'Arial' (Arial.ttf) normal normal 400 normal>) = 0.05
2022-01-13 00:04:53,028 - font_manager.py - findfont: score(<Font 'Trebuchet MS' (Trebuchet MS.ttf) normal normal 400 normal>) = 10.05
2022-01-13 00:04:53,028 - font_manager.py - findfont: score(<Font 'Courier New' (Courier New Italic.ttf) italic normal 400 normal>) = 11.05
2022-01-13 00:04:53,028 - font_manager.py - findfont: score(<Font 'Hoefler Text' (Hoefler Text Ornaments.ttf) normal normal 400 normal>) = 10.05
2022-01-13 00:04:53,028 - font_manager.py - findfont: score(<Font '.SF NS Text Condensed' (SFNSTextCondensed-Medium.otf) normal normal 500 condensed>) = 10.344999999999999
2022-01-13 00:04:53,028 - font_manager.py - findfont: score(<Font 'Apple Symbols' (Apple Symbols.ttf) normal normal 400 normal>) = 10.05
2022-01-13 00:04:53,028 - font_manager.py - findfont: score(<Font 'STIXGeneral' (STIXGeneral.otf) normal normal 400 normal>) = 10.05
2022-01-13 00:04:53,028 - font_manager.py - findfont: score(<Font '.SF NS Display Condensed' (SFNSDisplayCondensed-Light.otf) normal normal 500 condensed>) = 10.344999999999999
2022-01-13 00:04:53,028 - font_manager.py - findfont: score(<Font 'Copperplate' (Copperplate.ttc) normal normal 400 normal>) = 10.05
2022-01-13 00:04:53,028 - font_manager.py - findfont: score(<Font 'Hiragino Maru Gothic Pro' (ヒラギノ丸ゴ ProN W4.ttc) normal normal 400 normal>) = 10.05
2022-01-13 00:04:53,028 - font_manager.py - findfont: score(<Font '.SF Compact Display' (SFCompactDisplay-Black.otf) normal normal 900 normal>) = 10.525
2022-01-13 00:04:53,028 - font_manager.py - findfont: score(<Font 'STIXIntegralsUp' (STIXIntUpReg.otf) normal normal 400 normal>) = 10.05
2022-01-13 00:04:53,028 - font_manager.py - findfont: score(<Font 'STIXSizeTwoSym' (STIXSizTwoSymBol.otf) normal normal 700 normal>) = 10.335
2022-01-13 00:04:53,029 - font_manager.py - findfont: score(<Font 'Arial Black' (Arial Black.ttf) normal normal 900 normal>) = 10.525
2022-01-13 00:04:53,029 - font_manager.py - findfont: score(<Font 'PT Serif' (PTSerif.ttc) normal normal 400 normal>) = 10.05
2022-01-13 00:04:53,029 - font_manager.py - findfont: score(<Font 'KufiStandardGK' (KufiStandardGK.ttc) normal normal 400 normal>) = 10.05
2022-01-13 00:04:53,029 - font_manager.py - findfont: score(<Font 'Trattatello' (Trattatello.ttf) normal normal 400 normal>) = 10.05
2022-01-13 00:04:53,029 - font_manager.py - findfont: score(<Font 'System Font' (SFNSDisplay-RegularItalic.otf) italic normal 400 normal>) = 11.05
2022-01-13 00:04:53,029 - font_manager.py - findfont: score(<Font 'American Typewriter' (AmericanTypewriter.ttc) normal normal 400 normal>) = 10.05
2022-01-13 00:04:53,029 - font_manager.py - findfont: score(<Font 'System Font' (SFNSDisplay-ThinG4.otf) normal normal 740 normal>) = 10.373
2022-01-13 00:04:53,029 - font_manager.py - findfont: score(<Font 'Bangla MN' (Bangla MN.ttc) normal normal 400 normal>) = 10.05
2022-01-13 00:04:53,029 - font_manager.py - findfont: score(<Font '.SF Compact Text' (SFCompactText-LightItalic.otf) italic normal 300 normal>) = 11.145
2022-01-13 00:04:53,029 - font_manager.py - findfont: score(<Font 'SignPainter' (SignPainter.ttc) normal normal 400 normal>) = 10.05
2022-01-13 00:04:53,029 - font_manager.py - findfont: score(<Font 'Khmer Sangam MN' (Khmer Sangam MN.ttf) normal normal 400 normal>) = 10.05
2022-01-13 00:04:53,029 - font_manager.py - findfont: score(<Font 'System Font' (SFNSDisplay-HeavyItalic.otf) italic normal 800 normal>) = 11.43
2022-01-13 00:04:53,029 - font_manager.py - findfont: score(<Font 'Gurmukhi Sangam MN' (Gurmukhi Sangam MN.ttc) normal normal 400 normal>) = 10.05
2022-01-13 00:04:53,029 - font_manager.py - findfont: score(<Font '.SF Compact Text' (SFCompactText-MediumItalic.otf) italic normal 500 normal>) = 11.145
2022-01-13 00:04:53,029 - font_manager.py - findfont: score(<Font 'Arial Narrow' (Arial Narrow Bold.ttf) normal normal 700 condensed>) = 10.535
2022-01-13 00:04:53,029 - font_manager.py - findfont: score(<Font '.SF Compact Rounded' (SFCompactRounded-Ultralight.otf) normal normal 100 normal>) = 10.335
2022-01-13 00:04:53,030 - font_manager.py - findfont: score(<Font 'STIXSizeThreeSym' (STIXSizThreeSymBol.otf) normal normal 700 normal>) = 10.335
2022-01-13 00:04:53,030 - font_manager.py - findfont: score(<Font 'Myriad Pro' (Myriad-Pro-Light_31642.ttf) normal normal 300 normal>) = 10.145
2022-01-13 00:04:53,030 - font_manager.py - findfont: score(<Font 'Arial Hebrew' (ArialHB.ttc) normal normal 400 normal>) = 10.05
2022-01-13 00:04:53,030 - font_manager.py - findfont: score(<Font 'Chalkduster' (Chalkduster.ttf) normal normal 400 normal>) = 10.05
2022-01-13 00:04:53,030 - font_manager.py - findfont: score(<Font 'Georgia' (Georgia.ttf) normal normal 400 normal>) = 10.05
2022-01-13 00:04:53,030 - font_manager.py - findfont: score(<Font 'Arial' (Arial Bold Italic.ttf) italic normal 700 normal>) = 1.335
2022-01-13 00:04:53,030 - font_manager.py - findfont: score(<Font 'Apple SD Gothic Neo' (AppleSDGothicNeo.ttc) normal normal 400 normal>) = 10.05
2022-01-13 00:04:53,030 - font_manager.py - findfont: score(<Font '.Helvetica Neue DeskInterface' (HelveticaNeueDeskInterface.ttc) normal normal 400 normal>) = 10.05
2022-01-13 00:04:53,030 - font_manager.py - findfont: score(<Font 'Zapfino' (Zapfino.ttf) normal normal 400 normal>) = 10.05
2022-01-13 00:04:53,030 - font_manager.py - findfont: score(<Font 'Bodoni 72 Smallcaps' (Bodoni 72 Smallcaps Book.ttf) normal normal 400 normal>) = 10.05
2022-01-13 00:04:53,030 - font_manager.py - findfont: score(<Font 'Diwan Thuluth' (Diwan Thuluth.ttf) normal normal 400 normal>) = 10.05
2022-01-13 00:04:53,030 - font_manager.py - findfont: score(<Font 'Shree Devanagari 714' (Shree714.ttc) normal normal 400 normal>) = 10.05
2022-01-13 00:04:53,030 - font_manager.py - findfont: score(<Font 'PT Sans' (PTSans.ttc) normal normal 400 normal>) = 10.05
2022-01-13 00:04:53,030 - font_manager.py - findfont: score(<Font 'Seravek' (Seravek.ttc) normal normal 400 normal>) = 10.05
2022-01-13 00:04:53,030 - font_manager.py - findfont: score(<Font 'Charter' (Charter.ttc) normal normal 400 normal>) = 10.05
2022-01-13 00:04:53,031 - font_manager.py - findfont: score(<Font 'Sana' (Sana.ttc) normal normal 400 normal>) = 10.05
2022-01-13 00:04:53,031 - font_manager.py - findfont: score(<Font 'Oriya Sangam MN' (Oriya Sangam MN.ttc) normal normal 400 normal>) = 10.05
2022-01-13 00:04:53,031 - font_manager.py - findfont: score(<Font '.Aqua Kana' (AquaKana.ttc) normal normal 300 normal>) = 10.145
2022-01-13 00:04:53,031 - font_manager.py - findfont: score(<Font 'System Font' (SFNSDisplay-ThinG1.otf) normal normal 740 normal>) = 10.373
2022-01-13 00:04:53,031 - font_manager.py - findfont: score(<Font 'Wingdings' (Wingdings.ttf) normal normal 400 normal>) = 10.05
2022-01-13 00:04:53,031 - font_manager.py - findfont: score(<Font 'Euphemia UCAS' (EuphemiaCAS.ttc) normal normal 400 normal>) = 10.05
2022-01-13 00:04:53,031 - font_manager.py - findfont: score(<Font 'Trebuchet MS' (Trebuchet MS Italic.ttf) italic normal 400 normal>) = 11.05
2022-01-13 00:04:53,031 - font_manager.py - findfont: score(<Font 'STIXVariants' (STIXVarBol.otf) normal normal 700 normal>) = 10.335
2022-01-13 00:04:53,031 - font_manager.py - findfont: score(<Font 'Khmer MN' (Khmer MN.ttc) normal normal 400 normal>) = 10.05
2022-01-13 00:04:53,031 - font_manager.py - findfont: score(<Font 'Diwan Kufi' (Diwan Kufi.ttc) normal normal 400 normal>) = 10.05
2022-01-13 00:04:53,031 - font_manager.py - findfont: score(<Font '.SF Compact Display' (SFCompactDisplay-Bold.otf) normal normal 700 normal>) = 10.335
2022-01-13 00:04:53,031 - font_manager.py - findfont: score(<Font 'Telugu MN' (Telugu MN.ttc) normal normal 400 normal>) = 10.05
2022-01-13 00:04:53,031 - font_manager.py - findfont: score(<Font 'InaiMathi' (InaiMathi-MN.ttc) normal normal 400 normal>) = 10.05
2022-01-13 00:04:53,031 - font_manager.py - findfont: score(<Font 'Hiragino Sans' (ヒラギノ角ゴシック W5.ttc) normal normal 500 normal>) = 10.145
2022-01-13 00:04:53,031 - font_manager.py - findfont: score(<Font 'AppleMyungjo' (AppleMyungjo.ttf) normal normal 400 normal>) = 10.05
2022-01-13 00:04:53,031 - font_manager.py - findfont: score(<Font 'Myanmar MN' (Myanmar MN.ttc) normal normal 400 normal>) = 10.05
2022-01-13 00:04:53,032 - font_manager.py - findfont: score(<Font '.SF NS Symbols' (SFNSSymbols-Thin.otf) normal normal 300 normal>) = 10.145
2022-01-13 00:04:53,032 - font_manager.py - findfont: score(<Font 'Kannada Sangam MN' (Kannada Sangam MN.ttc) normal normal 400 normal>) = 10.05
2022-01-13 00:04:53,032 - font_manager.py - findfont: score(<Font '.SF NS Text Condensed' (SFNSTextCondensed-Heavy.otf) normal normal 800 condensed>) = 10.629999999999999
2022-01-13 00:04:53,032 - font_manager.py - findfont: score(<Font '.SF Compact Display' (SFCompactDisplay-Regular.otf) normal normal 400 normal>) = 10.05
2022-01-13 00:04:53,032 - font_manager.py - findfont: score(<Font 'Avenir' (Avenir.ttc) normal normal 400 normal>) = 10.05
2022-01-13 00:04:53,032 - font_manager.py - findfont: score(<Font 'Snell Roundhand' (SnellRoundhand.ttc) normal normal 500 normal>) = 10.145
2022-01-13 00:04:53,032 - font_manager.py - findfont: score(<Font 'Times' (Times.ttc) normal normal 400 normal>) = 10.05
2022-01-13 00:04:53,032 - font_manager.py - findfont: score(<Font 'STIXGeneral' (STIXGeneralBol.otf) normal normal 700 normal>) = 10.335
2022-01-13 00:04:53,032 - font_manager.py - findfont: score(<Font 'AppleGothic' (AppleGothic.ttf) normal normal 400 normal>) = 10.05
2022-01-13 00:04:53,032 - font_manager.py - findfont: score(<Font 'Courier New' (Courier New Bold Italic.ttf) italic normal 700 normal>) = 11.335
2022-01-13 00:04:53,032 - font_manager.py - findfont: score(<Font 'Georgia' (Georgia Bold Italic.ttf) italic normal 700 normal>) = 11.335
2022-01-13 00:04:53,032 - font_manager.py - findfont: score(<Font '.SF Compact Display' (SFCompactDisplay-Light.otf) normal normal 300 normal>) = 10.145
2022-01-13 00:04:53,032 - font_manager.py - findfont: score(<Font '.SF NS Symbols' (SFNSSymbols-Heavy.otf) normal normal 900 normal>) = 10.525
2022-01-13 00:04:53,032 - font_manager.py - findfont: score(<Font 'Comic Sans MS' (Comic Sans MS Bold.ttf) normal normal 700 normal>) = 10.335
2022-01-13 00:04:53,032 - font_manager.py - findfont: score(<Font '.SF Compact Display' (SFCompactDisplay-Semibold.otf) normal normal 600 normal>) = 10.24
2022-01-13 00:04:53,033 - font_manager.py - findfont: score(<Font 'Mshtakan' (Mshtakan.ttc) normal normal 400 normal>) = 10.05
2022-01-13 00:04:53,033 - font_manager.py - findfont: score(<Font '.SF NS Display Condensed' (SFNSDisplayCondensed-Ultralight.otf) normal normal 400 condensed>) = 10.25
2022-01-13 00:04:53,033 - font_manager.py - findfont: score(<Font 'STIXSizeFourSym' (STIXSizFourSymReg.otf) normal normal 400 normal>) = 10.05
2022-01-13 00:04:53,033 - font_manager.py - findfont: score(<Font 'Courier New' (Courier New.ttf) normal normal 400 normal>) = 10.05
2022-01-13 00:04:53,033 - font_manager.py - findfont: score(<Font 'Microsoft Sans Serif' (Microsoft Sans Serif.ttf) normal normal 400 normal>) = 10.05
2022-01-13 00:04:53,033 - font_manager.py - findfont: score(<Font 'Apple Braille' (Apple Braille Outline 8 Dot.ttf) normal normal 400 normal>) = 10.05
2022-01-13 00:04:53,033 - font_manager.py - findfont: score(<Font 'Arial Narrow' (Arial Narrow Bold Italic.ttf) italic normal 700 condensed>) = 11.535
2022-01-13 00:04:53,033 - font_manager.py - findfont: score(<Font 'Lao Sangam MN' (Lao Sangam MN.ttf) normal normal 400 normal>) = 10.05
2022-01-13 00:04:53,033 - font_manager.py - findfont: score(<Font 'Andale Mono' (Andale Mono.ttf) normal normal 400 normal>) = 10.05
2022-01-13 00:04:53,033 - font_manager.py - findfont: score(<Font 'ITF Devanagari' (ITFDevanagari.ttc) normal normal 400 normal>) = 10.05
2022-01-13 00:04:53,033 - font_manager.py - findfont: score(<Font 'Bangla Sangam MN' (Bangla Sangam MN.ttc) normal normal 400 normal>) = 10.05
2022-01-13 00:04:53,033 - font_manager.py - findfont: score(<Font 'STIXIntegralsD' (STIXIntDBol.otf) normal normal 700 normal>) = 10.335
2022-01-13 00:04:53,033 - font_manager.py - findfont: score(<Font 'Oriya MN' (Oriya MN.ttc) normal normal 400 normal>) = 10.05
2022-01-13 00:04:53,033 - font_manager.py - findfont: score(<Font 'Waseem' (Waseem.ttc) normal normal 400 normal>) = 10.05
2022-01-13 00:04:53,033 - font_manager.py - findfont: score(<Font 'Bodoni Ornaments' (Bodoni Ornaments.ttf) normal normal 400 normal>) = 10.05
2022-01-13 00:04:53,033 - font_manager.py - findfont: score(<Font '.SF NS Text Condensed' (SFNSTextCondensed-Semibold.otf) normal normal 600 condensed>) = 10.44
2022-01-13 00:04:53,034 - font_manager.py - findfont: score(<Font '.SF NS Text Condensed' (SFNSTextCondensed-Regular.otf) normal normal 400 condensed>) = 10.25
2022-01-13 00:04:53,034 - font_manager.py - findfont: score(<Font 'STIXIntegralsUpSm' (STIXIntUpSmBol.otf) normal normal 700 normal>) = 10.335
2022-01-13 00:04:53,034 - font_manager.py - findfont: score(<Font '.SF Compact Rounded' (SFCompactRounded-Heavy.otf) normal normal 800 normal>) = 10.43
2022-01-13 00:04:53,034 - font_manager.py - findfont: score(<Font 'Myriad Pro' (Myriad-Pro_31655.ttf) normal normal 300 normal>) = 10.145
2022-01-13 00:04:53,034 - font_manager.py - findfont: score(<Font 'Verdana' (Verdana.ttf) normal normal 400 normal>) = 10.05
2022-01-13 00:04:53,034 - font_manager.py - findfont: score(<Font 'System Font' (SFNSDisplay-LightItalic.otf) italic normal 300 normal>) = 11.145
2022-01-13 00:04:53,034 - font_manager.py - findfont: score(<Font 'Al Bayan' (AlBayan.ttc) normal normal 400 normal>) = 10.05
2022-01-13 00:04:53,034 - font_manager.py - findfont: score(<Font 'Times New Roman' (Times New Roman.ttf) normal normal 400 normal>) = 10.05
2022-01-13 00:04:53,034 - font_manager.py - findfont: score(<Font '.SF Compact Rounded' (SFCompactRounded-Semibold.otf) normal normal 600 normal>) = 10.24
2022-01-13 00:04:53,034 - font_manager.py - findfont: score(<Font 'Hiragino Mincho ProN' (ヒラギノ明朝 ProN.ttc) normal normal 300 normal>) = 10.145
2022-01-13 00:04:53,034 - font_manager.py - findfont: score(<Font 'Tahoma' (Tahoma Bold.ttf) normal normal 700 normal>) = 10.335
2022-01-13 00:04:53,034 - font_manager.py - findfont: score(<Font 'Marion' (Marion.ttc) normal normal 400 normal>) = 10.05
2022-01-13 00:04:53,034 - font_manager.py - findfont: score(<Font 'Papyrus' (Papyrus.ttc) normal normal 400 condensed>) = 10.25
2022-01-13 00:04:53,034 - font_manager.py - findfont: score(<Font '.SF NS Display Condensed' (SFNSDisplayCondensed-Semibold.otf) normal normal 700 condensed>) = 10.535
2022-01-13 00:04:53,034 - font_manager.py - findfont: score(<Font 'STIXIntegralsD' (STIXIntDReg.otf) normal normal 400 normal>) = 10.05
2022-01-13 00:04:53,034 - font_manager.py - findfont: score(<Font 'STIXSizeOneSym' (STIXSizOneSymBol.otf) normal normal 700 normal>) = 10.335
2022-01-13 00:04:53,035 - font_manager.py - findfont: score(<Font 'Devanagari Sangam MN' (Devanagari Sangam MN.ttc) normal normal 400 normal>) = 10.05
2022-01-13 00:04:53,035 - font_manager.py - findfont: score(<Font 'Impact' (Impact.ttf) normal normal 400 normal>) = 10.05
2022-01-13 00:04:53,035 - font_manager.py - findfont: score(<Font 'STIXGeneral' (STIXGeneralBolIta.otf) italic normal 700 normal>) = 11.335
2022-01-13 00:04:53,035 - font_manager.py - findfont: score(<Font 'Hiragino Sans' (ヒラギノ角ゴシック W3.ttc) normal normal 300 normal>) = 10.145
2022-01-13 00:04:53,035 - font_manager.py - findfont: score(<Font 'Baghdad' (Baghdad.ttc) normal normal 400 normal>) = 10.05
2022-01-13 00:04:53,035 - font_manager.py - findfont: score(<Font 'Arial Narrow' (Arial Narrow.ttf) normal normal 400 condensed>) = 10.25
2022-01-13 00:04:53,035 - font_manager.py - findfont: score(<Font 'Myriad Pro' (Myriad-Pro_31655.ttf) normal normal 400 normal>) = 10.05
2022-01-13 00:04:53,035 - font_manager.py - findfont: score(<Font 'Georgia' (Georgia Italic.ttf) italic normal 400 normal>) = 11.05
2022-01-13 00:04:53,035 - font_manager.py - findfont: score(<Font 'Apple Braille' (Apple Braille Pinpoint 6 Dot.ttf) normal normal 400 normal>) = 10.05
2022-01-13 00:04:53,035 - font_manager.py - findfont: score(<Font 'Arial' (Arial Bold.ttf) normal normal 700 normal>) = 0.33499999999999996
2022-01-13 00:04:53,035 - font_manager.py - findfont: score(<Font '.SF Compact Display' (SFCompactDisplay-Ultralight.otf) normal normal 100 normal>) = 10.335
2022-01-13 00:04:53,035 - font_manager.py - findfont: score(<Font 'System Font' (SFNSDisplay-BlackItalic.otf) italic normal 900 normal>) = 11.525
2022-01-13 00:04:53,035 - font_manager.py - findfont: score(<Font '.SF Compact Rounded' (SFCompactRounded-Thin.otf) normal normal 200 normal>) = 10.24
2022-01-13 00:04:53,035 - font_manager.py - findfont: score(<Font 'STIXSizeFourSym' (STIXSizFourSymBol.otf) normal normal 700 normal>) = 10.335
2022-01-13 00:04:53,035 - font_manager.py - findfont: score(<Font 'Palatino' (Palatino.ttc) normal normal 400 normal>) = 10.05
2022-01-13 00:04:53,036 - font_manager.py - findfont: score(<Font 'Chalkboard' (Chalkboard.ttc) normal normal 400 normal>) = 10.05
2022-01-13 00:04:53,036 - font_manager.py - findfont: score(<Font '.SF Compact Rounded' (SFCompactRounded-Light.otf) normal normal 300 normal>) = 10.145
2022-01-13 00:04:53,036 - font_manager.py - findfont: score(<Font 'Plantagenet Cherokee' (PlantagenetCherokee.ttf) normal normal 400 normal>) = 10.05
2022-01-13 00:04:53,036 - font_manager.py - findfont: score(<Font 'Herculanum' (Herculanum.ttf) normal normal 400 normal>) = 10.05
2022-01-13 00:04:53,036 - font_manager.py - findfont: score(<Font 'Silom' (Silom.ttf) normal normal 400 normal>) = 10.05
2022-01-13 00:04:53,036 - font_manager.py - findfont: score(<Font 'Avenir Next Condensed' (Avenir Next Condensed.ttc) normal normal 700 condensed>) = 10.535
2022-01-13 00:04:53,036 - font_manager.py - findfont: score(<Font 'Devanagari MT' (DevanagariMT.ttc) normal normal 400 normal>) = 10.05
2022-01-13 00:04:53,036 - font_manager.py - findfont: score(<Font 'Malayalam MN' (Malayalam MN.ttc) normal normal 400 normal>) = 10.05
2022-01-13 00:04:53,036 - font_manager.py - findfont: score(<Font 'Mishafi' (Mishafi.ttf) normal normal 400 normal>) = 10.05
2022-01-13 00:04:53,036 - font_manager.py - findfont: score(<Font 'Al Nile' (Al Nile.ttc) normal normal 400 normal>) = 10.05
2022-01-13 00:04:53,036 - font_manager.py - findfont: score(<Font 'Apple Chancery' (Apple Chancery.ttf) normal normal 0 normal>) = 10.43
2022-01-13 00:04:53,036 - font_manager.py - findfont: score(<Font '.SF NS Symbols' (SFNSSymbols-Black.otf) normal normal 900 normal>) = 10.525
2022-01-13 00:04:53,036 - font_manager.py - findfont: score(<Font '.SF Compact Text' (SFCompactText-HeavyItalic.otf) italic normal 800 normal>) = 11.43
2022-01-13 00:04:53,036 - font_manager.py - findfont: score(<Font '.SF Compact Rounded' (SFCompactRounded-Medium.otf) normal normal 500 normal>) = 10.145
2022-01-13 00:04:53,036 - font_manager.py - findfont: score(<Font '.SF NS Display Condensed' (SFNSDisplayCondensed-Black.otf) normal normal 900 condensed>) = 10.725
2022-01-13 00:04:53,037 - font_manager.py - findfont: score(<Font '.SF NS Display Condensed' (SFNSDisplayCondensed-Bold.otf) normal normal 800 condensed>) = 10.629999999999999
2022-01-13 00:04:53,037 - font_manager.py - findfont: score(<Font '.SF NS Text Condensed' (SFNSTextCondensed-Light.otf) normal normal 300 condensed>) = 10.344999999999999
2022-01-13 00:04:53,037 - font_manager.py - findfont: score(<Font 'STIXNonUnicode' (STIXNonUniIta.otf) italic normal 400 normal>) = 11.05
2022-01-13 00:04:53,037 - font_manager.py - findfont: score(<Font 'Comic Sans MS' (Comic Sans MS.ttf) normal normal 400 normal>) = 10.05
2022-01-13 00:04:53,037 - font_manager.py - findfont: score(<Font 'Didot' (Didot.ttc) normal normal 400 normal>) = 10.05
2022-01-13 00:04:53,037 - font_manager.py - findfont: score(<Font 'Luminari' (Luminari.ttf) normal normal 400 normal>) = 10.05
2022-01-13 00:04:53,037 - font_manager.py - findfont: score(<Font '.SF NS Symbols' (SFNSSymbols-Bold.otf) normal normal 700 normal>) = 10.335
2022-01-13 00:04:53,037 - font_manager.py - findfont: score(<Font 'System Font' (SFNSDisplay-ThinG2.otf) normal normal 740 normal>) = 10.373
2022-01-13 00:04:53,037 - font_manager.py - findfont: score(<Font 'Apple Braille' (Apple Braille Outline 6 Dot.ttf) normal normal 400 normal>) = 10.05
2022-01-13 00:04:53,037 - font_manager.py - findfont: score(<Font 'Gill Sans' (GillSans.ttc) normal normal 400 normal>) = 10.05
2022-01-13 00:04:53,037 - font_manager.py - findfont: score(<Font '.SF NS Symbols' (SFNSSymbols-Semibold.otf) normal normal 600 normal>) = 10.24
2022-01-13 00:04:53,037 - font_manager.py - findfont: score(<Font 'Muna' (Muna.ttc) normal normal 400 normal>) = 10.05
2022-01-13 00:04:53,037 - font_manager.py - findfont: score(<Font 'Times New Roman' (Times New Roman Bold Italic.ttf) italic normal 700 normal>) = 11.335
2022-01-13 00:04:53,037 - font_manager.py - findfont: score(<Font 'Gujarati Sangam MN' (Gujarati Sangam MN.ttc) normal normal 400 normal>) = 10.05
2022-01-13 00:04:53,037 - font_manager.py - findfont: score(<Font 'Hiragino Sans' (ヒラギノ角ゴシック W8.ttc) normal normal 800 normal>) = 10.43
2022-01-13 00:04:53,038 - font_manager.py - findfont: score(<Font 'STIXIntegralsUpD' (STIXIntUpDBol.otf) normal normal 700 normal>) = 10.335
2022-01-13 00:04:53,038 - font_manager.py - findfont: score(<Font 'Webdings' (Webdings.ttf) normal normal 400 normal>) = 10.05
2022-01-13 00:04:53,038 - font_manager.py - findfont: score(<Font 'Futura' (Futura.ttc) normal normal 500 normal>) = 10.145
2022-01-13 00:04:53,038 - font_manager.py - findfont: score(<Font 'Iowan Old Style' (Iowan Old Style.ttc) normal normal 400 normal>) = 10.05
2022-01-13 00:04:53,038 - font_manager.py - findfont: score(<Font 'Songti SC' (Songti.ttc) normal normal 900 normal>) = 10.525
2022-01-13 00:04:53,038 - font_manager.py - findfont: score(<Font 'Helvetica Neue' (HelveticaNeue.ttc) normal normal 400 normal>) = 10.05
2022-01-13 00:04:53,038 - font_manager.py - findfont: score(<Font 'Rockwell' (Rockwell.ttc) normal normal 400 normal>) = 10.05
2022-01-13 00:04:53,038 - font_manager.py - findfont: score(<Font 'Telugu Sangam MN' (Telugu Sangam MN.ttc) normal normal 400 normal>) = 10.05
2022-01-13 00:04:53,038 - font_manager.py - findfont: score(<Font 'Verdana' (Verdana Bold Italic.ttf) italic normal 700 normal>) = 11.335
2022-01-13 00:04:53,038 - font_manager.py - findfont: score(<Font 'Apple Braille' (Apple Braille.ttf) normal normal 400 normal>) = 10.05
2022-01-13 00:04:53,038 - font_manager.py - findfont: score(<Font '.SF NS Text Condensed' (SFNSTextCondensed-Bold.otf) normal normal 700 condensed>) = 10.535
2022-01-13 00:04:53,038 - font_manager.py - findfont: score(<Font 'Sathu' (Sathu.ttf) normal normal 400 normal>) = 10.05
2022-01-13 00:04:53,038 - font_manager.py - findfont: score(<Font 'Arial Narrow' (Arial Narrow Italic.ttf) italic normal 400 condensed>) = 11.25
2022-01-13 00:04:53,038 - font_manager.py - findfont: score(<Font '.Arabic UI Display' (ArabicUIDisplay.ttc) normal normal 900 normal>) = 10.525
2022-01-13 00:04:53,038 - font_manager.py - findfont: score(<Font '.SF NS Display Condensed' (SFNSDisplayCondensed-Medium.otf) normal normal 600 condensed>) = 10.44
2022-01-13 00:04:53,038 - font_manager.py - findfont: score(<Font 'Geeza Pro' (GeezaPro.ttc) normal normal 400 normal>) = 10.05
2022-01-13 00:04:53,039 - font_manager.py - findfont: score(<Font 'Marker Felt' (MarkerFelt.ttc) normal normal 400 normal>) = 10.05
2022-01-13 00:04:53,039 - font_manager.py - findfont: score(<Font 'DecoType Naskh' (DecoTypeNaskh.ttc) normal normal 400 normal>) = 10.05
2022-01-13 00:04:53,039 - font_manager.py - findfont: score(<Font '.SF Compact Text' (SFCompactText-Heavy.otf) normal normal 800 normal>) = 10.43
2022-01-13 00:04:53,039 - font_manager.py - findfont: score(<Font 'Trebuchet MS' (Trebuchet MS Bold.ttf) normal normal 700 normal>) = 10.335
2022-01-13 00:04:53,039 - font_manager.py - findfont: score(<Font 'STIXIntegralsSm' (STIXIntSmReg.otf) normal normal 400 normal>) = 10.05
2022-01-13 00:04:53,039 - font_manager.py - findfont: score(<Font 'System Font' (SFNSDisplay-BoldItalic.otf) italic normal 700 normal>) = 11.335
2022-01-13 00:04:53,039 - font_manager.py - findfont: score(<Font 'Arial Unicode MS' (Arial Unicode.ttf) normal normal 400 normal>) = 10.05
2022-01-13 00:04:53,039 - font_manager.py - findfont: Matching sans\-serif:style=normal:variant=normal:weight=normal:stretch=normal:size=20.0 to Arial ('/Library/Fonts/Arial.ttf') with score of 0.050000.
2022-01-13 00:04:53,041 - font_manager.py - findfont: Matching sans\-serif:style=normal:variant=normal:weight=normal:stretch=normal:size=25.0.
2022-01-13 00:04:53,042 - font_manager.py - findfont: score(<Font 'STIXGeneral' (STIXGeneral.ttf) normal normal 400 normal>) = 10.05
2022-01-13 00:04:53,042 - font_manager.py - findfont: score(<Font 'DejaVu Serif' (DejaVuSerif-Italic.ttf) italic normal 400 normal>) = 11.05
2022-01-13 00:04:53,042 - font_manager.py - findfont: score(<Font 'STIXSizeOneSym' (STIXSizOneSymReg.ttf) normal normal 400 normal>) = 10.05
2022-01-13 00:04:53,042 - font_manager.py - findfont: score(<Font 'cmmi10' (cmmi10.ttf) normal normal 400 normal>) = 10.05
2022-01-13 00:04:53,042 - font_manager.py - findfont: score(<Font 'cmr10' (cmr10.ttf) normal normal 400 normal>) = 10.05
2022-01-13 00:04:53,042 - font_manager.py - findfont: score(<Font 'DejaVu Sans' (DejaVuSans-BoldOblique.ttf) oblique normal 700 normal>) = 3.335
2022-01-13 00:04:53,042 - font_manager.py - findfont: score(<Font 'DejaVu Sans' (DejaVuSans-Oblique.ttf) oblique normal 400 normal>) = 3.05
2022-01-13 00:04:53,042 - font_manager.py - findfont: score(<Font 'STIXSizeFourSym' (STIXSizFourSymBol.ttf) normal normal 700 normal>) = 10.335
2022-01-13 00:04:53,042 - font_manager.py - findfont: score(<Font 'DejaVu Serif' (DejaVuSerif.ttf) normal normal 400 normal>) = 10.05
2022-01-13 00:04:53,042 - font_manager.py - findfont: score(<Font 'DejaVu Sans Mono' (DejaVuSansMono.ttf) normal normal 400 normal>) = 10.05
2022-01-13 00:04:53,042 - font_manager.py - findfont: score(<Font 'DejaVu Sans' (DejaVuSans-Bold.ttf) normal normal 700 normal>) = 2.335
2022-01-13 00:04:53,042 - font_manager.py - findfont: score(<Font 'STIXNonUnicode' (STIXNonUniBolIta.ttf) italic normal 700 normal>) = 11.335
2022-01-13 00:04:53,042 - font_manager.py - findfont: score(<Font 'cmb10' (cmb10.ttf) normal normal 400 normal>) = 10.05
2022-01-13 00:04:53,043 - font_manager.py - findfont: score(<Font 'STIXNonUnicode' (STIXNonUni.ttf) normal normal 400 normal>) = 10.05
2022-01-13 00:04:53,043 - font_manager.py - findfont: score(<Font 'cmsy10' (cmsy10.ttf) normal normal 400 normal>) = 10.05
2022-01-13 00:04:53,043 - font_manager.py - findfont: score(<Font 'STIXSizeThreeSym' (STIXSizThreeSymBol.ttf) normal normal 700 normal>) = 10.335
2022-01-13 00:04:53,043 - font_manager.py - findfont: score(<Font 'DejaVu Sans' (DejaVuSans.ttf) normal normal 400 normal>) = 2.05
2022-01-13 00:04:53,043 - font_manager.py - findfont: score(<Font 'cmss10' (cmss10.ttf) normal normal 400 normal>) = 10.05
2022-01-13 00:04:53,043 - font_manager.py - findfont: score(<Font 'STIXGeneral' (STIXGeneralBolIta.ttf) italic normal 700 normal>) = 11.335
2022-01-13 00:04:53,043 - font_manager.py - findfont: score(<Font 'STIXSizeFourSym' (STIXSizFourSymReg.ttf) normal normal 400 normal>) = 10.05
2022-01-13 00:04:53,043 - font_manager.py - findfont: score(<Font 'STIXSizeTwoSym' (STIXSizTwoSymReg.ttf) normal normal 400 normal>) = 10.05
2022-01-13 00:04:53,043 - font_manager.py - findfont: score(<Font 'STIXNonUnicode' (STIXNonUniIta.ttf) italic normal 400 normal>) = 11.05
2022-01-13 00:04:53,043 - font_manager.py - findfont: score(<Font 'STIXGeneral' (STIXGeneralBol.ttf) normal normal 700 normal>) = 10.335
2022-01-13 00:04:53,043 - font_manager.py - findfont: score(<Font 'cmex10' (cmex10.ttf) normal normal 400 normal>) = 10.05
2022-01-13 00:04:53,043 - font_manager.py - findfont: score(<Font 'DejaVu Serif' (DejaVuSerif-BoldItalic.ttf) italic normal 700 normal>) = 11.335
2022-01-13 00:04:53,043 - font_manager.py - findfont: score(<Font 'cmtt10' (cmtt10.ttf) normal normal 400 normal>) = 10.05
2022-01-13 00:04:53,043 - font_manager.py - findfont: score(<Font 'DejaVu Sans Mono' (DejaVuSansMono-Bold.ttf) normal normal 700 normal>) = 10.335
2022-01-13 00:04:53,043 - font_manager.py - findfont: score(<Font 'DejaVu Sans Mono' (DejaVuSansMono-Oblique.ttf) oblique normal 400 normal>) = 11.05
2022-01-13 00:04:53,043 - font_manager.py - findfont: score(<Font 'STIXSizeTwoSym' (STIXSizTwoSymBol.ttf) normal normal 700 normal>) = 10.335
2022-01-13 00:04:53,043 - font_manager.py - findfont: score(<Font 'STIXSizeOneSym' (STIXSizOneSymBol.ttf) normal normal 700 normal>) = 10.335
2022-01-13 00:04:53,044 - font_manager.py - findfont: score(<Font 'DejaVu Serif' (DejaVuSerif-Bold.ttf) normal normal 700 normal>) = 10.335
2022-01-13 00:04:53,044 - font_manager.py - findfont: score(<Font 'STIXNonUnicode' (STIXNonUniBol.ttf) normal normal 700 normal>) = 10.335
2022-01-13 00:04:53,044 - font_manager.py - findfont: score(<Font 'STIXSizeThreeSym' (STIXSizThreeSymReg.ttf) normal normal 400 normal>) = 10.05
2022-01-13 00:04:53,044 - font_manager.py - findfont: score(<Font 'DejaVu Sans Display' (DejaVuSansDisplay.ttf) normal normal 400 normal>) = 10.05
2022-01-13 00:04:53,044 - font_manager.py - findfont: score(<Font 'STIXGeneral' (STIXGeneralItalic.ttf) italic normal 400 normal>) = 11.05
2022-01-13 00:04:53,044 - font_manager.py - findfont: score(<Font 'DejaVu Serif Display' (DejaVuSerifDisplay.ttf) normal normal 400 normal>) = 10.05
2022-01-13 00:04:53,044 - font_manager.py - findfont: score(<Font 'STIXSizeFiveSym' (STIXSizFiveSymReg.ttf) normal normal 400 normal>) = 10.05
2022-01-13 00:04:53,044 - font_manager.py - findfont: score(<Font 'DejaVu Sans Mono' (DejaVuSansMono-BoldOblique.ttf) oblique normal 700 normal>) = 11.335
2022-01-13 00:04:53,044 - font_manager.py - findfont: score(<Font '.SF NS Display Condensed' (SFNSDisplayCondensed-Thin.otf) normal normal 400 condensed>) = 10.25
2022-01-13 00:04:53,044 - font_manager.py - findfont: score(<Font 'Tamil MN' (Tamil MN.ttc) normal normal 400 normal>) = 10.05
2022-01-13 00:04:53,044 - font_manager.py - findfont: score(<Font '.SF NS Symbols' (SFNSSymbols-Medium.otf) normal normal 500 normal>) = 10.145
2022-01-13 00:04:53,044 - font_manager.py - findfont: score(<Font 'Hiragino Sans' (ヒラギノ角ゴシック W2.ttc) normal normal 250 normal>) = 10.1925
2022-01-13 00:04:53,044 - font_manager.py - findfont: score(<Font '.SF Compact Text' (SFCompactText-Light.otf) normal normal 300 normal>) = 10.145
2022-01-13 00:04:53,044 - font_manager.py - findfont: score(<Font 'Ayuthaya' (Ayuthaya.ttf) normal normal 400 normal>) = 10.05
2022-01-13 00:04:53,044 - font_manager.py - findfont: score(<Font 'STIXIntegralsUpD' (STIXIntUpDReg.otf) normal normal 400 normal>) = 10.05
2022-01-13 00:04:53,045 - font_manager.py - findfont: score(<Font 'Myriad Pro' (Myriad-Pro-Light_31642.ttf) normal normal 300 normal>) = 10.145
2022-01-13 00:04:53,045 - font_manager.py - findfont: score(<Font '.SF Compact Rounded' (SFCompactRounded-Regular.otf) normal normal 400 normal>) = 10.05
2022-01-13 00:04:53,045 - font_manager.py - findfont: score(<Font 'Athelas' (Athelas.ttc) normal normal 400 normal>) = 10.05
2022-01-13 00:04:53,045 - font_manager.py - findfont: score(<Font 'Bodoni 72' (Bodoni 72.ttc) normal normal 400 normal>) = 10.05
2022-01-13 00:04:53,045 - font_manager.py - findfont: score(<Font '.SF Compact Text' (SFCompactText-SemiboldItalic.otf) italic normal 600 normal>) = 11.24
2022-01-13 00:04:53,045 - font_manager.py - findfont: score(<Font 'Kohinoor Devanagari' (Kohinoor.ttc) normal normal 400 normal>) = 10.05
2022-01-13 00:04:53,045 - font_manager.py - findfont: score(<Font 'Hiragino Sans' (ヒラギノ角ゴシック W6.ttc) normal normal 600 normal>) = 10.24
2022-01-13 00:04:53,045 - font_manager.py - findfont: score(<Font 'STIXNonUnicode' (STIXNonUniBolIta.otf) italic normal 700 normal>) = 11.335
2022-01-13 00:04:53,045 - font_manager.py - findfont: score(<Font 'Skia' (Skia.ttf) normal normal 5 normal>) = 10.42525
2022-01-13 00:04:53,045 - font_manager.py - findfont: score(<Font 'Mishafi Gold' (Mishafi Gold.ttf) normal normal 400 normal>) = 10.05
2022-01-13 00:04:53,045 - font_manager.py - findfont: score(<Font 'PingFang HK' (PingFang.ttc) normal normal 400 normal>) = 10.05
2022-01-13 00:04:53,045 - font_manager.py - findfont: score(<Font 'Gujarati MT' (GujaratiMT.ttc) normal normal 400 normal>) = 10.05
2022-01-13 00:04:53,045 - font_manager.py - findfont: score(<Font 'Malayalam Sangam MN' (Malayalam Sangam MN.ttc) normal normal 400 normal>) = 10.05
2022-01-13 00:04:53,045 - font_manager.py - findfont: score(<Font 'System Font' (SFNSDisplay-UltralightItalic.otf) italic normal 100 normal>) = 11.335
2022-01-13 00:04:53,045 - font_manager.py - findfont: score(<Font 'Al Tarikh' (Al Tarikh.ttc) normal normal 400 normal>) = 10.05
2022-01-13 00:04:53,045 - font_manager.py - findfont: score(<Font 'System Font' (SFNSDisplay-ThinItalic.otf) italic normal 200 normal>) = 11.24
2022-01-13 00:04:53,046 - font_manager.py - findfont: score(<Font 'STIXIntegralsSm' (STIXIntSmBol.otf) normal normal 700 normal>) = 10.335
2022-01-13 00:04:53,046 - font_manager.py - findfont: score(<Font 'STIXSizeOneSym' (STIXSizOneSymReg.otf) normal normal 400 normal>) = 10.05
2022-01-13 00:04:53,046 - font_manager.py - findfont: score(<Font 'Noto Nastaliq Urdu' (NotoNastaliq.ttc) normal normal 400 normal>) = 10.05
2022-01-13 00:04:53,046 - font_manager.py - findfont: score(<Font '.SF Compact Text' (SFCompactText-Medium.otf) normal normal 500 normal>) = 10.145
2022-01-13 00:04:53,046 - font_manager.py - findfont: score(<Font '.SF NS Symbols' (SFNSSymbols-Light.otf) normal normal 300 normal>) = 10.145
2022-01-13 00:04:53,046 - font_manager.py - findfont: score(<Font '.SF NS Rounded' (SFNSRounded.ttf) normal normal 400 normal>) = 10.05
2022-01-13 00:04:53,046 - font_manager.py - findfont: score(<Font '.SF Compact Text' (SFCompactText-RegularItalic.otf) italic normal 400 normal>) = 11.05
2022-01-13 00:04:53,046 - font_manager.py - findfont: score(<Font 'Damascus' (Damascus.ttc) normal normal 400 normal>) = 10.05
2022-01-13 00:04:53,046 - font_manager.py - findfont: score(<Font 'Savoye LET' (Savoye LET.ttc) normal normal 400 normal>) = 10.05
2022-01-13 00:04:53,046 - font_manager.py - findfont: score(<Font '.SF Compact Text' (SFCompactText-Regular.otf) normal normal 400 normal>) = 10.05
2022-01-13 00:04:53,046 - font_manager.py - findfont: score(<Font 'Gurmukhi MN' (Gurmukhi MN.ttc) normal normal 400 normal>) = 10.05
2022-01-13 00:04:53,046 - font_manager.py - findfont: score(<Font 'STIXSizeThreeSym' (STIXSizThreeSymReg.otf) normal normal 400 normal>) = 10.05
2022-01-13 00:04:53,046 - font_manager.py - findfont: score(<Font '.SF Compact Text' (SFCompactText-Semibold.otf) normal normal 600 normal>) = 10.24
2022-01-13 00:04:53,046 - font_manager.py - findfont: score(<Font '.SF Compact Display' (SFCompactDisplay-Thin.otf) normal normal 200 normal>) = 10.24
2022-01-13 00:04:53,046 - font_manager.py - findfont: score(<Font 'Farisi' (Farisi.ttf) normal normal 400 normal>) = 10.05
2022-01-13 00:04:53,046 - font_manager.py - findfont: score(<Font 'Brush Script MT' (Brush Script.ttf) italic normal 400 normal>) = 11.05
2022-01-13 00:04:53,047 - font_manager.py - findfont: score(<Font 'Myanmar Sangam MN' (Myanmar Sangam MN.ttc) normal normal 400 normal>) = 10.05
2022-01-13 00:04:53,047 - font_manager.py - findfont: score(<Font 'STIXVariants' (STIXVar.otf) normal normal 400 normal>) = 10.05
2022-01-13 00:04:53,047 - font_manager.py - findfont: score(<Font 'PT Mono' (PTMono.ttc) normal normal 700 normal>) = 10.335
2022-01-13 00:04:53,047 - font_manager.py - findfont: score(<Font 'Raanana' (Raanana.ttc) normal normal 400 normal>) = 10.05
2022-01-13 00:04:53,047 - font_manager.py - findfont: score(<Font 'Hiragino Sans GB' (Hiragino Sans GB.ttc) normal normal 300 normal>) = 10.145
2022-01-13 00:04:53,047 - font_manager.py - findfont: score(<Font 'Wingdings 2' (Wingdings 2.ttf) normal normal 400 normal>) = 10.05
2022-01-13 00:04:53,047 - font_manager.py - findfont: score(<Font 'Verdana' (Verdana Bold.ttf) normal normal 700 normal>) = 10.335
2022-01-13 00:04:53,047 - font_manager.py - findfont: score(<Font 'Hiragino Sans' (ヒラギノ角ゴシック W4.ttc) normal normal 400 normal>) = 10.05
2022-01-13 00:04:53,047 - font_manager.py - findfont: score(<Font '.SF NS Display Condensed' (SFNSDisplayCondensed-Heavy.otf) normal normal 800 condensed>) = 10.629999999999999
2022-01-13 00:04:53,047 - font_manager.py - findfont: score(<Font 'Heiti TC' (STHeiti Medium.ttc) normal normal 400 normal>) = 10.05
2022-01-13 00:04:53,047 - font_manager.py - findfont: score(<Font 'Verdana' (Verdana Italic.ttf) italic normal 400 normal>) = 11.05
2022-01-13 00:04:53,047 - font_manager.py - findfont: score(<Font '.SF Compact Rounded' (SFCompactRounded-Black.otf) normal normal 900 normal>) = 10.525
2022-01-13 00:04:53,047 - font_manager.py - findfont: score(<Font 'STIXSizeFiveSym' (STIXSizFiveSymReg.otf) normal normal 400 normal>) = 10.05
2022-01-13 00:04:53,047 - font_manager.py - findfont: score(<Font 'System Font' (SFNSTextItalic.ttf) italic normal 400 normal>) = 11.05
2022-01-13 00:04:53,047 - font_manager.py - findfont: score(<Font 'Thonburi' (Thonburi.ttc) normal normal 400 normal>) = 10.05
2022-01-13 00:04:53,047 - font_manager.py - findfont: score(<Font '.Arabic UI Text' (ArabicUIText.ttc) normal normal 400 normal>) = 10.05
2022-01-13 00:04:53,048 - font_manager.py - findfont: score(<Font 'Superclarendon' (SuperClarendon.ttc) normal normal 400 normal>) = 10.05
2022-01-13 00:04:53,048 - font_manager.py - findfont: score(<Font 'Sinhala Sangam MN' (Sinhala Sangam MN.ttc) normal normal 400 normal>) = 10.05
2022-01-13 00:04:53,048 - font_manager.py - findfont: score(<Font 'PT Serif Caption' (PTSerifCaption.ttc) normal normal 400 normal>) = 10.05
2022-01-13 00:04:53,048 - font_manager.py - findfont: score(<Font 'Trebuchet MS' (Trebuchet MS Bold Italic.ttf) italic normal 700 normal>) = 11.335
2022-01-13 00:04:53,048 - font_manager.py - findfont: score(<Font 'Wingdings 3' (Wingdings 3.ttf) normal normal 400 normal>) = 10.05
2022-01-13 00:04:53,048 - font_manager.py - findfont: score(<Font 'Hoefler Text' (Hoefler Text.ttc) normal normal 400 normal>) = 10.05
2022-01-13 00:04:53,048 - font_manager.py - findfont: score(<Font 'Noteworthy' (Noteworthy.ttc) normal normal 300 normal>) = 10.145
2022-01-13 00:04:53,048 - font_manager.py - findfont: score(<Font 'Chalkboard SE' (ChalkboardSE.ttc) normal normal 400 normal>) = 10.05
2022-01-13 00:04:53,048 - font_manager.py - findfont: score(<Font 'Krungthep' (Krungthep.ttf) normal normal 400 normal>) = 10.05
2022-01-13 00:04:53,048 - font_manager.py - findfont: score(<Font '.SF NS Symbols' (SFNSSymbols-Regular.otf) normal normal 400 normal>) = 10.05
2022-01-13 00:04:53,048 - font_manager.py - findfont: score(<Font 'Zapf Dingbats' (ZapfDingbats.ttf) normal normal 400 normal>) = 10.05
2022-01-13 00:04:53,048 - font_manager.py - findfont: score(<Font 'Kefa' (Kefa.ttc) normal normal 400 normal>) = 10.05
2022-01-13 00:04:53,048 - font_manager.py - findfont: score(<Font 'Beirut' (Beirut.ttc) normal normal 700 normal>) = 10.335
2022-01-13 00:04:53,048 - font_manager.py - findfont: score(<Font '.SF Compact Text' (SFCompactText-Bold.otf) normal normal 700 normal>) = 10.335
2022-01-13 00:04:53,048 - font_manager.py - findfont: score(<Font 'Kannada MN' (Kannada MN.ttc) normal normal 400 normal>) = 10.05
2022-01-13 00:04:53,048 - font_manager.py - findfont: score(<Font 'Kohinoor Telugu' (KohinoorTelugu.ttc) normal normal 400 normal>) = 10.05
2022-01-13 00:04:53,048 - font_manager.py - findfont: score(<Font 'Tahoma' (Tahoma.ttf) normal normal 400 normal>) = 10.05
2022-01-13 00:04:53,049 - font_manager.py - findfont: score(<Font 'Baskerville' (Baskerville.ttc) normal normal 400 normal>) = 10.05
2022-01-13 00:04:53,049 - font_manager.py - findfont: score(<Font 'STIXGeneral' (STIXGeneralItalic.otf) italic normal 400 normal>) = 11.05
2022-01-13 00:04:53,049 - font_manager.py - findfont: score(<Font 'Hiragino Sans' (ヒラギノ角ゴシック W1.ttc) normal normal 200 normal>) = 10.24
2022-01-13 00:04:53,049 - font_manager.py - findfont: score(<Font 'Times New Roman' (Times New Roman Bold.ttf) normal normal 700 normal>) = 10.335
2022-01-13 00:04:53,049 - font_manager.py - findfont: score(<Font '.SF Compact Rounded' (SFCompactRounded-Bold.otf) normal normal 700 normal>) = 10.335
2022-01-13 00:04:53,049 - font_manager.py - findfont: score(<Font 'Helvetica' (Helvetica.ttc) normal normal 400 normal>) = 10.05
2022-01-13 00:04:53,049 - font_manager.py - findfont: score(<Font '.SF Compact Display' (SFCompactDisplay-Heavy.otf) normal normal 800 normal>) = 10.43
2022-01-13 00:04:53,049 - font_manager.py - findfont: score(<Font '.SF Compact Text' (SFCompactText-BoldItalic.otf) italic normal 700 normal>) = 11.335
2022-01-13 00:04:53,049 - font_manager.py - findfont: score(<Font '.SF NS Symbols' (SFNSSymbols-Ultralight.otf) normal normal 100 normal>) = 10.335
2022-01-13 00:04:53,049 - font_manager.py - findfont: score(<Font 'Avenir Next' (Avenir Next.ttc) normal normal 700 normal>) = 10.335
2022-01-13 00:04:53,049 - font_manager.py - findfont: score(<Font 'Heiti TC' (STHeiti Light.ttc) normal normal 300 normal>) = 10.145
2022-01-13 00:04:53,049 - font_manager.py - findfont: score(<Font 'Kokonor' (Kokonor.ttf) normal normal 400 normal>) = 10.05
2022-01-13 00:04:53,049 - font_manager.py - findfont: score(<Font 'Apple Braille' (Apple Braille Pinpoint 8 Dot.ttf) normal normal 400 normal>) = 10.05
2022-01-13 00:04:53,049 - font_manager.py - findfont: score(<Font 'Sukhumvit Set' (SukhumvitSet.ttc) normal normal 250 normal>) = 10.1925
2022-01-13 00:04:53,049 - font_manager.py - findfont: score(<Font 'Lao MN' (Lao MN.ttc) normal normal 400 normal>) = 10.05
2022-01-13 00:04:53,049 - font_manager.py - findfont: score(<Font 'System Font' (SFNSDisplay.ttf) normal normal 400 normal>) = 10.05
2022-01-13 00:04:53,050 - font_manager.py - findfont: score(<Font 'Nadeem' (Nadeem.ttc) normal normal 400 normal>) = 10.05
2022-01-13 00:04:53,050 - font_manager.py - findfont: score(<Font 'STIXSizeTwoSym' (STIXSizTwoSymReg.otf) normal normal 400 normal>) = 10.05
2022-01-13 00:04:53,050 - font_manager.py - findfont: score(<Font 'Gurmukhi MT' (Gurmukhi.ttf) normal normal 500 normal>) = 10.145
2022-01-13 00:04:53,050 - font_manager.py - findfont: score(<Font 'Bradley Hand' (Bradley Hand Bold.ttf) normal normal 700 normal>) = 10.335
2022-01-13 00:04:53,050 - font_manager.py - findfont: score(<Font 'System Font' (SFNSDisplay-ThinG3.otf) normal normal 740 normal>) = 10.373
2022-01-13 00:04:53,050 - font_manager.py - findfont: score(<Font 'Georgia' (Georgia Bold.ttf) normal normal 700 normal>) = 10.335
2022-01-13 00:04:53,050 - font_manager.py - findfont: score(<Font 'Lucida Grande' (LucidaGrande.ttc) normal normal 500 normal>) = 10.145
2022-01-13 00:04:53,050 - font_manager.py - findfont: score(<Font '.SF NS Display Condensed' (SFNSDisplayCondensed-Regular.otf) normal normal 600 condensed>) = 10.44
2022-01-13 00:04:53,050 - font_manager.py - findfont: score(<Font 'System Font' (SFNSDisplay-MediumItalic.otf) italic normal 500 normal>) = 11.145
2022-01-13 00:04:53,050 - font_manager.py - findfont: score(<Font '.SF Compact Display' (SFCompactDisplay-Medium.otf) normal normal 500 normal>) = 10.145
2022-01-13 00:04:53,050 - font_manager.py - findfont: score(<Font 'Bodoni 72 Oldstyle' (Bodoni 72 OS.ttc) normal normal 400 normal>) = 10.05
2022-01-13 00:04:53,050 - font_manager.py - findfont: score(<Font 'Times New Roman' (Times New Roman Italic.ttf) italic normal 400 normal>) = 11.05
2022-01-13 00:04:53,050 - font_manager.py - findfont: score(<Font 'STIXNonUnicode' (STIXNonUniBol.otf) normal normal 700 normal>) = 10.335
2022-01-13 00:04:53,050 - font_manager.py - findfont: score(<Font 'Farah' (Farah.ttc) normal normal 400 normal>) = 10.05
2022-01-13 00:04:53,050 - font_manager.py - findfont: score(<Font 'STIXNonUnicode' (STIXNonUni.otf) normal normal 400 normal>) = 10.05
2022-01-13 00:04:53,051 - font_manager.py - findfont: score(<Font 'STIXIntegralsUpSm' (STIXIntUpSmReg.otf) normal normal 400 normal>) = 10.05
2022-01-13 00:04:53,051 - font_manager.py - findfont: score(<Font 'Symbol' (Symbol.ttf) normal normal 400 normal>) = 10.05
2022-01-13 00:04:53,051 - font_manager.py - findfont: score(<Font 'System Font' (SFNSText.ttf) normal normal 400 normal>) = 10.05
2022-01-13 00:04:53,051 - font_manager.py - findfont: score(<Font 'Arial' (Arial Italic.ttf) italic normal 400 normal>) = 1.05
2022-01-13 00:04:53,051 - font_manager.py - findfont: score(<Font 'Hiragino Sans' (ヒラギノ角ゴシック W7.ttc) normal normal 700 normal>) = 10.335
2022-01-13 00:04:53,051 - font_manager.py - findfont: score(<Font 'New Peninim MT' (NewPeninimMT.ttc) normal normal 400 normal>) = 10.05
2022-01-13 00:04:53,051 - font_manager.py - findfont: score(<Font 'Hiragino Sans' (ヒラギノ角ゴシック W9.ttc) normal normal 900 normal>) = 10.525
2022-01-13 00:04:53,051 - font_manager.py - findfont: score(<Font 'Courier New' (Courier New Bold.ttf) normal normal 700 normal>) = 10.335
2022-01-13 00:04:53,051 - font_manager.py - findfont: score(<Font 'Tamil Sangam MN' (Tamil Sangam MN.ttc) normal normal 400 normal>) = 10.05
2022-01-13 00:04:53,051 - font_manager.py - findfont: score(<Font 'System Font' (SFNSDisplay-SemiboldItalic.otf) italic normal 600 normal>) = 11.24
2022-01-13 00:04:53,051 - font_manager.py - findfont: score(<Font 'Kailasa' (Kailasa.ttc) normal normal 400 normal>) = 10.05
2022-01-13 00:04:53,051 - font_manager.py - findfont: score(<Font 'Sinhala MN' (Sinhala MN.ttc) normal normal 400 normal>) = 10.05
2022-01-13 00:04:53,051 - font_manager.py - findfont: score(<Font 'Kohinoor Bangla' (KohinoorBangla.ttc) normal normal 400 normal>) = 10.05
2022-01-13 00:04:53,051 - font_manager.py - findfont: score(<Font 'Big Caslon' (BigCaslon.ttf) normal normal 500 normal>) = 10.145
2022-01-13 00:04:53,051 - font_manager.py - findfont: score(<Font 'Phosphate' (Phosphate.ttc) normal normal 400 normal>) = 10.05
2022-01-13 00:04:53,052 - font_manager.py - findfont: score(<Font 'Corsiva Hebrew' (Corsiva.ttc) normal normal 400 normal>) = 10.05
2022-01-13 00:04:53,052 - font_manager.py - findfont: score(<Font 'Cochin' (Cochin.ttc) normal normal 500 normal>) = 10.145
2022-01-13 00:04:53,052 - font_manager.py - findfont: score(<Font 'STIXIntegralsUp' (STIXIntUpBol.otf) normal normal 700 normal>) = 10.335
2022-01-13 00:04:53,052 - font_manager.py - findfont: score(<Font 'Optima' (Optima.ttc) normal normal 400 normal>) = 10.05
2022-01-13 00:04:53,052 - font_manager.py - findfont: score(<Font '.Keyboard' (Keyboard.ttf) normal normal 100 normal>) = 10.335
2022-01-13 00:04:53,052 - font_manager.py - findfont: score(<Font 'Hiragino Sans' (ヒラギノ角ゴシック W0.ttc) normal normal 100 normal>) = 10.335
2022-01-13 00:04:53,052 - font_manager.py - findfont: score(<Font 'DIN Condensed' (DIN Condensed Bold.ttf) normal normal 700 condensed>) = 10.535
2022-01-13 00:04:53,052 - font_manager.py - findfont: score(<Font 'Arial Rounded MT Bold' (Arial Rounded Bold.ttf) normal normal 400 normal>) = 10.05
2022-01-13 00:04:53,052 - font_manager.py - findfont: score(<Font 'Menlo' (Menlo.ttc) normal normal 400 normal>) = 10.05
2022-01-13 00:04:53,052 - font_manager.py - findfont: score(<Font 'DIN Alternate' (DIN Alternate Bold.ttf) normal normal 700 normal>) = 10.335
2022-01-13 00:04:53,052 - font_manager.py - findfont: score(<Font 'Arial' (Arial.ttf) normal normal 400 normal>) = 0.05
2022-01-13 00:04:53,052 - font_manager.py - findfont: score(<Font 'Trebuchet MS' (Trebuchet MS.ttf) normal normal 400 normal>) = 10.05
2022-01-13 00:04:53,052 - font_manager.py - findfont: score(<Font 'Courier New' (Courier New Italic.ttf) italic normal 400 normal>) = 11.05
2022-01-13 00:04:53,052 - font_manager.py - findfont: score(<Font 'Hoefler Text' (Hoefler Text Ornaments.ttf) normal normal 400 normal>) = 10.05
2022-01-13 00:04:53,052 - font_manager.py - findfont: score(<Font '.SF NS Text Condensed' (SFNSTextCondensed-Medium.otf) normal normal 500 condensed>) = 10.344999999999999
2022-01-13 00:04:53,052 - font_manager.py - findfont: score(<Font 'Apple Symbols' (Apple Symbols.ttf) normal normal 400 normal>) = 10.05
2022-01-13 00:04:53,053 - font_manager.py - findfont: score(<Font 'STIXGeneral' (STIXGeneral.otf) normal normal 400 normal>) = 10.05
2022-01-13 00:04:53,053 - font_manager.py - findfont: score(<Font '.SF NS Display Condensed' (SFNSDisplayCondensed-Light.otf) normal normal 500 condensed>) = 10.344999999999999
2022-01-13 00:04:53,053 - font_manager.py - findfont: score(<Font 'Copperplate' (Copperplate.ttc) normal normal 400 normal>) = 10.05
2022-01-13 00:04:53,053 - font_manager.py - findfont: score(<Font 'Hiragino Maru Gothic Pro' (ヒラギノ丸ゴ ProN W4.ttc) normal normal 400 normal>) = 10.05
2022-01-13 00:04:53,053 - font_manager.py - findfont: score(<Font '.SF Compact Display' (SFCompactDisplay-Black.otf) normal normal 900 normal>) = 10.525
2022-01-13 00:04:53,053 - font_manager.py - findfont: score(<Font 'STIXIntegralsUp' (STIXIntUpReg.otf) normal normal 400 normal>) = 10.05
2022-01-13 00:04:53,053 - font_manager.py - findfont: score(<Font 'STIXSizeTwoSym' (STIXSizTwoSymBol.otf) normal normal 700 normal>) = 10.335
2022-01-13 00:04:53,053 - font_manager.py - findfont: score(<Font 'Arial Black' (Arial Black.ttf) normal normal 900 normal>) = 10.525
2022-01-13 00:04:53,053 - font_manager.py - findfont: score(<Font 'PT Serif' (PTSerif.ttc) normal normal 400 normal>) = 10.05
2022-01-13 00:04:53,053 - font_manager.py - findfont: score(<Font 'KufiStandardGK' (KufiStandardGK.ttc) normal normal 400 normal>) = 10.05
2022-01-13 00:04:53,053 - font_manager.py - findfont: score(<Font 'Trattatello' (Trattatello.ttf) normal normal 400 normal>) = 10.05
2022-01-13 00:04:53,053 - font_manager.py - findfont: score(<Font 'System Font' (SFNSDisplay-RegularItalic.otf) italic normal 400 normal>) = 11.05
2022-01-13 00:04:53,053 - font_manager.py - findfont: score(<Font 'American Typewriter' (AmericanTypewriter.ttc) normal normal 400 normal>) = 10.05
2022-01-13 00:04:53,053 - font_manager.py - findfont: score(<Font 'System Font' (SFNSDisplay-ThinG4.otf) normal normal 740 normal>) = 10.373
2022-01-13 00:04:53,053 - font_manager.py - findfont: score(<Font 'Bangla MN' (Bangla MN.ttc) normal normal 400 normal>) = 10.05
2022-01-13 00:04:53,053 - font_manager.py - findfont: score(<Font '.SF Compact Text' (SFCompactText-LightItalic.otf) italic normal 300 normal>) = 11.145
2022-01-13 00:04:53,054 - font_manager.py - findfont: score(<Font 'SignPainter' (SignPainter.ttc) normal normal 400 normal>) = 10.05
2022-01-13 00:04:53,054 - font_manager.py - findfont: score(<Font 'Khmer Sangam MN' (Khmer Sangam MN.ttf) normal normal 400 normal>) = 10.05
2022-01-13 00:04:53,054 - font_manager.py - findfont: score(<Font 'System Font' (SFNSDisplay-HeavyItalic.otf) italic normal 800 normal>) = 11.43
2022-01-13 00:04:53,054 - font_manager.py - findfont: score(<Font 'Gurmukhi Sangam MN' (Gurmukhi Sangam MN.ttc) normal normal 400 normal>) = 10.05
2022-01-13 00:04:53,054 - font_manager.py - findfont: score(<Font '.SF Compact Text' (SFCompactText-MediumItalic.otf) italic normal 500 normal>) = 11.145
2022-01-13 00:04:53,054 - font_manager.py - findfont: score(<Font 'Arial Narrow' (Arial Narrow Bold.ttf) normal normal 700 condensed>) = 10.535
2022-01-13 00:04:53,054 - font_manager.py - findfont: score(<Font '.SF Compact Rounded' (SFCompactRounded-Ultralight.otf) normal normal 100 normal>) = 10.335
2022-01-13 00:04:53,054 - font_manager.py - findfont: score(<Font 'STIXSizeThreeSym' (STIXSizThreeSymBol.otf) normal normal 700 normal>) = 10.335
2022-01-13 00:04:53,054 - font_manager.py - findfont: score(<Font 'Myriad Pro' (Myriad-Pro-Light_31642.ttf) normal normal 300 normal>) = 10.145
2022-01-13 00:04:53,054 - font_manager.py - findfont: score(<Font 'Arial Hebrew' (ArialHB.ttc) normal normal 400 normal>) = 10.05
2022-01-13 00:04:53,054 - font_manager.py - findfont: score(<Font 'Chalkduster' (Chalkduster.ttf) normal normal 400 normal>) = 10.05
2022-01-13 00:04:53,054 - font_manager.py - findfont: score(<Font 'Georgia' (Georgia.ttf) normal normal 400 normal>) = 10.05
2022-01-13 00:04:53,054 - font_manager.py - findfont: score(<Font 'Arial' (Arial Bold Italic.ttf) italic normal 700 normal>) = 1.335
2022-01-13 00:04:53,054 - font_manager.py - findfont: score(<Font 'Apple SD Gothic Neo' (AppleSDGothicNeo.ttc) normal normal 400 normal>) = 10.05
2022-01-13 00:04:53,054 - font_manager.py - findfont: score(<Font '.Helvetica Neue DeskInterface' (HelveticaNeueDeskInterface.ttc) normal normal 400 normal>) = 10.05
2022-01-13 00:04:53,054 - font_manager.py - findfont: score(<Font 'Zapfino' (Zapfino.ttf) normal normal 400 normal>) = 10.05
2022-01-13 00:04:53,055 - font_manager.py - findfont: score(<Font 'Bodoni 72 Smallcaps' (Bodoni 72 Smallcaps Book.ttf) normal normal 400 normal>) = 10.05
2022-01-13 00:04:53,055 - font_manager.py - findfont: score(<Font 'Diwan Thuluth' (Diwan Thuluth.ttf) normal normal 400 normal>) = 10.05
2022-01-13 00:04:53,055 - font_manager.py - findfont: score(<Font 'Shree Devanagari 714' (Shree714.ttc) normal normal 400 normal>) = 10.05
2022-01-13 00:04:53,055 - font_manager.py - findfont: score(<Font 'PT Sans' (PTSans.ttc) normal normal 400 normal>) = 10.05
2022-01-13 00:04:53,055 - font_manager.py - findfont: score(<Font 'Seravek' (Seravek.ttc) normal normal 400 normal>) = 10.05
2022-01-13 00:04:53,055 - font_manager.py - findfont: score(<Font 'Charter' (Charter.ttc) normal normal 400 normal>) = 10.05
2022-01-13 00:04:53,055 - font_manager.py - findfont: score(<Font 'Sana' (Sana.ttc) normal normal 400 normal>) = 10.05
2022-01-13 00:04:53,055 - font_manager.py - findfont: score(<Font 'Oriya Sangam MN' (Oriya Sangam MN.ttc) normal normal 400 normal>) = 10.05
2022-01-13 00:04:53,055 - font_manager.py - findfont: score(<Font '.Aqua Kana' (AquaKana.ttc) normal normal 300 normal>) = 10.145
2022-01-13 00:04:53,055 - font_manager.py - findfont: score(<Font 'System Font' (SFNSDisplay-ThinG1.otf) normal normal 740 normal>) = 10.373
2022-01-13 00:04:53,055 - font_manager.py - findfont: score(<Font 'Wingdings' (Wingdings.ttf) normal normal 400 normal>) = 10.05
2022-01-13 00:04:53,055 - font_manager.py - findfont: score(<Font 'Euphemia UCAS' (EuphemiaCAS.ttc) normal normal 400 normal>) = 10.05
2022-01-13 00:04:53,055 - font_manager.py - findfont: score(<Font 'Trebuchet MS' (Trebuchet MS Italic.ttf) italic normal 400 normal>) = 11.05
2022-01-13 00:04:53,055 - font_manager.py - findfont: score(<Font 'STIXVariants' (STIXVarBol.otf) normal normal 700 normal>) = 10.335
2022-01-13 00:04:53,055 - font_manager.py - findfont: score(<Font 'Khmer MN' (Khmer MN.ttc) normal normal 400 normal>) = 10.05
2022-01-13 00:04:53,055 - font_manager.py - findfont: score(<Font 'Diwan Kufi' (Diwan Kufi.ttc) normal normal 400 normal>) = 10.05
2022-01-13 00:04:53,056 - font_manager.py - findfont: score(<Font '.SF Compact Display' (SFCompactDisplay-Bold.otf) normal normal 700 normal>) = 10.335
2022-01-13 00:04:53,056 - font_manager.py - findfont: score(<Font 'Telugu MN' (Telugu MN.ttc) normal normal 400 normal>) = 10.05
2022-01-13 00:04:53,056 - font_manager.py - findfont: score(<Font 'InaiMathi' (InaiMathi-MN.ttc) normal normal 400 normal>) = 10.05
2022-01-13 00:04:53,056 - font_manager.py - findfont: score(<Font 'Hiragino Sans' (ヒラギノ角ゴシック W5.ttc) normal normal 500 normal>) = 10.145
2022-01-13 00:04:53,056 - font_manager.py - findfont: score(<Font 'AppleMyungjo' (AppleMyungjo.ttf) normal normal 400 normal>) = 10.05
2022-01-13 00:04:53,056 - font_manager.py - findfont: score(<Font 'Myanmar MN' (Myanmar MN.ttc) normal normal 400 normal>) = 10.05
2022-01-13 00:04:53,056 - font_manager.py - findfont: score(<Font '.SF NS Symbols' (SFNSSymbols-Thin.otf) normal normal 300 normal>) = 10.145
2022-01-13 00:04:53,056 - font_manager.py - findfont: score(<Font 'Kannada Sangam MN' (Kannada Sangam MN.ttc) normal normal 400 normal>) = 10.05
2022-01-13 00:04:53,056 - font_manager.py - findfont: score(<Font '.SF NS Text Condensed' (SFNSTextCondensed-Heavy.otf) normal normal 800 condensed>) = 10.629999999999999
2022-01-13 00:04:53,056 - font_manager.py - findfont: score(<Font '.SF Compact Display' (SFCompactDisplay-Regular.otf) normal normal 400 normal>) = 10.05
2022-01-13 00:04:53,056 - font_manager.py - findfont: score(<Font 'Avenir' (Avenir.ttc) normal normal 400 normal>) = 10.05
2022-01-13 00:04:53,056 - font_manager.py - findfont: score(<Font 'Snell Roundhand' (SnellRoundhand.ttc) normal normal 500 normal>) = 10.145
2022-01-13 00:04:53,056 - font_manager.py - findfont: score(<Font 'Times' (Times.ttc) normal normal 400 normal>) = 10.05
2022-01-13 00:04:53,056 - font_manager.py - findfont: score(<Font 'STIXGeneral' (STIXGeneralBol.otf) normal normal 700 normal>) = 10.335
2022-01-13 00:04:53,056 - font_manager.py - findfont: score(<Font 'AppleGothic' (AppleGothic.ttf) normal normal 400 normal>) = 10.05
2022-01-13 00:04:53,056 - font_manager.py - findfont: score(<Font 'Courier New' (Courier New Bold Italic.ttf) italic normal 700 normal>) = 11.335
2022-01-13 00:04:53,056 - font_manager.py - findfont: score(<Font 'Georgia' (Georgia Bold Italic.ttf) italic normal 700 normal>) = 11.335
2022-01-13 00:04:53,057 - font_manager.py - findfont: score(<Font '.SF Compact Display' (SFCompactDisplay-Light.otf) normal normal 300 normal>) = 10.145
2022-01-13 00:04:53,057 - font_manager.py - findfont: score(<Font '.SF NS Symbols' (SFNSSymbols-Heavy.otf) normal normal 900 normal>) = 10.525
2022-01-13 00:04:53,057 - font_manager.py - findfont: score(<Font 'Comic Sans MS' (Comic Sans MS Bold.ttf) normal normal 700 normal>) = 10.335
2022-01-13 00:04:53,057 - font_manager.py - findfont: score(<Font '.SF Compact Display' (SFCompactDisplay-Semibold.otf) normal normal 600 normal>) = 10.24
2022-01-13 00:04:53,057 - font_manager.py - findfont: score(<Font 'Mshtakan' (Mshtakan.ttc) normal normal 400 normal>) = 10.05
2022-01-13 00:04:53,057 - font_manager.py - findfont: score(<Font '.SF NS Display Condensed' (SFNSDisplayCondensed-Ultralight.otf) normal normal 400 condensed>) = 10.25
2022-01-13 00:04:53,057 - font_manager.py - findfont: score(<Font 'STIXSizeFourSym' (STIXSizFourSymReg.otf) normal normal 400 normal>) = 10.05
2022-01-13 00:04:53,057 - font_manager.py - findfont: score(<Font 'Courier New' (Courier New.ttf) normal normal 400 normal>) = 10.05
2022-01-13 00:04:53,057 - font_manager.py - findfont: score(<Font 'Microsoft Sans Serif' (Microsoft Sans Serif.ttf) normal normal 400 normal>) = 10.05
2022-01-13 00:04:53,057 - font_manager.py - findfont: score(<Font 'Apple Braille' (Apple Braille Outline 8 Dot.ttf) normal normal 400 normal>) = 10.05
2022-01-13 00:04:53,057 - font_manager.py - findfont: score(<Font 'Arial Narrow' (Arial Narrow Bold Italic.ttf) italic normal 700 condensed>) = 11.535
2022-01-13 00:04:53,057 - font_manager.py - findfont: score(<Font 'Lao Sangam MN' (Lao Sangam MN.ttf) normal normal 400 normal>) = 10.05
2022-01-13 00:04:53,057 - font_manager.py - findfont: score(<Font 'Andale Mono' (Andale Mono.ttf) normal normal 400 normal>) = 10.05
2022-01-13 00:04:53,057 - font_manager.py - findfont: score(<Font 'ITF Devanagari' (ITFDevanagari.ttc) normal normal 400 normal>) = 10.05
2022-01-13 00:04:53,057 - font_manager.py - findfont: score(<Font 'Bangla Sangam MN' (Bangla Sangam MN.ttc) normal normal 400 normal>) = 10.05
2022-01-13 00:04:53,057 - font_manager.py - findfont: score(<Font 'STIXIntegralsD' (STIXIntDBol.otf) normal normal 700 normal>) = 10.335
2022-01-13 00:04:53,058 - font_manager.py - findfont: score(<Font 'Oriya MN' (Oriya MN.ttc) normal normal 400 normal>) = 10.05
2022-01-13 00:04:53,058 - font_manager.py - findfont: score(<Font 'Waseem' (Waseem.ttc) normal normal 400 normal>) = 10.05
2022-01-13 00:04:53,058 - font_manager.py - findfont: score(<Font 'Bodoni Ornaments' (Bodoni Ornaments.ttf) normal normal 400 normal>) = 10.05
2022-01-13 00:04:53,058 - font_manager.py - findfont: score(<Font '.SF NS Text Condensed' (SFNSTextCondensed-Semibold.otf) normal normal 600 condensed>) = 10.44
2022-01-13 00:04:53,058 - font_manager.py - findfont: score(<Font '.SF NS Text Condensed' (SFNSTextCondensed-Regular.otf) normal normal 400 condensed>) = 10.25
2022-01-13 00:04:53,058 - font_manager.py - findfont: score(<Font 'STIXIntegralsUpSm' (STIXIntUpSmBol.otf) normal normal 700 normal>) = 10.335
2022-01-13 00:04:53,058 - font_manager.py - findfont: score(<Font '.SF Compact Rounded' (SFCompactRounded-Heavy.otf) normal normal 800 normal>) = 10.43
2022-01-13 00:04:53,058 - font_manager.py - findfont: score(<Font 'Myriad Pro' (Myriad-Pro_31655.ttf) normal normal 300 normal>) = 10.145
2022-01-13 00:04:53,058 - font_manager.py - findfont: score(<Font 'Verdana' (Verdana.ttf) normal normal 400 normal>) = 10.05
2022-01-13 00:04:53,058 - font_manager.py - findfont: score(<Font 'System Font' (SFNSDisplay-LightItalic.otf) italic normal 300 normal>) = 11.145
2022-01-13 00:04:53,058 - font_manager.py - findfont: score(<Font 'Al Bayan' (AlBayan.ttc) normal normal 400 normal>) = 10.05
2022-01-13 00:04:53,058 - font_manager.py - findfont: score(<Font 'Times New Roman' (Times New Roman.ttf) normal normal 400 normal>) = 10.05
2022-01-13 00:04:53,058 - font_manager.py - findfont: score(<Font '.SF Compact Rounded' (SFCompactRounded-Semibold.otf) normal normal 600 normal>) = 10.24
2022-01-13 00:04:53,058 - font_manager.py - findfont: score(<Font 'Hiragino Mincho ProN' (ヒラギノ明朝 ProN.ttc) normal normal 300 normal>) = 10.145
2022-01-13 00:04:53,058 - font_manager.py - findfont: score(<Font 'Tahoma' (Tahoma Bold.ttf) normal normal 700 normal>) = 10.335
2022-01-13 00:04:53,058 - font_manager.py - findfont: score(<Font 'Marion' (Marion.ttc) normal normal 400 normal>) = 10.05
2022-01-13 00:04:53,059 - font_manager.py - findfont: score(<Font 'Papyrus' (Papyrus.ttc) normal normal 400 condensed>) = 10.25
2022-01-13 00:04:53,059 - font_manager.py - findfont: score(<Font '.SF NS Display Condensed' (SFNSDisplayCondensed-Semibold.otf) normal normal 700 condensed>) = 10.535
2022-01-13 00:04:53,059 - font_manager.py - findfont: score(<Font 'STIXIntegralsD' (STIXIntDReg.otf) normal normal 400 normal>) = 10.05
2022-01-13 00:04:53,059 - font_manager.py - findfont: score(<Font 'STIXSizeOneSym' (STIXSizOneSymBol.otf) normal normal 700 normal>) = 10.335
2022-01-13 00:04:53,059 - font_manager.py - findfont: score(<Font 'Devanagari Sangam MN' (Devanagari Sangam MN.ttc) normal normal 400 normal>) = 10.05
2022-01-13 00:04:53,059 - font_manager.py - findfont: score(<Font 'Impact' (Impact.ttf) normal normal 400 normal>) = 10.05
2022-01-13 00:04:53,059 - font_manager.py - findfont: score(<Font 'STIXGeneral' (STIXGeneralBolIta.otf) italic normal 700 normal>) = 11.335
2022-01-13 00:04:53,059 - font_manager.py - findfont: score(<Font 'Hiragino Sans' (ヒラギノ角ゴシック W3.ttc) normal normal 300 normal>) = 10.145
2022-01-13 00:04:53,059 - font_manager.py - findfont: score(<Font 'Baghdad' (Baghdad.ttc) normal normal 400 normal>) = 10.05
2022-01-13 00:04:53,059 - font_manager.py - findfont: score(<Font 'Arial Narrow' (Arial Narrow.ttf) normal normal 400 condensed>) = 10.25
2022-01-13 00:04:53,059 - font_manager.py - findfont: score(<Font 'Myriad Pro' (Myriad-Pro_31655.ttf) normal normal 400 normal>) = 10.05
2022-01-13 00:04:53,059 - font_manager.py - findfont: score(<Font 'Georgia' (Georgia Italic.ttf) italic normal 400 normal>) = 11.05
2022-01-13 00:04:53,059 - font_manager.py - findfont: score(<Font 'Apple Braille' (Apple Braille Pinpoint 6 Dot.ttf) normal normal 400 normal>) = 10.05
2022-01-13 00:04:53,059 - font_manager.py - findfont: score(<Font 'Arial' (Arial Bold.ttf) normal normal 700 normal>) = 0.33499999999999996
2022-01-13 00:04:53,059 - font_manager.py - findfont: score(<Font '.SF Compact Display' (SFCompactDisplay-Ultralight.otf) normal normal 100 normal>) = 10.335
2022-01-13 00:04:53,059 - font_manager.py - findfont: score(<Font 'System Font' (SFNSDisplay-BlackItalic.otf) italic normal 900 normal>) = 11.525
2022-01-13 00:04:53,060 - font_manager.py - findfont: score(<Font '.SF Compact Rounded' (SFCompactRounded-Thin.otf) normal normal 200 normal>) = 10.24
2022-01-13 00:04:53,060 - font_manager.py - findfont: score(<Font 'STIXSizeFourSym' (STIXSizFourSymBol.otf) normal normal 700 normal>) = 10.335
2022-01-13 00:04:53,060 - font_manager.py - findfont: score(<Font 'Palatino' (Palatino.ttc) normal normal 400 normal>) = 10.05
2022-01-13 00:04:53,060 - font_manager.py - findfont: score(<Font 'Chalkboard' (Chalkboard.ttc) normal normal 400 normal>) = 10.05
2022-01-13 00:04:53,060 - font_manager.py - findfont: score(<Font '.SF Compact Rounded' (SFCompactRounded-Light.otf) normal normal 300 normal>) = 10.145
2022-01-13 00:04:53,060 - font_manager.py - findfont: score(<Font 'Plantagenet Cherokee' (PlantagenetCherokee.ttf) normal normal 400 normal>) = 10.05
2022-01-13 00:04:53,060 - font_manager.py - findfont: score(<Font 'Herculanum' (Herculanum.ttf) normal normal 400 normal>) = 10.05
2022-01-13 00:04:53,060 - font_manager.py - findfont: score(<Font 'Silom' (Silom.ttf) normal normal 400 normal>) = 10.05
2022-01-13 00:04:53,060 - font_manager.py - findfont: score(<Font 'Avenir Next Condensed' (Avenir Next Condensed.ttc) normal normal 700 condensed>) = 10.535
2022-01-13 00:04:53,060 - font_manager.py - findfont: score(<Font 'Devanagari MT' (DevanagariMT.ttc) normal normal 400 normal>) = 10.05
2022-01-13 00:04:53,060 - font_manager.py - findfont: score(<Font 'Malayalam MN' (Malayalam MN.ttc) normal normal 400 normal>) = 10.05
2022-01-13 00:04:53,060 - font_manager.py - findfont: score(<Font 'Mishafi' (Mishafi.ttf) normal normal 400 normal>) = 10.05
2022-01-13 00:04:53,060 - font_manager.py - findfont: score(<Font 'Al Nile' (Al Nile.ttc) normal normal 400 normal>) = 10.05
2022-01-13 00:04:53,060 - font_manager.py - findfont: score(<Font 'Apple Chancery' (Apple Chancery.ttf) normal normal 0 normal>) = 10.43
2022-01-13 00:04:53,060 - font_manager.py - findfont: score(<Font '.SF NS Symbols' (SFNSSymbols-Black.otf) normal normal 900 normal>) = 10.525
2022-01-13 00:04:53,060 - font_manager.py - findfont: score(<Font '.SF Compact Text' (SFCompactText-HeavyItalic.otf) italic normal 800 normal>) = 11.43
2022-01-13 00:04:53,061 - font_manager.py - findfont: score(<Font '.SF Compact Rounded' (SFCompactRounded-Medium.otf) normal normal 500 normal>) = 10.145
2022-01-13 00:04:53,061 - font_manager.py - findfont: score(<Font '.SF NS Display Condensed' (SFNSDisplayCondensed-Black.otf) normal normal 900 condensed>) = 10.725
2022-01-13 00:04:53,061 - font_manager.py - findfont: score(<Font '.SF NS Display Condensed' (SFNSDisplayCondensed-Bold.otf) normal normal 800 condensed>) = 10.629999999999999
2022-01-13 00:04:53,061 - font_manager.py - findfont: score(<Font '.SF NS Text Condensed' (SFNSTextCondensed-Light.otf) normal normal 300 condensed>) = 10.344999999999999
2022-01-13 00:04:53,061 - font_manager.py - findfont: score(<Font 'STIXNonUnicode' (STIXNonUniIta.otf) italic normal 400 normal>) = 11.05
2022-01-13 00:04:53,061 - font_manager.py - findfont: score(<Font 'Comic Sans MS' (Comic Sans MS.ttf) normal normal 400 normal>) = 10.05
2022-01-13 00:04:53,061 - font_manager.py - findfont: score(<Font 'Didot' (Didot.ttc) normal normal 400 normal>) = 10.05
2022-01-13 00:04:53,061 - font_manager.py - findfont: score(<Font 'Luminari' (Luminari.ttf) normal normal 400 normal>) = 10.05
2022-01-13 00:04:53,061 - font_manager.py - findfont: score(<Font '.SF NS Symbols' (SFNSSymbols-Bold.otf) normal normal 700 normal>) = 10.335
2022-01-13 00:04:53,061 - font_manager.py - findfont: score(<Font 'System Font' (SFNSDisplay-ThinG2.otf) normal normal 740 normal>) = 10.373
2022-01-13 00:04:53,061 - font_manager.py - findfont: score(<Font 'Apple Braille' (Apple Braille Outline 6 Dot.ttf) normal normal 400 normal>) = 10.05
2022-01-13 00:04:53,061 - font_manager.py - findfont: score(<Font 'Gill Sans' (GillSans.ttc) normal normal 400 normal>) = 10.05
2022-01-13 00:04:53,061 - font_manager.py - findfont: score(<Font '.SF NS Symbols' (SFNSSymbols-Semibold.otf) normal normal 600 normal>) = 10.24
2022-01-13 00:04:53,061 - font_manager.py - findfont: score(<Font 'Muna' (Muna.ttc) normal normal 400 normal>) = 10.05
2022-01-13 00:04:53,061 - font_manager.py - findfont: score(<Font 'Times New Roman' (Times New Roman Bold Italic.ttf) italic normal 700 normal>) = 11.335
2022-01-13 00:04:53,061 - font_manager.py - findfont: score(<Font 'Gujarati Sangam MN' (Gujarati Sangam MN.ttc) normal normal 400 normal>) = 10.05
2022-01-13 00:04:53,062 - font_manager.py - findfont: score(<Font 'Hiragino Sans' (ヒラギノ角ゴシック W8.ttc) normal normal 800 normal>) = 10.43
2022-01-13 00:04:53,062 - font_manager.py - findfont: score(<Font 'STIXIntegralsUpD' (STIXIntUpDBol.otf) normal normal 700 normal>) = 10.335
2022-01-13 00:04:53,062 - font_manager.py - findfont: score(<Font 'Webdings' (Webdings.ttf) normal normal 400 normal>) = 10.05
2022-01-13 00:04:53,062 - font_manager.py - findfont: score(<Font 'Futura' (Futura.ttc) normal normal 500 normal>) = 10.145
2022-01-13 00:04:53,062 - font_manager.py - findfont: score(<Font 'Iowan Old Style' (Iowan Old Style.ttc) normal normal 400 normal>) = 10.05
2022-01-13 00:04:53,062 - font_manager.py - findfont: score(<Font 'Songti SC' (Songti.ttc) normal normal 900 normal>) = 10.525
2022-01-13 00:04:53,062 - font_manager.py - findfont: score(<Font 'Helvetica Neue' (HelveticaNeue.ttc) normal normal 400 normal>) = 10.05
2022-01-13 00:04:53,062 - font_manager.py - findfont: score(<Font 'Rockwell' (Rockwell.ttc) normal normal 400 normal>) = 10.05
2022-01-13 00:04:53,062 - font_manager.py - findfont: score(<Font 'Telugu Sangam MN' (Telugu Sangam MN.ttc) normal normal 400 normal>) = 10.05
2022-01-13 00:04:53,062 - font_manager.py - findfont: score(<Font 'Verdana' (Verdana Bold Italic.ttf) italic normal 700 normal>) = 11.335
2022-01-13 00:04:53,062 - font_manager.py - findfont: score(<Font 'Apple Braille' (Apple Braille.ttf) normal normal 400 normal>) = 10.05
2022-01-13 00:04:53,062 - font_manager.py - findfont: score(<Font '.SF NS Text Condensed' (SFNSTextCondensed-Bold.otf) normal normal 700 condensed>) = 10.535
2022-01-13 00:04:53,062 - font_manager.py - findfont: score(<Font 'Sathu' (Sathu.ttf) normal normal 400 normal>) = 10.05
2022-01-13 00:04:53,062 - font_manager.py - findfont: score(<Font 'Arial Narrow' (Arial Narrow Italic.ttf) italic normal 400 condensed>) = 11.25
2022-01-13 00:04:53,062 - font_manager.py - findfont: score(<Font '.Arabic UI Display' (ArabicUIDisplay.ttc) normal normal 900 normal>) = 10.525
2022-01-13 00:04:53,062 - font_manager.py - findfont: score(<Font '.SF NS Display Condensed' (SFNSDisplayCondensed-Medium.otf) normal normal 600 condensed>) = 10.44
2022-01-13 00:04:53,063 - font_manager.py - findfont: score(<Font 'Geeza Pro' (GeezaPro.ttc) normal normal 400 normal>) = 10.05
2022-01-13 00:04:53,063 - font_manager.py - findfont: score(<Font 'Marker Felt' (MarkerFelt.ttc) normal normal 400 normal>) = 10.05
2022-01-13 00:04:53,063 - font_manager.py - findfont: score(<Font 'DecoType Naskh' (DecoTypeNaskh.ttc) normal normal 400 normal>) = 10.05
2022-01-13 00:04:53,063 - font_manager.py - findfont: score(<Font '.SF Compact Text' (SFCompactText-Heavy.otf) normal normal 800 normal>) = 10.43
2022-01-13 00:04:53,063 - font_manager.py - findfont: score(<Font 'Trebuchet MS' (Trebuchet MS Bold.ttf) normal normal 700 normal>) = 10.335
2022-01-13 00:04:53,063 - font_manager.py - findfont: score(<Font 'STIXIntegralsSm' (STIXIntSmReg.otf) normal normal 400 normal>) = 10.05
2022-01-13 00:04:53,063 - font_manager.py - findfont: score(<Font 'System Font' (SFNSDisplay-BoldItalic.otf) italic normal 700 normal>) = 11.335
2022-01-13 00:04:53,063 - font_manager.py - findfont: score(<Font 'Arial Unicode MS' (Arial Unicode.ttf) normal normal 400 normal>) = 10.05
2022-01-13 00:04:53,063 - font_manager.py - findfont: Matching sans\-serif:style=normal:variant=normal:weight=normal:stretch=normal:size=25.0 to Arial ('/Library/Fonts/Arial.ttf') with score of 0.050000.
2022-01-13 03:39:28,638 - connectionpool.py - Starting new HTTPS connection (1): pypi.org:443
