2023-01-22 02:50:13,355 - files.py - write 919 bytes to './exemplars/peptides/outputs/autokeras/regression/final_autokeras_regression_graph'
2023-01-22 02:50:13,356 - backend.py - run ['dot', '-Kdot', '-Tpdf', '-O', 'final_autokeras_regression_graph']
2023-01-22 03:01:28,570 - _base.py - top of axes not in the figure, so title not moved
2023-01-22 03:01:28,575 - _base.py - top of axes not in the figure, so title not moved
2023-01-22 03:01:40,682 - _base.py - top of axes not in the figure, so title not moved
2023-01-22 03:01:40,716 - _base.py - top of axes not in the figure, so title not moved
2023-01-22 03:01:40,745 - _base.py - top of axes not in the figure, so title not moved
2023-01-22 03:01:40,775 - _base.py - top of axes not in the figure, so title not moved
2023-01-22 03:01:40,892 - _base.py - top of axes not in the figure, so title not moved
2023-01-22 03:01:40,913 - _base.py - top of axes not in the figure, so title not moved
2023-01-22 03:01:41,010 - _base.py - top of axes not in the figure, so title not moved
2023-01-22 03:01:41,064 - _base.py - top of axes not in the figure, so title not moved
2023-01-22 03:14:14,431 - _base.py - top of axes not in the figure, so title not moved
2023-01-22 03:14:14,436 - _base.py - top of axes not in the figure, so title not moved
2023-01-22 03:14:26,379 - _base.py - top of axes not in the figure, so title not moved
2023-01-22 03:14:26,417 - _base.py - top of axes not in the figure, so title not moved
2023-01-22 03:14:26,447 - _base.py - top of axes not in the figure, so title not moved
2023-01-22 03:14:26,481 - _base.py - top of axes not in the figure, so title not moved
2023-01-22 03:14:26,607 - _base.py - top of axes not in the figure, so title not moved
2023-01-22 03:14:26,629 - _base.py - top of axes not in the figure, so title not moved
2023-01-22 03:14:26,725 - _base.py - top of axes not in the figure, so title not moved
2023-01-22 03:14:26,786 - _base.py - top of axes not in the figure, so title not moved
2023-01-22 03:25:58,558 - _base.py - top of axes not in the figure, so title not moved
2023-01-22 03:25:58,564 - _base.py - top of axes not in the figure, so title not moved
2023-01-22 03:26:10,382 - _base.py - top of axes not in the figure, so title not moved
2023-01-22 03:26:10,420 - _base.py - top of axes not in the figure, so title not moved
2023-01-22 03:26:10,449 - _base.py - top of axes not in the figure, so title not moved
2023-01-22 03:26:10,482 - _base.py - top of axes not in the figure, so title not moved
2023-01-22 03:26:10,605 - _base.py - top of axes not in the figure, so title not moved
2023-01-22 03:26:10,627 - _base.py - top of axes not in the figure, so title not moved
2023-01-22 03:26:10,717 - _base.py - top of axes not in the figure, so title not moved
2023-01-22 03:26:10,777 - _base.py - top of axes not in the figure, so title not moved
2023-01-22 03:26:11,113 - _base.py - top of axes not in the figure, so title not moved
2023-01-22 03:26:11,118 - _base.py - top of axes not in the figure, so title not moved
2023-01-22 03:26:58,619 - _base.py - top of axes not in the figure, so title not moved
2023-01-22 03:26:58,693 - _base.py - top of axes not in the figure, so title not moved
2023-01-22 03:26:58,737 - _base.py - top of axes not in the figure, so title not moved
2023-01-22 03:26:58,798 - _base.py - top of axes not in the figure, so title not moved
2023-01-22 03:26:59,007 - _base.py - top of axes not in the figure, so title not moved
2023-01-22 03:26:59,043 - _base.py - top of axes not in the figure, so title not moved
2023-01-22 03:26:59,248 - _base.py - top of axes not in the figure, so title not moved
2023-01-22 03:26:59,343 - _base.py - top of axes not in the figure, so title not moved
2023-01-22 03:38:09,055 - _base.py - top of axes not in the figure, so title not moved
2023-01-22 03:38:09,061 - _base.py - top of axes not in the figure, so title not moved
2023-01-22 03:38:20,839 - _base.py - top of axes not in the figure, so title not moved
2023-01-22 03:38:20,862 - _base.py - top of axes not in the figure, so title not moved
2023-01-22 03:38:20,889 - _base.py - top of axes not in the figure, so title not moved
2023-01-22 03:38:20,910 - _base.py - top of axes not in the figure, so title not moved
2023-01-22 03:38:21,000 - _base.py - top of axes not in the figure, so title not moved
2023-01-22 03:38:21,015 - _base.py - top of axes not in the figure, so title not moved
2023-01-22 03:38:21,101 - _base.py - top of axes not in the figure, so title not moved
2023-01-22 03:38:21,137 - _base.py - top of axes not in the figure, so title not moved
2023-01-22 03:49:25,385 - _base.py - top of axes not in the figure, so title not moved
2023-01-22 03:49:25,390 - _base.py - top of axes not in the figure, so title not moved
2023-01-22 03:49:36,824 - _base.py - top of axes not in the figure, so title not moved
2023-01-22 03:49:36,858 - _base.py - top of axes not in the figure, so title not moved
2023-01-22 03:49:36,885 - _base.py - top of axes not in the figure, so title not moved
2023-01-22 03:49:36,914 - _base.py - top of axes not in the figure, so title not moved
2023-01-22 03:49:37,023 - _base.py - top of axes not in the figure, so title not moved
2023-01-22 03:49:37,042 - _base.py - top of axes not in the figure, so title not moved
2023-01-22 03:49:37,131 - _base.py - top of axes not in the figure, so title not moved
2023-01-22 03:49:37,183 - _base.py - top of axes not in the figure, so title not moved
2023-01-22 04:00:55,744 - _base.py - top of axes not in the figure, so title not moved
2023-01-22 04:00:55,749 - _base.py - top of axes not in the figure, so title not moved
2023-01-22 04:01:07,721 - _base.py - top of axes not in the figure, so title not moved
2023-01-22 04:01:07,744 - _base.py - top of axes not in the figure, so title not moved
2023-01-22 04:01:07,774 - _base.py - top of axes not in the figure, so title not moved
2023-01-22 04:01:07,795 - _base.py - top of axes not in the figure, so title not moved
2023-01-22 04:01:07,890 - _base.py - top of axes not in the figure, so title not moved
2023-01-22 04:01:07,905 - _base.py - top of axes not in the figure, so title not moved
2023-01-22 04:01:07,998 - _base.py - top of axes not in the figure, so title not moved
2023-01-22 04:01:08,035 - _base.py - top of axes not in the figure, so title not moved
2023-01-22 04:01:08,392 - _base.py - top of axes not in the figure, so title not moved
2023-01-22 04:01:08,397 - _base.py - top of axes not in the figure, so title not moved
2023-01-22 04:01:52,597 - _base.py - top of axes not in the figure, so title not moved
2023-01-22 04:01:52,654 - _base.py - top of axes not in the figure, so title not moved
2023-01-22 04:01:52,699 - _base.py - top of axes not in the figure, so title not moved
2023-01-22 04:01:52,745 - _base.py - top of axes not in the figure, so title not moved
2023-01-22 04:01:52,925 - _base.py - top of axes not in the figure, so title not moved
2023-01-22 04:01:52,958 - _base.py - top of axes not in the figure, so title not moved
2023-01-22 04:01:53,164 - _base.py - top of axes not in the figure, so title not moved
2023-01-22 04:01:53,238 - _base.py - top of axes not in the figure, so title not moved
2023-01-22 04:31:38,409 - _base.py - top of axes not in the figure, so title not moved
2023-01-22 04:31:38,445 - _base.py - top of axes not in the figure, so title not moved
2023-01-22 04:31:38,475 - _base.py - top of axes not in the figure, so title not moved
2023-01-22 04:31:38,504 - _base.py - top of axes not in the figure, so title not moved
2023-01-22 04:31:38,616 - _base.py - top of axes not in the figure, so title not moved
2023-01-22 04:31:38,635 - _base.py - top of axes not in the figure, so title not moved
2023-01-22 04:31:38,721 - _base.py - top of axes not in the figure, so title not moved
2023-01-22 04:31:38,773 - _base.py - top of axes not in the figure, so title not moved
2023-01-22 04:31:39,120 - _base.py - top of axes not in the figure, so title not moved
2023-01-22 04:31:39,159 - _base.py - top of axes not in the figure, so title not moved
2023-01-22 04:31:39,189 - _base.py - top of axes not in the figure, so title not moved
2023-01-22 04:31:39,220 - _base.py - top of axes not in the figure, so title not moved
2023-01-22 04:31:39,338 - _base.py - top of axes not in the figure, so title not moved
2023-01-22 04:31:39,359 - _base.py - top of axes not in the figure, so title not moved
2023-01-22 04:31:39,450 - _base.py - top of axes not in the figure, so title not moved
2023-01-22 04:31:39,508 - _base.py - top of axes not in the figure, so title not moved
2023-01-22 04:31:39,863 - _base.py - top of axes not in the figure, so title not moved
2023-01-22 04:31:39,903 - _base.py - top of axes not in the figure, so title not moved
2023-01-22 04:31:39,933 - _base.py - top of axes not in the figure, so title not moved
2023-01-22 04:31:39,965 - _base.py - top of axes not in the figure, so title not moved
2023-01-22 04:31:40,090 - _base.py - top of axes not in the figure, so title not moved
2023-01-22 04:31:40,112 - _base.py - top of axes not in the figure, so title not moved
2023-01-22 04:31:40,200 - _base.py - top of axes not in the figure, so title not moved
2023-01-22 04:31:40,262 - _base.py - top of axes not in the figure, so title not moved
2023-01-22 04:31:40,600 - _base.py - top of axes not in the figure, so title not moved
2023-01-22 04:31:40,654 - _base.py - top of axes not in the figure, so title not moved
2023-01-22 04:31:40,688 - _base.py - top of axes not in the figure, so title not moved
2023-01-22 04:31:40,733 - _base.py - top of axes not in the figure, so title not moved
2023-01-22 04:31:40,903 - _base.py - top of axes not in the figure, so title not moved
2023-01-22 04:31:40,933 - _base.py - top of axes not in the figure, so title not moved
2023-01-22 04:31:41,108 - _base.py - top of axes not in the figure, so title not moved
2023-01-22 04:31:41,193 - _base.py - top of axes not in the figure, so title not moved
2023-01-22 04:31:41,572 - _base.py - top of axes not in the figure, so title not moved
2023-01-22 04:31:41,597 - _base.py - top of axes not in the figure, so title not moved
2023-01-22 04:31:41,626 - _base.py - top of axes not in the figure, so title not moved
2023-01-22 04:31:41,646 - _base.py - top of axes not in the figure, so title not moved
2023-01-22 04:31:41,738 - _base.py - top of axes not in the figure, so title not moved
2023-01-22 04:31:41,752 - _base.py - top of axes not in the figure, so title not moved
2023-01-22 04:31:41,839 - _base.py - top of axes not in the figure, so title not moved
2023-01-22 04:31:41,876 - _base.py - top of axes not in the figure, so title not moved
2023-01-22 04:31:42,249 - _base.py - top of axes not in the figure, so title not moved
2023-01-22 04:31:42,282 - _base.py - top of axes not in the figure, so title not moved
2023-01-22 04:31:42,311 - _base.py - top of axes not in the figure, so title not moved
2023-01-22 04:31:42,338 - _base.py - top of axes not in the figure, so title not moved
2023-01-22 04:31:42,447 - _base.py - top of axes not in the figure, so title not moved
2023-01-22 04:31:42,466 - _base.py - top of axes not in the figure, so title not moved
2023-01-22 04:31:42,560 - _base.py - top of axes not in the figure, so title not moved
2023-01-22 04:31:42,612 - _base.py - top of axes not in the figure, so title not moved
2023-01-22 04:31:42,963 - _base.py - top of axes not in the figure, so title not moved
2023-01-22 04:31:42,986 - _base.py - top of axes not in the figure, so title not moved
2023-01-22 04:31:43,016 - _base.py - top of axes not in the figure, so title not moved
2023-01-22 04:31:43,036 - _base.py - top of axes not in the figure, so title not moved
2023-01-22 04:31:43,128 - _base.py - top of axes not in the figure, so title not moved
2023-01-22 04:31:43,142 - _base.py - top of axes not in the figure, so title not moved
2023-01-22 04:31:43,226 - _base.py - top of axes not in the figure, so title not moved
2023-01-22 04:31:43,261 - _base.py - top of axes not in the figure, so title not moved
2023-01-22 04:31:43,626 - _base.py - top of axes not in the figure, so title not moved
2023-01-22 04:31:43,668 - _base.py - top of axes not in the figure, so title not moved
2023-01-22 04:31:43,702 - _base.py - top of axes not in the figure, so title not moved
2023-01-22 04:31:43,736 - _base.py - top of axes not in the figure, so title not moved
2023-01-22 04:31:43,876 - _base.py - top of axes not in the figure, so title not moved
2023-01-22 04:31:43,899 - _base.py - top of axes not in the figure, so title not moved
2023-01-22 04:31:44,072 - _base.py - top of axes not in the figure, so title not moved
2023-01-22 04:31:44,137 - _base.py - top of axes not in the figure, so title not moved
2023-01-22 04:32:17,373 - connectionpool.py - Starting new HTTPS connection (1): pypi.org:443
2023-01-22 04:32:17,494 - connectionpool.py - https://pypi.org:443 "GET /pypi/tpot/json HTTP/1.1" 200 12517
2023-01-22 05:41:37,793 - _base.py - top of axes not in the figure, so title not moved
2023-01-22 05:41:37,800 - _base.py - top of axes not in the figure, so title not moved
2023-01-22 05:41:49,366 - _base.py - top of axes not in the figure, so title not moved
2023-01-22 05:41:49,391 - _base.py - top of axes not in the figure, so title not moved
2023-01-22 05:41:49,419 - _base.py - top of axes not in the figure, so title not moved
2023-01-22 05:41:49,441 - _base.py - top of axes not in the figure, so title not moved
2023-01-22 05:41:49,536 - _base.py - top of axes not in the figure, so title not moved
2023-01-22 05:41:49,551 - _base.py - top of axes not in the figure, so title not moved
2023-01-22 05:41:49,643 - _base.py - top of axes not in the figure, so title not moved
2023-01-22 05:41:49,682 - _base.py - top of axes not in the figure, so title not moved
2023-01-22 05:42:00,631 - _base.py - top of axes not in the figure, so title not moved
2023-01-22 05:42:00,636 - _base.py - top of axes not in the figure, so title not moved
2023-01-22 05:42:12,314 - _base.py - top of axes not in the figure, so title not moved
2023-01-22 05:42:12,348 - _base.py - top of axes not in the figure, so title not moved
2023-01-22 05:42:12,377 - _base.py - top of axes not in the figure, so title not moved
2023-01-22 05:42:12,400 - _base.py - top of axes not in the figure, so title not moved
2023-01-22 05:42:12,497 - _base.py - top of axes not in the figure, so title not moved
2023-01-22 05:42:12,513 - _base.py - top of axes not in the figure, so title not moved
2023-01-22 05:42:12,601 - _base.py - top of axes not in the figure, so title not moved
2023-01-22 05:42:12,642 - _base.py - top of axes not in the figure, so title not moved
2023-01-22 05:42:23,464 - _base.py - top of axes not in the figure, so title not moved
2023-01-22 05:42:23,469 - _base.py - top of axes not in the figure, so title not moved
2023-01-22 05:42:35,118 - _base.py - top of axes not in the figure, so title not moved
2023-01-22 05:42:35,143 - _base.py - top of axes not in the figure, so title not moved
2023-01-22 05:42:35,172 - _base.py - top of axes not in the figure, so title not moved
2023-01-22 05:42:35,195 - _base.py - top of axes not in the figure, so title not moved
2023-01-22 05:42:35,292 - _base.py - top of axes not in the figure, so title not moved
2023-01-22 05:42:35,308 - _base.py - top of axes not in the figure, so title not moved
2023-01-22 05:42:35,395 - _base.py - top of axes not in the figure, so title not moved
2023-01-22 05:42:35,435 - _base.py - top of axes not in the figure, so title not moved
2023-01-22 05:42:35,764 - _base.py - top of axes not in the figure, so title not moved
2023-01-22 05:42:35,769 - _base.py - top of axes not in the figure, so title not moved
2023-01-22 05:43:20,826 - _base.py - top of axes not in the figure, so title not moved
2023-01-22 05:43:20,874 - _base.py - top of axes not in the figure, so title not moved
2023-01-22 05:43:20,922 - _base.py - top of axes not in the figure, so title not moved
2023-01-22 05:43:20,964 - _base.py - top of axes not in the figure, so title not moved
2023-01-22 05:43:21,138 - _base.py - top of axes not in the figure, so title not moved
2023-01-22 05:43:21,164 - _base.py - top of axes not in the figure, so title not moved
2023-01-22 05:43:21,386 - _base.py - top of axes not in the figure, so title not moved
2023-01-22 05:43:21,454 - _base.py - top of axes not in the figure, so title not moved
2023-01-22 05:43:35,940 - _base.py - top of axes not in the figure, so title not moved
2023-01-22 05:43:35,945 - _base.py - top of axes not in the figure, so title not moved
2023-01-22 05:43:47,665 - _base.py - top of axes not in the figure, so title not moved
2023-01-22 05:43:47,679 - _base.py - top of axes not in the figure, so title not moved
2023-01-22 05:43:47,706 - _base.py - top of axes not in the figure, so title not moved
2023-01-22 05:43:47,718 - _base.py - top of axes not in the figure, so title not moved
2023-01-22 05:43:47,787 - _base.py - top of axes not in the figure, so title not moved
2023-01-22 05:43:47,797 - _base.py - top of axes not in the figure, so title not moved
2023-01-22 05:43:47,883 - _base.py - top of axes not in the figure, so title not moved
2023-01-22 05:43:47,905 - _base.py - top of axes not in the figure, so title not moved
2023-01-22 05:44:02,151 - _base.py - top of axes not in the figure, so title not moved
2023-01-22 05:44:02,156 - _base.py - top of axes not in the figure, so title not moved
2023-01-22 05:44:14,188 - _base.py - top of axes not in the figure, so title not moved
2023-01-22 05:44:14,203 - _base.py - top of axes not in the figure, so title not moved
2023-01-22 05:44:14,233 - _base.py - top of axes not in the figure, so title not moved
2023-01-22 05:44:14,247 - _base.py - top of axes not in the figure, so title not moved
2023-01-22 05:44:14,324 - _base.py - top of axes not in the figure, so title not moved
2023-01-22 05:44:14,334 - _base.py - top of axes not in the figure, so title not moved
2023-01-22 05:44:14,424 - _base.py - top of axes not in the figure, so title not moved
2023-01-22 05:44:14,449 - _base.py - top of axes not in the figure, so title not moved
2023-01-22 05:44:28,114 - _base.py - top of axes not in the figure, so title not moved
2023-01-22 05:44:28,119 - _base.py - top of axes not in the figure, so title not moved
2023-01-22 05:44:40,030 - _base.py - top of axes not in the figure, so title not moved
2023-01-22 05:44:40,046 - _base.py - top of axes not in the figure, so title not moved
2023-01-22 05:44:40,077 - _base.py - top of axes not in the figure, so title not moved
2023-01-22 05:44:40,091 - _base.py - top of axes not in the figure, so title not moved
2023-01-22 05:44:40,169 - _base.py - top of axes not in the figure, so title not moved
2023-01-22 05:44:40,179 - _base.py - top of axes not in the figure, so title not moved
2023-01-22 05:44:40,270 - _base.py - top of axes not in the figure, so title not moved
2023-01-22 05:44:40,294 - _base.py - top of axes not in the figure, so title not moved
2023-01-22 05:44:40,704 - _base.py - top of axes not in the figure, so title not moved
2023-01-22 05:44:40,710 - _base.py - top of axes not in the figure, so title not moved
2023-01-22 05:45:29,118 - _base.py - top of axes not in the figure, so title not moved
2023-01-22 05:45:29,145 - _base.py - top of axes not in the figure, so title not moved
2023-01-22 05:45:29,192 - _base.py - top of axes not in the figure, so title not moved
2023-01-22 05:45:29,214 - _base.py - top of axes not in the figure, so title not moved
2023-01-22 05:45:29,336 - _base.py - top of axes not in the figure, so title not moved
2023-01-22 05:45:29,351 - _base.py - top of axes not in the figure, so title not moved
2023-01-22 05:45:29,560 - _base.py - top of axes not in the figure, so title not moved
2023-01-22 05:45:29,597 - _base.py - top of axes not in the figure, so title not moved
2023-01-22 06:01:42,192 - _base.py - top of axes not in the figure, so title not moved
2023-01-22 06:01:42,218 - _base.py - top of axes not in the figure, so title not moved
2023-01-22 06:01:42,247 - _base.py - top of axes not in the figure, so title not moved
2023-01-22 06:01:42,268 - _base.py - top of axes not in the figure, so title not moved
2023-01-22 06:01:42,360 - _base.py - top of axes not in the figure, so title not moved
2023-01-22 06:01:42,375 - _base.py - top of axes not in the figure, so title not moved
2023-01-22 06:01:42,461 - _base.py - top of axes not in the figure, so title not moved
2023-01-22 06:01:42,500 - _base.py - top of axes not in the figure, so title not moved
2023-01-22 06:01:42,861 - _base.py - top of axes not in the figure, so title not moved
2023-01-22 06:01:42,887 - _base.py - top of axes not in the figure, so title not moved
2023-01-22 06:01:42,916 - _base.py - top of axes not in the figure, so title not moved
2023-01-22 06:01:42,937 - _base.py - top of axes not in the figure, so title not moved
2023-01-22 06:01:43,033 - _base.py - top of axes not in the figure, so title not moved
2023-01-22 06:01:43,049 - _base.py - top of axes not in the figure, so title not moved
2023-01-22 06:01:43,134 - _base.py - top of axes not in the figure, so title not moved
2023-01-22 06:01:43,174 - _base.py - top of axes not in the figure, so title not moved
2023-01-22 06:01:43,517 - _base.py - top of axes not in the figure, so title not moved
2023-01-22 06:01:43,542 - _base.py - top of axes not in the figure, so title not moved
2023-01-22 06:01:43,573 - _base.py - top of axes not in the figure, so title not moved
2023-01-22 06:01:43,595 - _base.py - top of axes not in the figure, so title not moved
2023-01-22 06:01:43,691 - _base.py - top of axes not in the figure, so title not moved
2023-01-22 06:01:43,707 - _base.py - top of axes not in the figure, so title not moved
2023-01-22 06:01:43,792 - _base.py - top of axes not in the figure, so title not moved
2023-01-22 06:01:43,832 - _base.py - top of axes not in the figure, so title not moved
2023-01-22 06:01:44,173 - _base.py - top of axes not in the figure, so title not moved
2023-01-22 06:01:44,208 - _base.py - top of axes not in the figure, so title not moved
2023-01-22 06:01:44,242 - _base.py - top of axes not in the figure, so title not moved
2023-01-22 06:01:44,270 - _base.py - top of axes not in the figure, so title not moved
2023-01-22 06:01:44,398 - _base.py - top of axes not in the figure, so title not moved
2023-01-22 06:01:44,418 - _base.py - top of axes not in the figure, so title not moved
2023-01-22 06:01:44,588 - _base.py - top of axes not in the figure, so title not moved
2023-01-22 06:01:44,643 - _base.py - top of axes not in the figure, so title not moved
2023-01-22 06:01:45,017 - _base.py - top of axes not in the figure, so title not moved
2023-01-22 06:01:45,031 - _base.py - top of axes not in the figure, so title not moved
2023-01-22 06:01:45,058 - _base.py - top of axes not in the figure, so title not moved
2023-01-22 06:01:45,070 - _base.py - top of axes not in the figure, so title not moved
2023-01-22 06:01:45,138 - _base.py - top of axes not in the figure, so title not moved
2023-01-22 06:01:45,147 - _base.py - top of axes not in the figure, so title not moved
2023-01-22 06:01:45,229 - _base.py - top of axes not in the figure, so title not moved
2023-01-22 06:01:45,251 - _base.py - top of axes not in the figure, so title not moved
2023-01-22 06:01:45,632 - _base.py - top of axes not in the figure, so title not moved
2023-01-22 06:01:45,647 - _base.py - top of axes not in the figure, so title not moved
2023-01-22 06:01:45,676 - _base.py - top of axes not in the figure, so title not moved
2023-01-22 06:01:45,689 - _base.py - top of axes not in the figure, so title not moved
2023-01-22 06:01:45,764 - _base.py - top of axes not in the figure, so title not moved
2023-01-22 06:01:45,774 - _base.py - top of axes not in the figure, so title not moved
2023-01-22 06:01:45,858 - _base.py - top of axes not in the figure, so title not moved
2023-01-22 06:01:45,882 - _base.py - top of axes not in the figure, so title not moved
2023-01-22 06:01:46,261 - _base.py - top of axes not in the figure, so title not moved
2023-01-22 06:01:46,276 - _base.py - top of axes not in the figure, so title not moved
2023-01-22 06:01:46,305 - _base.py - top of axes not in the figure, so title not moved
2023-01-22 06:01:46,317 - _base.py - top of axes not in the figure, so title not moved
2023-01-22 06:01:46,391 - _base.py - top of axes not in the figure, so title not moved
2023-01-22 06:01:46,400 - _base.py - top of axes not in the figure, so title not moved
2023-01-22 06:01:46,483 - _base.py - top of axes not in the figure, so title not moved
2023-01-22 06:01:46,506 - _base.py - top of axes not in the figure, so title not moved
2023-01-22 06:01:46,883 - _base.py - top of axes not in the figure, so title not moved
2023-01-22 06:01:46,903 - _base.py - top of axes not in the figure, so title not moved
2023-01-22 06:01:46,938 - _base.py - top of axes not in the figure, so title not moved
2023-01-22 06:01:46,956 - _base.py - top of axes not in the figure, so title not moved
2023-01-22 06:01:47,054 - _base.py - top of axes not in the figure, so title not moved
2023-01-22 06:01:47,067 - _base.py - top of axes not in the figure, so title not moved
2023-01-22 06:01:47,241 - _base.py - top of axes not in the figure, so title not moved
2023-01-22 06:01:47,273 - _base.py - top of axes not in the figure, so title not moved
