2022-03-15 00:33:18,606 - files.py - write 911 bytes to './final_exemplars/rbs_fullset/outputs/autokeras/regression/final_autokeras_regression_graph'
2022-03-15 00:33:18,607 - backend.py - run ['dot', '-Kdot', '-Tpdf', '-O', 'final_autokeras_regression_graph']
2022-03-15 00:33:19,273 - files.py - write 4424 bytes to './final_exemplars/rbs_fullset/outputs/autokeras/regression/final_autokeras_regression_graph'
2022-03-15 00:33:19,273 - backend.py - run ['dot', '-Kdot', '-Tpdf', '-O', 'final_autokeras_regression_graph']
2022-03-15 00:49:50,386 - _base.py - top of axes not in the figure, so title not moved
2022-03-15 00:49:50,391 - _base.py - top of axes not in the figure, so title not moved
2022-03-15 00:49:58,642 - _base.py - top of axes not in the figure, so title not moved
2022-03-15 00:49:58,649 - _base.py - top of axes not in the figure, so title not moved
2022-03-15 00:49:58,671 - _base.py - top of axes not in the figure, so title not moved
2022-03-15 00:49:58,678 - _base.py - top of axes not in the figure, so title not moved
2022-03-15 00:49:58,719 - _base.py - top of axes not in the figure, so title not moved
2022-03-15 00:49:58,725 - _base.py - top of axes not in the figure, so title not moved
2022-03-15 00:49:58,795 - _base.py - top of axes not in the figure, so title not moved
2022-03-15 00:49:58,806 - _base.py - top of axes not in the figure, so title not moved
2022-03-15 01:03:47,027 - _base.py - top of axes not in the figure, so title not moved
2022-03-15 01:03:47,032 - _base.py - top of axes not in the figure, so title not moved
2022-03-15 01:03:55,331 - _base.py - top of axes not in the figure, so title not moved
2022-03-15 01:03:55,338 - _base.py - top of axes not in the figure, so title not moved
2022-03-15 01:03:55,360 - _base.py - top of axes not in the figure, so title not moved
2022-03-15 01:03:55,367 - _base.py - top of axes not in the figure, so title not moved
2022-03-15 01:03:55,408 - _base.py - top of axes not in the figure, so title not moved
2022-03-15 01:03:55,414 - _base.py - top of axes not in the figure, so title not moved
2022-03-15 01:03:55,484 - _base.py - top of axes not in the figure, so title not moved
2022-03-15 01:03:55,494 - _base.py - top of axes not in the figure, so title not moved
2022-03-15 01:19:19,352 - _base.py - top of axes not in the figure, so title not moved
2022-03-15 01:19:19,357 - _base.py - top of axes not in the figure, so title not moved
2022-03-15 01:19:27,670 - _base.py - top of axes not in the figure, so title not moved
2022-03-15 01:19:27,678 - _base.py - top of axes not in the figure, so title not moved
2022-03-15 01:19:27,701 - _base.py - top of axes not in the figure, so title not moved
2022-03-15 01:19:27,708 - _base.py - top of axes not in the figure, so title not moved
2022-03-15 01:19:27,750 - _base.py - top of axes not in the figure, so title not moved
2022-03-15 01:19:27,757 - _base.py - top of axes not in the figure, so title not moved
2022-03-15 01:19:27,827 - _base.py - top of axes not in the figure, so title not moved
2022-03-15 01:19:27,839 - _base.py - top of axes not in the figure, so title not moved
2022-03-15 01:19:28,165 - _base.py - top of axes not in the figure, so title not moved
2022-03-15 01:19:28,170 - _base.py - top of axes not in the figure, so title not moved
2022-03-15 01:19:53,117 - _base.py - top of axes not in the figure, so title not moved
2022-03-15 01:19:53,126 - _base.py - top of axes not in the figure, so title not moved
2022-03-15 01:19:53,150 - _base.py - top of axes not in the figure, so title not moved
2022-03-15 01:19:53,158 - _base.py - top of axes not in the figure, so title not moved
2022-03-15 01:19:53,205 - _base.py - top of axes not in the figure, so title not moved
2022-03-15 01:19:53,212 - _base.py - top of axes not in the figure, so title not moved
2022-03-15 01:19:53,342 - _base.py - top of axes not in the figure, so title not moved
2022-03-15 01:19:53,355 - _base.py - top of axes not in the figure, so title not moved
2022-03-15 01:25:28,344 - _base.py - top of axes not in the figure, so title not moved
2022-03-15 01:25:28,349 - _base.py - top of axes not in the figure, so title not moved
2022-03-15 01:25:36,325 - _base.py - top of axes not in the figure, so title not moved
2022-03-15 01:25:36,336 - _base.py - top of axes not in the figure, so title not moved
2022-03-15 01:25:36,358 - _base.py - top of axes not in the figure, so title not moved
2022-03-15 01:25:36,367 - _base.py - top of axes not in the figure, so title not moved
2022-03-15 01:25:36,414 - _base.py - top of axes not in the figure, so title not moved
2022-03-15 01:25:36,422 - _base.py - top of axes not in the figure, so title not moved
2022-03-15 01:25:36,492 - _base.py - top of axes not in the figure, so title not moved
2022-03-15 01:25:36,508 - _base.py - top of axes not in the figure, so title not moved
2022-03-15 01:31:16,549 - _base.py - top of axes not in the figure, so title not moved
2022-03-15 01:31:16,554 - _base.py - top of axes not in the figure, so title not moved
2022-03-15 01:31:24,516 - _base.py - top of axes not in the figure, so title not moved
2022-03-15 01:31:24,527 - _base.py - top of axes not in the figure, so title not moved
2022-03-15 01:31:24,549 - _base.py - top of axes not in the figure, so title not moved
2022-03-15 01:31:24,559 - _base.py - top of axes not in the figure, so title not moved
2022-03-15 01:31:24,606 - _base.py - top of axes not in the figure, so title not moved
2022-03-15 01:31:24,613 - _base.py - top of axes not in the figure, so title not moved
2022-03-15 01:31:24,685 - _base.py - top of axes not in the figure, so title not moved
2022-03-15 01:31:24,701 - _base.py - top of axes not in the figure, so title not moved
2022-03-15 01:37:10,667 - _base.py - top of axes not in the figure, so title not moved
2022-03-15 01:37:10,673 - _base.py - top of axes not in the figure, so title not moved
2022-03-15 01:37:18,607 - _base.py - top of axes not in the figure, so title not moved
2022-03-15 01:37:18,620 - _base.py - top of axes not in the figure, so title not moved
2022-03-15 01:37:18,643 - _base.py - top of axes not in the figure, so title not moved
2022-03-15 01:37:18,653 - _base.py - top of axes not in the figure, so title not moved
2022-03-15 01:37:18,701 - _base.py - top of axes not in the figure, so title not moved
2022-03-15 01:37:18,709 - _base.py - top of axes not in the figure, so title not moved
2022-03-15 01:37:18,780 - _base.py - top of axes not in the figure, so title not moved
2022-03-15 01:37:18,796 - _base.py - top of axes not in the figure, so title not moved
2022-03-15 01:37:19,147 - _base.py - top of axes not in the figure, so title not moved
2022-03-15 01:37:19,152 - _base.py - top of axes not in the figure, so title not moved
2022-03-15 01:37:43,310 - _base.py - top of axes not in the figure, so title not moved
2022-03-15 01:37:43,324 - _base.py - top of axes not in the figure, so title not moved
2022-03-15 01:37:43,348 - _base.py - top of axes not in the figure, so title not moved
2022-03-15 01:37:43,360 - _base.py - top of axes not in the figure, so title not moved
2022-03-15 01:37:43,417 - _base.py - top of axes not in the figure, so title not moved
2022-03-15 01:37:43,426 - _base.py - top of axes not in the figure, so title not moved
2022-03-15 01:37:43,558 - _base.py - top of axes not in the figure, so title not moved
2022-03-15 01:37:43,579 - _base.py - top of axes not in the figure, so title not moved
2022-03-15 02:04:13,813 - _base.py - top of axes not in the figure, so title not moved
2022-03-15 02:04:13,828 - _base.py - top of axes not in the figure, so title not moved
2022-03-15 02:04:13,854 - _base.py - top of axes not in the figure, so title not moved
2022-03-15 02:04:13,861 - _base.py - top of axes not in the figure, so title not moved
2022-03-15 02:04:13,903 - _base.py - top of axes not in the figure, so title not moved
2022-03-15 02:04:13,909 - _base.py - top of axes not in the figure, so title not moved
2022-03-15 02:04:13,980 - _base.py - top of axes not in the figure, so title not moved
2022-03-15 02:04:13,991 - _base.py - top of axes not in the figure, so title not moved
2022-03-15 02:04:14,365 - _base.py - top of axes not in the figure, so title not moved
2022-03-15 02:04:14,374 - _base.py - top of axes not in the figure, so title not moved
2022-03-15 02:04:14,397 - _base.py - top of axes not in the figure, so title not moved
2022-03-15 02:04:14,405 - _base.py - top of axes not in the figure, so title not moved
2022-03-15 02:04:14,447 - _base.py - top of axes not in the figure, so title not moved
2022-03-15 02:04:14,453 - _base.py - top of axes not in the figure, so title not moved
2022-03-15 02:04:14,522 - _base.py - top of axes not in the figure, so title not moved
2022-03-15 02:04:14,532 - _base.py - top of axes not in the figure, so title not moved
2022-03-15 02:04:14,893 - _base.py - top of axes not in the figure, so title not moved
2022-03-15 02:04:14,901 - _base.py - top of axes not in the figure, so title not moved
2022-03-15 02:04:14,925 - _base.py - top of axes not in the figure, so title not moved
2022-03-15 02:04:14,932 - _base.py - top of axes not in the figure, so title not moved
2022-03-15 02:04:14,974 - _base.py - top of axes not in the figure, so title not moved
2022-03-15 02:04:14,981 - _base.py - top of axes not in the figure, so title not moved
2022-03-15 02:04:15,050 - _base.py - top of axes not in the figure, so title not moved
2022-03-15 02:04:15,061 - _base.py - top of axes not in the figure, so title not moved
2022-03-15 02:04:15,427 - _base.py - top of axes not in the figure, so title not moved
2022-03-15 02:04:15,437 - _base.py - top of axes not in the figure, so title not moved
2022-03-15 02:04:15,462 - _base.py - top of axes not in the figure, so title not moved
2022-03-15 02:04:15,470 - _base.py - top of axes not in the figure, so title not moved
2022-03-15 02:04:15,520 - _base.py - top of axes not in the figure, so title not moved
2022-03-15 02:04:15,527 - _base.py - top of axes not in the figure, so title not moved
2022-03-15 02:04:15,660 - _base.py - top of axes not in the figure, so title not moved
2022-03-15 02:04:15,673 - _base.py - top of axes not in the figure, so title not moved
2022-03-15 02:04:16,084 - _base.py - top of axes not in the figure, so title not moved
2022-03-15 02:04:16,095 - _base.py - top of axes not in the figure, so title not moved
2022-03-15 02:04:16,119 - _base.py - top of axes not in the figure, so title not moved
2022-03-15 02:04:16,128 - _base.py - top of axes not in the figure, so title not moved
2022-03-15 02:04:16,177 - _base.py - top of axes not in the figure, so title not moved
2022-03-15 02:04:16,184 - _base.py - top of axes not in the figure, so title not moved
2022-03-15 02:04:16,253 - _base.py - top of axes not in the figure, so title not moved
2022-03-15 02:04:16,269 - _base.py - top of axes not in the figure, so title not moved
2022-03-15 02:04:16,662 - _base.py - top of axes not in the figure, so title not moved
2022-03-15 02:04:16,674 - _base.py - top of axes not in the figure, so title not moved
2022-03-15 02:04:16,697 - _base.py - top of axes not in the figure, so title not moved
2022-03-15 02:04:16,707 - _base.py - top of axes not in the figure, so title not moved
2022-03-15 02:04:16,756 - _base.py - top of axes not in the figure, so title not moved
2022-03-15 02:04:16,764 - _base.py - top of axes not in the figure, so title not moved
2022-03-15 02:04:16,835 - _base.py - top of axes not in the figure, so title not moved
2022-03-15 02:04:16,851 - _base.py - top of axes not in the figure, so title not moved
2022-03-15 02:04:17,240 - _base.py - top of axes not in the figure, so title not moved
2022-03-15 02:04:17,251 - _base.py - top of axes not in the figure, so title not moved
2022-03-15 02:04:17,274 - _base.py - top of axes not in the figure, so title not moved
2022-03-15 02:04:17,284 - _base.py - top of axes not in the figure, so title not moved
2022-03-15 02:04:17,332 - _base.py - top of axes not in the figure, so title not moved
2022-03-15 02:04:17,340 - _base.py - top of axes not in the figure, so title not moved
2022-03-15 02:04:17,410 - _base.py - top of axes not in the figure, so title not moved
2022-03-15 02:04:17,426 - _base.py - top of axes not in the figure, so title not moved
2022-03-15 02:04:17,822 - _base.py - top of axes not in the figure, so title not moved
2022-03-15 02:04:17,837 - _base.py - top of axes not in the figure, so title not moved
2022-03-15 02:04:17,862 - _base.py - top of axes not in the figure, so title not moved
2022-03-15 02:04:17,874 - _base.py - top of axes not in the figure, so title not moved
2022-03-15 02:04:17,933 - _base.py - top of axes not in the figure, so title not moved
2022-03-15 02:04:17,942 - _base.py - top of axes not in the figure, so title not moved
2022-03-15 02:04:18,073 - _base.py - top of axes not in the figure, so title not moved
2022-03-15 02:04:18,095 - _base.py - top of axes not in the figure, so title not moved
2022-03-15 02:04:42,082 - connectionpool.py - Starting new HTTPS connection (1): pypi.org:443
2022-03-15 02:04:42,231 - connectionpool.py - https://pypi.org:443 "GET /pypi/tpot/json HTTP/1.1" 301 212
2022-03-15 02:04:42,276 - connectionpool.py - https://pypi.org:443 "GET /pypi/TPOT/json HTTP/1.1" 200 11943
2022-03-15 03:14:11,833 - _base.py - top of axes not in the figure, so title not moved
2022-03-15 03:14:11,840 - _base.py - top of axes not in the figure, so title not moved
2022-03-15 03:14:20,177 - _base.py - top of axes not in the figure, so title not moved
2022-03-15 03:14:20,191 - _base.py - top of axes not in the figure, so title not moved
2022-03-15 03:14:20,214 - _base.py - top of axes not in the figure, so title not moved
2022-03-15 03:14:20,222 - _base.py - top of axes not in the figure, so title not moved
2022-03-15 03:14:20,263 - _base.py - top of axes not in the figure, so title not moved
2022-03-15 03:14:20,269 - _base.py - top of axes not in the figure, so title not moved
2022-03-15 03:14:20,342 - _base.py - top of axes not in the figure, so title not moved
2022-03-15 03:14:20,352 - _base.py - top of axes not in the figure, so title not moved
2022-03-15 03:14:44,597 - _base.py - top of axes not in the figure, so title not moved
2022-03-15 03:14:44,602 - _base.py - top of axes not in the figure, so title not moved
2022-03-15 03:14:52,836 - _base.py - top of axes not in the figure, so title not moved
2022-03-15 03:14:52,844 - _base.py - top of axes not in the figure, so title not moved
2022-03-15 03:14:52,867 - _base.py - top of axes not in the figure, so title not moved
2022-03-15 03:14:52,874 - _base.py - top of axes not in the figure, so title not moved
2022-03-15 03:14:52,916 - _base.py - top of axes not in the figure, so title not moved
2022-03-15 03:14:52,922 - _base.py - top of axes not in the figure, so title not moved
2022-03-15 03:14:52,994 - _base.py - top of axes not in the figure, so title not moved
2022-03-15 03:14:53,005 - _base.py - top of axes not in the figure, so title not moved
2022-03-15 03:15:17,444 - _base.py - top of axes not in the figure, so title not moved
2022-03-15 03:15:17,449 - _base.py - top of axes not in the figure, so title not moved
2022-03-15 03:15:25,804 - _base.py - top of axes not in the figure, so title not moved
2022-03-15 03:15:25,812 - _base.py - top of axes not in the figure, so title not moved
2022-03-15 03:15:25,835 - _base.py - top of axes not in the figure, so title not moved
2022-03-15 03:15:25,842 - _base.py - top of axes not in the figure, so title not moved
2022-03-15 03:15:25,886 - _base.py - top of axes not in the figure, so title not moved
2022-03-15 03:15:25,892 - _base.py - top of axes not in the figure, so title not moved
2022-03-15 03:15:25,964 - _base.py - top of axes not in the figure, so title not moved
2022-03-15 03:15:25,974 - _base.py - top of axes not in the figure, so title not moved
2022-03-15 03:15:26,302 - _base.py - top of axes not in the figure, so title not moved
2022-03-15 03:15:26,307 - _base.py - top of axes not in the figure, so title not moved
2022-03-15 03:15:51,096 - _base.py - top of axes not in the figure, so title not moved
2022-03-15 03:15:51,107 - _base.py - top of axes not in the figure, so title not moved
2022-03-15 03:15:51,131 - _base.py - top of axes not in the figure, so title not moved
2022-03-15 03:15:51,140 - _base.py - top of axes not in the figure, so title not moved
2022-03-15 03:15:51,187 - _base.py - top of axes not in the figure, so title not moved
2022-03-15 03:15:51,194 - _base.py - top of axes not in the figure, so title not moved
2022-03-15 03:15:51,325 - _base.py - top of axes not in the figure, so title not moved
2022-03-15 03:15:51,337 - _base.py - top of axes not in the figure, so title not moved
2022-03-15 03:16:18,515 - _base.py - top of axes not in the figure, so title not moved
2022-03-15 03:16:18,520 - _base.py - top of axes not in the figure, so title not moved
2022-03-15 03:16:26,488 - _base.py - top of axes not in the figure, so title not moved
2022-03-15 03:16:26,497 - _base.py - top of axes not in the figure, so title not moved
2022-03-15 03:16:26,520 - _base.py - top of axes not in the figure, so title not moved
2022-03-15 03:16:26,528 - _base.py - top of axes not in the figure, so title not moved
2022-03-15 03:16:26,571 - _base.py - top of axes not in the figure, so title not moved
2022-03-15 03:16:26,578 - _base.py - top of axes not in the figure, so title not moved
2022-03-15 03:16:26,649 - _base.py - top of axes not in the figure, so title not moved
2022-03-15 03:16:26,662 - _base.py - top of axes not in the figure, so title not moved
2022-03-15 03:16:53,271 - _base.py - top of axes not in the figure, so title not moved
2022-03-15 03:16:53,276 - _base.py - top of axes not in the figure, so title not moved
2022-03-15 03:17:01,122 - _base.py - top of axes not in the figure, so title not moved
2022-03-15 03:17:01,130 - _base.py - top of axes not in the figure, so title not moved
2022-03-15 03:17:01,152 - _base.py - top of axes not in the figure, so title not moved
2022-03-15 03:17:01,160 - _base.py - top of axes not in the figure, so title not moved
2022-03-15 03:17:01,203 - _base.py - top of axes not in the figure, so title not moved
2022-03-15 03:17:01,209 - _base.py - top of axes not in the figure, so title not moved
2022-03-15 03:17:01,279 - _base.py - top of axes not in the figure, so title not moved
2022-03-15 03:17:01,292 - _base.py - top of axes not in the figure, so title not moved
2022-03-15 03:17:27,768 - _base.py - top of axes not in the figure, so title not moved
2022-03-15 03:17:27,774 - _base.py - top of axes not in the figure, so title not moved
2022-03-15 03:17:35,652 - _base.py - top of axes not in the figure, so title not moved
2022-03-15 03:17:35,661 - _base.py - top of axes not in the figure, so title not moved
2022-03-15 03:17:35,684 - _base.py - top of axes not in the figure, so title not moved
2022-03-15 03:17:35,692 - _base.py - top of axes not in the figure, so title not moved
2022-03-15 03:17:35,735 - _base.py - top of axes not in the figure, so title not moved
2022-03-15 03:17:35,742 - _base.py - top of axes not in the figure, so title not moved
2022-03-15 03:17:35,813 - _base.py - top of axes not in the figure, so title not moved
2022-03-15 03:17:35,826 - _base.py - top of axes not in the figure, so title not moved
2022-03-15 03:17:36,194 - _base.py - top of axes not in the figure, so title not moved
2022-03-15 03:17:36,200 - _base.py - top of axes not in the figure, so title not moved
2022-03-15 03:17:59,143 - _base.py - top of axes not in the figure, so title not moved
2022-03-15 03:17:59,153 - _base.py - top of axes not in the figure, so title not moved
2022-03-15 03:17:59,176 - _base.py - top of axes not in the figure, so title not moved
2022-03-15 03:17:59,186 - _base.py - top of axes not in the figure, so title not moved
2022-03-15 03:17:59,236 - _base.py - top of axes not in the figure, so title not moved
2022-03-15 03:17:59,243 - _base.py - top of axes not in the figure, so title not moved
2022-03-15 03:17:59,375 - _base.py - top of axes not in the figure, so title not moved
2022-03-15 03:17:59,390 - _base.py - top of axes not in the figure, so title not moved
2022-03-15 03:27:54,648 - _base.py - top of axes not in the figure, so title not moved
2022-03-15 03:27:54,656 - _base.py - top of axes not in the figure, so title not moved
2022-03-15 03:27:54,679 - _base.py - top of axes not in the figure, so title not moved
2022-03-15 03:27:54,686 - _base.py - top of axes not in the figure, so title not moved
2022-03-15 03:27:54,728 - _base.py - top of axes not in the figure, so title not moved
2022-03-15 03:27:54,734 - _base.py - top of axes not in the figure, so title not moved
2022-03-15 03:27:54,812 - _base.py - top of axes not in the figure, so title not moved
2022-03-15 03:27:54,823 - _base.py - top of axes not in the figure, so title not moved
2022-03-15 03:27:55,176 - _base.py - top of axes not in the figure, so title not moved
2022-03-15 03:27:55,184 - _base.py - top of axes not in the figure, so title not moved
2022-03-15 03:27:55,207 - _base.py - top of axes not in the figure, so title not moved
2022-03-15 03:27:55,214 - _base.py - top of axes not in the figure, so title not moved
2022-03-15 03:27:55,255 - _base.py - top of axes not in the figure, so title not moved
2022-03-15 03:27:55,261 - _base.py - top of axes not in the figure, so title not moved
2022-03-15 03:27:55,331 - _base.py - top of axes not in the figure, so title not moved
2022-03-15 03:27:55,341 - _base.py - top of axes not in the figure, so title not moved
2022-03-15 03:27:55,691 - _base.py - top of axes not in the figure, so title not moved
2022-03-15 03:27:55,699 - _base.py - top of axes not in the figure, so title not moved
2022-03-15 03:27:55,722 - _base.py - top of axes not in the figure, so title not moved
2022-03-15 03:27:55,730 - _base.py - top of axes not in the figure, so title not moved
2022-03-15 03:27:55,772 - _base.py - top of axes not in the figure, so title not moved
2022-03-15 03:27:55,779 - _base.py - top of axes not in the figure, so title not moved
2022-03-15 03:27:55,846 - _base.py - top of axes not in the figure, so title not moved
2022-03-15 03:27:55,857 - _base.py - top of axes not in the figure, so title not moved
2022-03-15 03:27:56,205 - _base.py - top of axes not in the figure, so title not moved
2022-03-15 03:27:56,214 - _base.py - top of axes not in the figure, so title not moved
2022-03-15 03:27:56,237 - _base.py - top of axes not in the figure, so title not moved
2022-03-15 03:27:56,245 - _base.py - top of axes not in the figure, so title not moved
2022-03-15 03:27:56,292 - _base.py - top of axes not in the figure, so title not moved
2022-03-15 03:27:56,299 - _base.py - top of axes not in the figure, so title not moved
2022-03-15 03:27:56,429 - _base.py - top of axes not in the figure, so title not moved
2022-03-15 03:27:56,442 - _base.py - top of axes not in the figure, so title not moved
2022-03-15 03:27:56,846 - _base.py - top of axes not in the figure, so title not moved
2022-03-15 03:27:56,855 - _base.py - top of axes not in the figure, so title not moved
2022-03-15 03:27:56,879 - _base.py - top of axes not in the figure, so title not moved
2022-03-15 03:27:56,887 - _base.py - top of axes not in the figure, so title not moved
2022-03-15 03:27:56,931 - _base.py - top of axes not in the figure, so title not moved
2022-03-15 03:27:56,938 - _base.py - top of axes not in the figure, so title not moved
2022-03-15 03:27:57,011 - _base.py - top of axes not in the figure, so title not moved
2022-03-15 03:27:57,023 - _base.py - top of axes not in the figure, so title not moved
2022-03-15 03:27:57,419 - _base.py - top of axes not in the figure, so title not moved
2022-03-15 03:27:57,428 - _base.py - top of axes not in the figure, so title not moved
2022-03-15 03:27:57,450 - _base.py - top of axes not in the figure, so title not moved
2022-03-15 03:27:57,458 - _base.py - top of axes not in the figure, so title not moved
2022-03-15 03:27:57,500 - _base.py - top of axes not in the figure, so title not moved
2022-03-15 03:27:57,507 - _base.py - top of axes not in the figure, so title not moved
2022-03-15 03:27:57,580 - _base.py - top of axes not in the figure, so title not moved
2022-03-15 03:27:57,593 - _base.py - top of axes not in the figure, so title not moved
2022-03-15 03:27:57,994 - _base.py - top of axes not in the figure, so title not moved
2022-03-15 03:27:58,002 - _base.py - top of axes not in the figure, so title not moved
2022-03-15 03:27:58,026 - _base.py - top of axes not in the figure, so title not moved
2022-03-15 03:27:58,034 - _base.py - top of axes not in the figure, so title not moved
2022-03-15 03:27:58,076 - _base.py - top of axes not in the figure, so title not moved
2022-03-15 03:27:58,083 - _base.py - top of axes not in the figure, so title not moved
2022-03-15 03:27:58,154 - _base.py - top of axes not in the figure, so title not moved
2022-03-15 03:27:58,167 - _base.py - top of axes not in the figure, so title not moved
2022-03-15 03:27:58,564 - _base.py - top of axes not in the figure, so title not moved
2022-03-15 03:27:58,574 - _base.py - top of axes not in the figure, so title not moved
2022-03-15 03:27:58,598 - _base.py - top of axes not in the figure, so title not moved
2022-03-15 03:27:58,607 - _base.py - top of axes not in the figure, so title not moved
2022-03-15 03:27:58,657 - _base.py - top of axes not in the figure, so title not moved
2022-03-15 03:27:58,665 - _base.py - top of axes not in the figure, so title not moved
2022-03-15 03:27:58,796 - _base.py - top of axes not in the figure, so title not moved
2022-03-15 03:27:58,811 - _base.py - top of axes not in the figure, so title not moved
